[100%] Testing the TCP sender...
Test project /home/cs144/sponge/build
      Start  1: t_wrapping_ints_cmp
 1/33 Test  #1: t_wrapping_ints_cmp ..............   Passed    0.00 sec
      Start  2: t_wrapping_ints_unwrap
 2/33 Test  #2: t_wrapping_ints_unwrap ...........   Passed    0.00 sec
      Start  3: t_wrapping_ints_wrap
 3/33 Test  #3: t_wrapping_ints_wrap .............   Passed    0.00 sec
      Start  4: t_wrapping_ints_roundtrip
 4/33 Test  #4: t_wrapping_ints_roundtrip ........   Passed    0.24 sec
      Start  5: t_recv_connect
 5/33 Test  #5: t_recv_connect ...................   Passed    0.00 sec
      Start  6: t_recv_transmit
 6/33 Test  #6: t_recv_transmit ..................   Passed    0.08 sec
      Start  7: t_recv_window
 7/33 Test  #7: t_recv_window ....................   Passed    0.00 sec
      Start  8: t_recv_reorder
 8/33 Test  #8: t_recv_reorder ...................   Passed    0.00 sec
      Start  9: t_recv_close
 9/33 Test  #9: t_recv_close .....................   Passed    0.00 sec
      Start 10: t_recv_special
10/33 Test #10: t_recv_special ...................   Passed    0.00 sec
      Start 11: t_send_connect
11/33 Test #11: t_send_connect ...................   Passed    0.00 sec
      Start 12: t_send_transmit
12/33 Test #12: t_send_transmit ..................***Failed    0.09 sec
TWO 1
COS 0
ONE 2
ONE 4
ONE 8
TWO 1
COS 0
ONE 6
COS 0
ONE 9
COS 0
ONE 1
COS 0
ONE 1
COS 0
ONE 6
COS 0
ONE 7
COS 0
ONE 9
COS 0
ONE 5
COS 0
ONE 4
COS 0
ONE 10
COS 0
ONE 9
COS 0
ONE 9
COS 0
ONE 1
COS 0
ONE 6
COS 0
ONE 4
COS 0
ONE 9
COS 0
ONE 1
COS 0
ONE 8
COS 0
ONE 10
COS 0
ONE 7
COS 0
ONE 8
COS 0
ONE 10
COS 0
ONE 2
COS 0
ONE 3
COS 0
ONE 6
COS 0
ONE 2
COS 0
ONE 10
COS 0
ONE 2
COS 0
ONE 5
COS 0
ONE 6
COS 0
ONE 6
COS 0
ONE 8
COS 0
ONE 5
COS 0
ONE 2
COS 0
ONE 2
COS 0
ONE 4
COS 0
ONE 7
COS 0
ONE 8
COS 0
ONE 4
COS 0
ONE 9
COS 0
ONE 6
COS 0
ONE 3
COS 0
ONE 3
COS 0
ONE 9
COS 0
ONE 8
COS 0
ONE 6
COS 0
ONE 3
COS 0
ONE 10
COS 0
ONE 1
COS 0
ONE 2
COS 0
ONE 8
COS 0
ONE 6
COS 0
ONE 5
COS 0
ONE 4
COS 0
ONE 3
COS 0
ONE 10
COS 0
ONE 1
COS 0
ONE 6
COS 0
ONE 6
COS 0
ONE 4
COS 0
ONE 9
COS 0
ONE 4
COS 0
ONE 5
COS 0
ONE 7
COS 0
ONE 2
COS 0
ONE 5
COS 0
ONE 6
COS 0
ONE 1
COS 0
ONE 6
COS 0
ONE 3
COS 0
ONE 8
COS 0
ONE 5
COS 0
ONE 3
COS 0
ONE 9
COS 0
ONE 2
COS 0
ONE 9
COS 0
ONE 7
COS 0
ONE 7
COS 0
ONE 5
COS 0
ONE 4
COS 0
ONE 7
COS 0
ONE 6
COS 0
ONE 4
COS 0
ONE 3
COS 0
ONE 2
COS 0
ONE 9
COS 0
ONE 7
COS 0
ONE 3
COS 0
ONE 4
COS 0
ONE 5
COS 0
ONE 4
COS 0
ONE 5
COS 0
ONE 6
COS 0
ONE 2
COS 0
ONE 1
COS 0
ONE 4
COS 0
ONE 3
COS 0
ONE 2
COS 0
ONE 4
COS 0
ONE 8
COS 0
ONE 6
COS 0
ONE 4
COS 0
ONE 5
COS 0
ONE 2
COS 0
ONE 8
COS 0
ONE 10
COS 0
ONE 7
COS 0
ONE 1
COS 0
ONE 10
COS 0
ONE 8
COS 0
ONE 3
COS 0
ONE 1
COS 0
ONE 2
COS 0
ONE 3
COS 0
ONE 5
COS 0
ONE 6
COS 0
ONE 7
COS 0
ONE 7
COS 0
ONE 1
COS 0
ONE 5
COS 0
ONE 2
COS 0
ONE 6
COS 0
ONE 4
COS 0
ONE 10
COS 0
ONE 1
COS 0
ONE 8
COS 0
ONE 5
COS 0
ONE 5
COS 0
ONE 3
COS 0
ONE 6
COS 0
ONE 10
COS 0
ONE 4
COS 0
ONE 9
COS 0
ONE 6
COS 0
ONE 9
COS 0
ONE 3
COS 0
ONE 4
COS 0
ONE 4
COS 0
ONE 9
COS 0
ONE 5
COS 0
ONE 3
COS 0
ONE 1
COS 0
ONE 10
COS 0
ONE 8
COS 0
ONE 4
COS 0
ONE 2
COS 0
ONE 5
COS 0
ONE 10
COS 0
ONE 9
COS 0
ONE 8
COS 0
ONE 10
COS 0
ONE 5
COS 0
ONE 10
COS 0
ONE 1
COS 0
ONE 5
COS 0
ONE 10
COS 0
ONE 5
COS 0
ONE 3
COS 0
ONE 8
COS 0
ONE 3
COS 0
ONE 6
COS 0
ONE 5
COS 0
ONE 6
COS 0
ONE 6
COS 0
ONE 9
COS 0
ONE 2
COS 0
ONE 1
COS 0
ONE 6
COS 0
ONE 7
COS 0
ONE 9
COS 0
ONE 3
COS 0
ONE 7
COS 0
ONE 2
COS 0
ONE 3
COS 0
ONE 9
COS 0
ONE 8
COS 0
ONE 3
COS 0
ONE 7
COS 0
ONE 1
COS 0
ONE 6
COS 0
ONE 5
COS 0
ONE 7
COS 0
ONE 6
COS 0
ONE 6
COS 0
ONE 6
COS 0
ONE 7
COS 0
ONE 1
COS 0
ONE 7
COS 0
ONE 2
COS 0
ONE 5
COS 0
ONE 8
COS 0
ONE 10
COS 0
ONE 7
COS 0
ONE 3
COS 0
ONE 7
COS 0
ONE 10
COS 0
ONE 9
COS 0
ONE 7
COS 0
ONE 1
COS 0
ONE 7
COS 0
ONE 4
COS 0
ONE 1
COS 0
ONE 6
COS 0
ONE 9
COS 0
ONE 3
COS 0
ONE 10
COS 0
ONE 4
COS 0
ONE 10
COS 0
ONE 1
COS 0
ONE 2
COS 0
ONE 9
COS 0
ONE 2
COS 0
ONE 1
COS 0
ONE 3
COS 0
ONE 10
COS 0
ONE 9
COS 0
ONE 6
COS 0
ONE 8
COS 0
ONE 8
COS 0
ONE 2
COS 0
ONE 5
COS 0
ONE 4
COS 0
ONE 4
COS 0
ONE 6
COS 0
ONE 8
COS 0
ONE 4
COS 0
ONE 2
COS 0
ONE 10
COS 0
ONE 1
COS 0
ONE 2
COS 0
ONE 10
COS 0
ONE 9
COS 0
ONE 10
COS 0
ONE 3
COS 0
ONE 2
COS 0
ONE 8
COS 0
ONE 8
COS 0
ONE 8
COS 0
ONE 4
COS 0
ONE 6
COS 0
ONE 9
COS 0
ONE 8
COS 0
ONE 6
COS 0
ONE 10
COS 0
ONE 7
COS 0
ONE 1
COS 0
ONE 4
COS 0
ONE 7
COS 0
ONE 9
COS 0
ONE 2
COS 0
ONE 9
COS 0
ONE 8
COS 0
ONE 9
COS 0
ONE 4
COS 0
ONE 9
COS 0
ONE 3
COS 0
ONE 1
COS 0
ONE 2
COS 0
ONE 10
COS 0
ONE 6
COS 0
ONE 7
COS 0
ONE 8
COS 0
ONE 10
COS 0
ONE 1
COS 0
ONE 1
COS 0
ONE 3
COS 0
ONE 4
COS 0
ONE 3
COS 0
ONE 7
COS 0
ONE 5
COS 0
ONE 3
COS 0
ONE 7
COS 0
ONE 5
COS 0
ONE 10
COS 0
ONE 8
COS 0
ONE 5
COS 0
ONE 9
COS 0
ONE 10
COS 0
ONE 4
COS 0
ONE 5
COS 0
ONE 10
COS 0
ONE 8
COS 0
ONE 8
COS 0
ONE 6
COS 0
ONE 7
COS 0
ONE 2
COS 0
ONE 6
COS 0
ONE 3
COS 0
ONE 3
COS 0
ONE 3
COS 0
ONE 10
COS 0
ONE 4
COS 0
ONE 1
COS 0
ONE 7
COS 0
ONE 5
COS 0
ONE 1
COS 0
ONE 7
COS 0
ONE 5
COS 0
ONE 2
COS 0
ONE 2
COS 0
ONE 2
COS 0
ONE 1
COS 0
ONE 9
COS 0
ONE 9
COS 0
ONE 6
COS 0
ONE 6
COS 0
ONE 7
COS 0
ONE 1
COS 0
ONE 8
COS 0
ONE 4
COS 0
ONE 2
COS 0
ONE 10
COS 0
ONE 2
COS 0
ONE 6
COS 0
ONE 2
COS 0
ONE 9
COS 0
ONE 8
COS 0
ONE 2
COS 0
ONE 6
COS 0
ONE 6
COS 0
ONE 5
COS 0
ONE 5
COS 0
ONE 3
COS 0
ONE 6
COS 0
ONE 10
COS 0
ONE 1
COS 0
ONE 3
COS 0
ONE 8
COS 0
ONE 6
COS 0
ONE 9
COS 0
ONE 1
COS 0
ONE 5
COS 0
ONE 6
COS 0
ONE 8
COS 0
ONE 5
COS 0
ONE 9
COS 0
ONE 7
COS 0
ONE 3
COS 0
ONE 1
COS 0
ONE 1
COS 0
ONE 3
COS 0
ONE 2
COS 0
ONE 10
COS 0
ONE 1
COS 0
ONE 2
COS 0
ONE 4
COS 0
ONE 10
COS 0
ONE 5
COS 0
ONE 2
COS 0
ONE 5
COS 0
ONE 10
COS 0
ONE 4
COS 0
ONE 6
COS 0
ONE 8
COS 0
ONE 3
COS 0
ONE 1
COS 0
ONE 5
COS 0
ONE 8
COS 0
ONE 1
COS 0
ONE 6
COS 0
ONE 1
COS 0
ONE 6
COS 0
ONE 8
COS 0
ONE 3
COS 0
ONE 2
COS 0
ONE 8
COS 0
ONE 7
COS 0
ONE 1
COS 0
ONE 3
COS 0
ONE 9
COS 0
ONE 5
COS 0
ONE 1
COS 0
ONE 7
COS 0
ONE 5
COS 0
ONE 8
COS 0
ONE 10
COS 0
ONE 5
COS 0
ONE 10
COS 0
ONE 1
COS 0
ONE 2
COS 0
ONE 7
COS 0
ONE 3
COS 0
ONE 3
COS 0
ONE 7
COS 0
ONE 1
COS 0
ONE 8
COS 0
ONE 1
COS 0
ONE 4
COS 0
ONE 3
COS 0
ONE 4
COS 0
ONE 1
COS 0
ONE 1
COS 0
ONE 5
COS 0
ONE 8
COS 0
ONE 5
COS 0
ONE 9
COS 0
ONE 3
COS 0
ONE 4
COS 0
ONE 9
COS 0
ONE 8
COS 0
ONE 4
COS 0
ONE 2
COS 0
ONE 7
COS 0
ONE 6
COS 0
ONE 6
COS 0
ONE 1
COS 0
ONE 2
COS 0
ONE 7
COS 0
ONE 10
COS 0
ONE 3
COS 0
ONE 5
COS 0
ONE 7
COS 0
ONE 8
COS 0
ONE 8
COS 0
ONE 3
COS 0
ONE 6
COS 0
ONE 10
COS 0
ONE 10
COS 0
ONE 8
COS 0
ONE 4
COS 0
ONE 8
COS 0
ONE 7
COS 0
ONE 2
COS 0
ONE 10
COS 0
ONE 4
COS 0
ONE 5
COS 0
ONE 9
COS 0
ONE 7
COS 0
ONE 6
COS 0
ONE 8
COS 0
ONE 9
COS 0
ONE 5
COS 0
ONE 2
COS 0
ONE 7
COS 0
ONE 4
COS 0
ONE 2
COS 0
ONE 8
COS 0
ONE 4
COS 0
ONE 5
COS 0
ONE 8
COS 0
ONE 6
COS 0
ONE 4
COS 0
ONE 9
COS 0
ONE 7
COS 0
ONE 1
COS 0
ONE 7
COS 0
ONE 10
COS 0
ONE 10
COS 0
ONE 1
COS 0
ONE 10
COS 0
ONE 2
COS 0
ONE 2
COS 0
ONE 3
COS 0
ONE 6
COS 0
ONE 2
COS 0
ONE 3
COS 0
ONE 2
COS 0
ONE 7
COS 0
ONE 1
COS 0
ONE 6
COS 0
ONE 10
COS 0
ONE 1
COS 0
ONE 4
COS 0
ONE 9
COS 0
ONE 6
COS 0
ONE 10
COS 0
ONE 6
COS 0
ONE 5
COS 0
ONE 1
COS 0
ONE 8
COS 0
ONE 3
COS 0
ONE 9
COS 0
ONE 1
COS 0
ONE 10
COS 0
ONE 7
COS 0
ONE 9
COS 0
ONE 1
COS 0
ONE 2
COS 0
ONE 8
COS 0
ONE 10
COS 0
ONE 4
COS 0
ONE 4
COS 0
ONE 3
COS 0
ONE 7
COS 0
ONE 9
COS 0
ONE 7
COS 0
ONE 10
COS 0
ONE 10
COS 0
ONE 1
COS 0
ONE 4
COS 0
ONE 7
COS 0
ONE 9
COS 0
ONE 9
COS 0
ONE 4
COS 0
ONE 9
COS 0
ONE 6
COS 0
ONE 5
COS 0
ONE 1
COS 0
ONE 2
COS 0
ONE 2
COS 0
ONE 8
COS 0
ONE 4
COS 0
ONE 4
COS 0
ONE 4
COS 0
ONE 3
COS 0
ONE 8
COS 0
ONE 6
COS 0
ONE 1
COS 0
ONE 6
COS 0
ONE 3
COS 0
ONE 1
COS 0
ONE 3
COS 0
ONE 4
COS 0
ONE 8
COS 0
ONE 9
COS 0
ONE 10
COS 0
ONE 7
COS 0
ONE 6
COS 0
ONE 6
COS 0
ONE 2
COS 0
ONE 4
COS 0
ONE 7
COS 0
ONE 3
COS 0
ONE 3
COS 0
ONE 6
COS 0
ONE 9
COS 0
ONE 2
COS 0
ONE 7
COS 0
ONE 1
COS 0
ONE 1
COS 0
ONE 1
COS 0
ONE 1
COS 0
ONE 2
COS 0
ONE 7
COS 0
ONE 8
COS 0
ONE 5
COS 0
ONE 6
COS 0
ONE 2
COS 0
ONE 3
COS 0
ONE 10
COS 0
ONE 7
COS 0
ONE 3
COS 0
ONE 2
COS 0
ONE 2
COS 0
ONE 8
COS 0
ONE 7
COS 0
ONE 1
COS 0
ONE 3
COS 0
ONE 6
COS 0
ONE 1
COS 0
ONE 2
COS 0
ONE 7
COS 0
ONE 2
COS 0
ONE 2
COS 0
ONE 10
COS 0
ONE 8
COS 0
ONE 2
COS 0
ONE 2
COS 0
ONE 5
COS 0
ONE 4
COS 0
ONE 1
COS 0
ONE 10
COS 0
ONE 8
COS 0
ONE 1
COS 0
ONE 6
COS 0
ONE 8
COS 0
ONE 3
COS 0
ONE 3
COS 0
ONE 3
COS 0
ONE 6
COS 0
ONE 7
COS 0
ONE 8
COS 0
ONE 10
COS 0
ONE 2
COS 0
ONE 10
COS 0
ONE 2
COS 0
ONE 3
COS 0
ONE 2
COS 0
ONE 9
COS 0
ONE 10
COS 0
ONE 9
COS 0
ONE 3
COS 0
ONE 2
COS 0
ONE 8
COS 0
ONE 2
COS 0
ONE 5
COS 0
ONE 5
COS 0
ONE 6
COS 0
ONE 6
COS 0
ONE 10
COS 0
ONE 1
COS 0
ONE 6
COS 0
ONE 5
COS 0
ONE 9
COS 0
ONE 5
COS 0
ONE 5
COS 0
ONE 10
COS 0
ONE 5
COS 0
ONE 8
COS 0
ONE 8
COS 0
ONE 8
COS 0
ONE 4
COS 0
ONE 6
COS 0
ONE 4
COS 0
ONE 2
COS 0
ONE 4
COS 0
ONE 6
COS 0
ONE 10
COS 0
ONE 7
COS 0
ONE 8
COS 0
ONE 8
COS 0
ONE 5
COS 0
ONE 7
COS 0
ONE 6
COS 0
ONE 3
COS 0
ONE 8
COS 0
ONE 5
COS 0
ONE 2
COS 0
ONE 9
COS 0
ONE 10
COS 0
ONE 9
COS 0
ONE 5
COS 0
ONE 9
COS 0
ONE 5
COS 0
ONE 4
COS 0
ONE 9
COS 0
ONE 6
COS 0
ONE 3
COS 0
ONE 1
COS 0
ONE 2
COS 0
ONE 2
COS 0
ONE 8
COS 0
ONE 9
COS 0
ONE 2
COS 0
ONE 10
COS 0
ONE 5
COS 0
ONE 9
COS 0
ONE 8
COS 0
ONE 3
COS 0
ONE 4
COS 0
ONE 2
COS 0
ONE 8
COS 0
ONE 2
COS 0
ONE 2
COS 0
ONE 6
COS 0
ONE 3
COS 0
ONE 1
COS 0
ONE 7
COS 0
ONE 7
COS 0
ONE 1
COS 0
ONE 7
COS 0
ONE 6
COS 0
ONE 10
COS 0
ONE 10
COS 0
ONE 3
COS 0
ONE 3
COS 0
ONE 7
COS 0
ONE 2
COS 0
ONE 6
COS 0
ONE 10
COS 0
ONE 10
COS 0
ONE 9
COS 0
ONE 8
COS 0
ONE 4
COS 0
ONE 10
COS 0
ONE 5
COS 0
ONE 5
COS 0
ONE 7
COS 0
ONE 8
COS 0
ONE 3
COS 0
ONE 6
COS 0
ONE 7
COS 0
ONE 2
COS 0
ONE 6
COS 0
ONE 6
COS 0
ONE 8
COS 0
ONE 6
COS 0
ONE 10
COS 0
ONE 9
COS 0
ONE 10
COS 0
ONE 10
COS 0
ONE 10
COS 0
ONE 7
COS 0
ONE 7
COS 0
ONE 6
COS 0
ONE 3
COS 0
ONE 10
COS 0
ONE 7
COS 0
ONE 10
COS 0
ONE 6
COS 0
ONE 8
COS 0
ONE 1
COS 0
ONE 7
COS 0
ONE 6
COS 0
ONE 1
COS 0
ONE 4
COS 0
ONE 1
COS 0
ONE 7
COS 0
ONE 5
COS 0
ONE 3
COS 0
ONE 10
COS 0
ONE 4
COS 0
ONE 6
COS 0
ONE 4
COS 0
ONE 1
COS 0
ONE 2
COS 0
ONE 2
COS 0
ONE 3
COS 0
ONE 9
COS 0
ONE 10
COS 0
ONE 8
COS 0
ONE 4
COS 0
ONE 1
COS 0
ONE 2
COS 0
ONE 4
COS 0
ONE 8
COS 0
ONE 9
COS 0
ONE 9
COS 0
ONE 4
COS 0
ONE 8
COS 0
ONE 3
COS 0
ONE 1
COS 0
ONE 10
COS 0
ONE 4
COS 0
ONE 3
COS 0
ONE 3
COS 0
ONE 1
COS 0
ONE 10
COS 0
ONE 2
COS 0
ONE 4
COS 0
ONE 1
COS 0
ONE 10
COS 0
ONE 3
COS 0
ONE 7
COS 0
ONE 3
COS 0
ONE 4
COS 0
ONE 8
COS 0
ONE 10
COS 0
ONE 6
COS 0
ONE 7
COS 0
ONE 8
COS 0
ONE 1
COS 0
ONE 9
COS 0
ONE 2
COS 0
ONE 5
COS 0
ONE 9
COS 0
ONE 1
COS 0
ONE 9
COS 0
ONE 8
COS 0
ONE 2
COS 0
ONE 6
COS 0
ONE 1
COS 0
ONE 9
COS 0
ONE 8
COS 0
ONE 3
COS 0
ONE 6
COS 0
ONE 2
COS 0
ONE 8
COS 0
ONE 10
COS 0
ONE 10
COS 0
ONE 10
COS 0
ONE 9
COS 0
ONE 4
COS 0
ONE 2
COS 0
ONE 4
COS 0
ONE 4
COS 0
ONE 10
COS 0
ONE 2
COS 0
ONE 4
COS 0
ONE 1
COS 0
ONE 8
COS 0
ONE 6
COS 0
ONE 1
COS 0
ONE 7
COS 0
ONE 10
COS 0
ONE 2
COS 0
ONE 2
COS 0
ONE 6
COS 0
ONE 8
COS 0
ONE 5
COS 0
ONE 4
COS 0
ONE 4
COS 0
ONE 5
COS 0
ONE 3
COS 0
ONE 4
COS 0
ONE 7
COS 0
ONE 3
COS 0
ONE 8
COS 0
ONE 8
COS 0
ONE 4
COS 0
ONE 6
COS 0
ONE 3
COS 0
ONE 6
COS 0
ONE 8
COS 0
ONE 3
COS 0
ONE 3
COS 0
ONE 10
COS 0
ONE 1
COS 0
ONE 4
COS 0
ONE 1
COS 0
ONE 2
COS 0
ONE 9
COS 0
ONE 10
COS 0
ONE 8
COS 0
ONE 7
COS 0
ONE 8
COS 0
ONE 8
COS 0
ONE 1
COS 0
ONE 2
COS 0
ONE 8
COS 0
ONE 6
COS 0
ONE 3
COS 0
ONE 9
COS 0
ONE 10
COS 0
ONE 5
COS 0
ONE 10
COS 0
ONE 6
COS 0
ONE 4
COS 0
ONE 7
COS 0
ONE 4
COS 0
ONE 3
COS 0
ONE 2
COS 0
ONE 2
COS 0
ONE 3
COS 0
ONE 9
COS 0
ONE 5
COS 0
ONE 6
COS 0
ONE 6
COS 0
ONE 1
COS 0
ONE 10
COS 0
ONE 1
COS 0
ONE 2
COS 0
ONE 4
COS 0
ONE 10
COS 0
ONE 9
COS 0
ONE 6
COS 0
ONE 8
COS 0
ONE 8
COS 0
ONE 4
COS 0
ONE 6
COS 0
ONE 1
COS 0
ONE 7
COS 0
ONE 4
COS 0
ONE 3
COS 0
ONE 1
COS 0
ONE 5
COS 0
ONE 10
COS 0
ONE 7
COS 0
ONE 2
COS 0
ONE 4
COS 0
ONE 9
COS 0
ONE 5
COS 0
ONE 6
COS 0
ONE 8
COS 0
ONE 1
COS 0
ONE 3
COS 0
ONE 8
COS 0
ONE 3
COS 0
ONE 7
COS 0
ONE 5
COS 0
ONE 10
COS 0
ONE 8
COS 0
ONE 7
COS 0
ONE 8
COS 0
ONE 2
COS 0
ONE 6
COS 0
ONE 6
COS 0
ONE 2
COS 0
ONE 10
COS 0
ONE 10
COS 0
ONE 10
COS 0
ONE 9
COS 0
ONE 2
COS 0
ONE 10
COS 0
ONE 2
COS 0
ONE 2
COS 0
ONE 1
COS 0
ONE 8
COS 0
ONE 1
COS 0
ONE 3
COS 0
ONE 6
COS 0
ONE 2
COS 0
ONE 8
COS 0
ONE 9
COS 0
ONE 2
COS 0
ONE 1
COS 0
ONE 6
COS 0
ONE 4
COS 0
ONE 8
COS 0
ONE 3
COS 0
ONE 6
COS 0
ONE 5
COS 0
ONE 1
COS 0
ONE 9
COS 0
ONE 7
COS 0
ONE 6
COS 0
ONE 9
COS 0
ONE 10
COS 0
ONE 9
COS 0
ONE 1
COS 0
ONE 2
COS 0
ONE 7
COS 0
ONE 7
COS 0
ONE 10
COS 0
ONE 1
COS 0
ONE 5
COS 0
ONE 6
COS 0
ONE 8
COS 0
ONE 1
COS 0
ONE 6
COS 0
ONE 1
COS 0
ONE 10
COS 0
ONE 4
COS 0
ONE 5
COS 0
ONE 6
COS 0
ONE 8
COS 0
ONE 4
COS 0
ONE 5
COS 0
ONE 7
COS 0
ONE 1
COS 0
ONE 5
COS 0
ONE 9
COS 0
ONE 1
COS 0
ONE 10
COS 0
ONE 9
COS 0
ONE 1
COS 0
ONE 5
COS 0
ONE 3
COS 0
ONE 5
COS 0
ONE 10
COS 0
ONE 10
COS 0
ONE 10
COS 0
ONE 10
COS 0
ONE 6
COS 0
ONE 9
COS 0
ONE 2
COS 0
ONE 10
COS 0
ONE 10
COS 0
ONE 9
COS 0
ONE 8
COS 0
ONE 2
COS 0
ONE 9
COS 0
ONE 7
COS 0
ONE 7
COS 0
ONE 3
COS 0
ONE 1
COS 0
ONE 6
COS 0
ONE 8
COS 0
ONE 4
COS 0
ONE 8
COS 0
ONE 10
COS 0
ONE 7
COS 0
ONE 1
COS 0
ONE 1
COS 0
ONE 1
COS 0
ONE 1
COS 0
ONE 9
COS 0
ONE 10
COS 0
ONE 3
COS 0
ONE 1
COS 0
ONE 4
COS 0
ONE 8
COS 0
ONE 6
COS 0
ONE 4
COS 0
ONE 1
COS 0
ONE 5
COS 0
ONE 9
COS 0
ONE 3
COS 0
ONE 5
COS 0
ONE 10
COS 0
ONE 3
COS 0
ONE 10
COS 0
ONE 3
COS 0
ONE 8
COS 0
ONE 6
COS 0
ONE 9
COS 0
ONE 5
COS 0
ONE 9
COS 0
ONE 3
COS 0
ONE 8
COS 0
ONE 3
COS 0
ONE 6
COS 0
ONE 5
COS 0
ONE 4
COS 0
ONE 1
COS 0
ONE 4
COS 0
ONE 6
COS 0
ONE 10
COS 0
ONE 4
COS 0
ONE 2
COS 0
ONE 7
COS 0
ONE 2
COS 0
ONE 7
COS 0
ONE 4
COS 0
ONE 1
COS 0
ONE 9
COS 0
ONE 10
COS 0
ONE 7
COS 0
ONE 9
COS 0
ONE 2
COS 0
ONE 6
COS 0
ONE 8
COS 0
ONE 9
COS 0
ONE 2
COS 0
ONE 2
COS 0
ONE 1
COS 0
ONE 7
COS 0
ONE 8
COS 0
ONE 6
COS 0
ONE 6
COS 0
ONE 8
COS 0
ONE 1
COS 0
ONE 4
COS 0
ONE 8
COS 0
ONE 3
COS 0
ONE 10
COS 0
ONE 1
COS 0
ONE 6
COS 0
ONE 7
COS 0
ONE 9
COS 0
ONE 9
COS 0
ONE 5
COS 0
ONE 2
COS 0
ONE 2
COS 0
ONE 8
COS 0
ONE 1
COS 0
ONE 4
COS 0
ONE 4
COS 0
ONE 9
COS 0
ONE 1
COS 0
ONE 10
COS 0
ONE 3
COS 0
ONE 9
COS 0
ONE 6
COS 0
ONE 8
COS 0
ONE 2
COS 0
ONE 4
COS 0
ONE 10
COS 0
ONE 1
COS 0
ONE 7
COS 0
ONE 10
COS 0
ONE 6
COS 0
ONE 2
COS 0
ONE 6
COS 0
ONE 2
COS 0
ONE 2
COS 0
ONE 10
COS 0
ONE 6
COS 0
ONE 1
COS 0
ONE 4
COS 0
ONE 8
COS 0
ONE 4
COS 0
ONE 9
COS 0
ONE 8
COS 0
ONE 4
COS 0
ONE 1
COS 0
ONE 1
COS 0
ONE 9
COS 0
ONE 6
COS 0
ONE 2
COS 0
ONE 9
COS 0
ONE 7
COS 0
ONE 3
COS 0
ONE 4
COS 0
ONE 10
COS 0
ONE 7
COS 0
ONE 2
COS 0
ONE 1
COS 0
ONE 3
COS 0
ONE 5
COS 0
ONE 7
COS 0
ONE 8
COS 0
ONE 6
COS 0
ONE 10
COS 0
ONE 6
COS 0
ONE 4
COS 0
ONE 8
COS 0
ONE 3
COS 0
ONE 7
COS 0
ONE 1
COS 0
ONE 6
COS 0
ONE 7
COS 0
ONE 10
COS 0
ONE 1
COS 0
ONE 10
COS 0
ONE 3
COS 0
ONE 2
COS 0
ONE 4
COS 0
ONE 10
COS 0
ONE 1
COS 0
ONE 3
COS 0
ONE 8
COS 0
ONE 7
COS 0
ONE 3
COS 0
ONE 9
COS 0
ONE 5
COS 0
ONE 5
COS 0
ONE 8
COS 0
ONE 5
COS 0
ONE 8
COS 0
ONE 3
COS 0
ONE 8
COS 0
ONE 7
COS 0
ONE 10
COS 0
ONE 8
COS 0
ONE 8
COS 0
ONE 7
COS 0
ONE 6
COS 0
ONE 7
COS 0
ONE 7
COS 0
ONE 6
COS 0
ONE 2
COS 0
ONE 4
COS 0
ONE 10
COS 0
ONE 6
COS 0
ONE 2
COS 0
ONE 5
COS 0
ONE 8
COS 0
ONE 4
COS 0
ONE 1
COS 0
ONE 8
COS 0
ONE 4
COS 0
ONE 10
COS 0
ONE 1
COS 0
ONE 6
COS 0
ONE 7
COS 0
ONE 9
COS 0
ONE 1
COS 0
ONE 9
COS 0
ONE 2
COS 0
ONE 6
COS 0
ONE 3
COS 0
ONE 3
COS 0
ONE 2
COS 0
ONE 7
COS 0
ONE 9
COS 0
ONE 3
COS 0
ONE 1
COS 0
ONE 6
COS 0
ONE 6
COS 0
ONE 2
COS 0
ONE 4
COS 0
ONE 4
COS 0
ONE 2
COS 0
ONE 7
COS 0
ONE 1
COS 0
ONE 6
COS 0
ONE 7
COS 0
ONE 1
COS 0
ONE 9
COS 0
ONE 3
COS 0
ONE 5
COS 0
ONE 10
COS 0
ONE 1
COS 0
ONE 3
COS 0
ONE 7
COS 0
ONE 8
COS 0
ONE 3
COS 0
ONE 7
COS 0
ONE 4
COS 0
ONE 9
COS 0
ONE 2
COS 0
ONE 10
COS 0
ONE 5
COS 0
ONE 6
COS 0
ONE 5
COS 0
ONE 1
COS 0
ONE 2
COS 0
ONE 9
COS 0
ONE 7
COS 0
ONE 7
COS 0
ONE 4
COS 0
ONE 2
COS 0
ONE 8
COS 0
ONE 8
COS 0
ONE 8
COS 0
ONE 1
COS 0
ONE 6
COS 0
ONE 3
COS 0
ONE 6
COS 0
ONE 4
COS 0
ONE 1
COS 0
ONE 10
COS 0
ONE 9
COS 0
ONE 3
COS 0
ONE 1
COS 0
ONE 1
COS 0
ONE 2
COS 0
ONE 8
COS 0
ONE 7
COS 0
ONE 8
COS 0
ONE 4
COS 0
ONE 10
COS 0
ONE 7
COS 0
ONE 8
COS 0
ONE 10
COS 0
ONE 10
COS 0
ONE 3
COS 0
ONE 9
COS 0
ONE 10
COS 0
ONE 8
COS 0
ONE 3
COS 0
ONE 3
COS 0
ONE 10
COS 0
ONE 5
COS 0
ONE 9
COS 0
ONE 8
COS 0
ONE 2
COS 0
ONE 5
COS 0
ONE 6
COS 0
ONE 8
COS 0
ONE 5
COS 0
ONE 6
COS 0
ONE 10
COS 0
ONE 8
COS 0
ONE 5
COS 0
ONE 6
COS 0
ONE 7
COS 0
ONE 5
COS 0
ONE 5
COS 0
ONE 3
COS 0
ONE 7
COS 0
ONE 5
COS 0
ONE 4
COS 0
ONE 9
COS 0
ONE 7
COS 0
ONE 6
COS 0
ONE 10
COS 0
ONE 8
COS 0
ONE 2
COS 0
ONE 7
COS 0
ONE 1
COS 0
ONE 1
COS 0
ONE 5
COS 0
ONE 3
COS 0
ONE 10
COS 0
ONE 8
COS 0
ONE 9
COS 0
ONE 4
COS 0
ONE 5
COS 0
ONE 3
COS 0
ONE 10
COS 0
ONE 8
COS 0
ONE 1
COS 0
ONE 5
COS 0
ONE 9
COS 0
ONE 4
COS 0
ONE 9
COS 0
ONE 6
COS 0
ONE 6
COS 0
ONE 6
COS 0
ONE 1
COS 0
ONE 9
COS 0
ONE 1
COS 0
ONE 2
COS 0
ONE 3
COS 0
ONE 1
COS 0
ONE 5
COS 0
ONE 1
COS 0
ONE 8
COS 0
ONE 3
COS 0
ONE 7
COS 0
ONE 6
COS 0
ONE 5
COS 0
ONE 1
COS 0
ONE 5
COS 0
ONE 4
COS 0
ONE 10
COS 0
ONE 2
COS 0
ONE 9
COS 0
ONE 10
COS 0
ONE 6
COS 0
ONE 6
COS 0
ONE 2
COS 0
ONE 8
COS 0
ONE 9
COS 0
ONE 7
COS 0
ONE 7
COS 0
ONE 5
COS 0
ONE 5
COS 0
ONE 6
COS 0
ONE 9
COS 0
ONE 9
COS 0
ONE 1
COS 0
ONE 7
COS 0
ONE 3
COS 0
ONE 6
COS 0
ONE 4
COS 0
ONE 3
COS 0
ONE 7
COS 0
ONE 5
COS 0
ONE 9
COS 0
ONE 4
COS 0
ONE 3
COS 0
ONE 6
COS 0
ONE 7
COS 0
ONE 1
COS 0
ONE 5
COS 0
ONE 1
COS 0
ONE 5
COS 0
ONE 7
COS 0
ONE 8
COS 0
ONE 9
COS 0
ONE 10
COS 0
ONE 4
COS 0
ONE 7
COS 0
ONE 7
COS 0
ONE 9
COS 0
ONE 4
COS 0
ONE 3
COS 0
ONE 6
COS 0
ONE 8
COS 0
ONE 1
COS 0
ONE 5
COS 0
ONE 1
COS 0
ONE 7
COS 0
ONE 6
COS 0
ONE 1
COS 0
ONE 5
COS 0
ONE 7
COS 0
ONE 5
COS 0
ONE 7
COS 0
ONE 9
COS 0
ONE 7
COS 0
ONE 5
COS 0
ONE 6
COS 0
ONE 5
COS 0
ONE 4
COS 0
ONE 2
COS 0
ONE 1
COS 0
ONE 2
COS 0
ONE 4
COS 0
ONE 6
COS 0
ONE 2
COS 0
ONE 9
COS 0
ONE 5
COS 0
ONE 3
COS 0
ONE 9
COS 0
ONE 6
COS 0
ONE 1
COS 0
ONE 6
COS 0
ONE 4
COS 0
ONE 7
COS 0
ONE 10
COS 0
ONE 3
COS 0
ONE 7
COS 0
ONE 7
COS 0
ONE 3
COS 0
ONE 10
COS 0
ONE 1
COS 0
ONE 1
COS 0
ONE 3
COS 0
ONE 3
COS 0
ONE 10
COS 0
ONE 10
COS 0
ONE 6
COS 0
ONE 9
COS 0
ONE 8
COS 0
ONE 8
COS 0
ONE 4
COS 0
ONE 6
COS 0
ONE 2
COS 0
ONE 10
COS 0
ONE 2
COS 0
ONE 6
COS 0
ONE 3
COS 0
ONE 9
COS 0
ONE 2
COS 0
ONE 10
COS 0
ONE 1
COS 0
ONE 10
COS 0
ONE 6
COS 0
ONE 7
COS 0
ONE 10
COS 0
ONE 10
COS 0
ONE 1
COS 0
ONE 2
COS 0
ONE 8
COS 0
ONE 1
COS 0
ONE 9
COS 0
ONE 4
COS 0
ONE 1
COS 0
ONE 10
COS 0
ONE 6
COS 0
ONE 5
COS 0
ONE 3
COS 0
ONE 7
COS 0
ONE 7
COS 0
ONE 7
COS 0
ONE 7
COS 0
ONE 4
COS 0
ONE 1
COS 0
ONE 3
COS 0
ONE 9
COS 0
ONE 6
COS 0
ONE 5
COS 0
ONE 9
COS 0
ONE 4
COS 0
ONE 2
COS 0
ONE 2
COS 0
ONE 10
COS 0
ONE 8
COS 0
ONE 4
COS 0
ONE 5
COS 0
ONE 3
COS 0
ONE 8
COS 0
ONE 10
COS 0
ONE 9
COS 0
ONE 9
COS 0
ONE 9
COS 0
ONE 1
COS 0
ONE 10
COS 0
ONE 6
COS 0
ONE 6
COS 0
ONE 5
COS 0
ONE 1
COS 0
ONE 8
COS 0
ONE 4
COS 0
ONE 2
COS 0
ONE 5
COS 0
ONE 2
COS 0
ONE 6
COS 0
ONE 8
COS 0
ONE 10
COS 0
ONE 8
COS 0
ONE 5
COS 0
ONE 3
COS 0
ONE 1
COS 0
ONE 8
COS 0
ONE 6
COS 0
ONE 10
COS 0
ONE 10
COS 0
ONE 2
COS 0
ONE 7
COS 0
ONE 2
COS 0
ONE 4
COS 0
ONE 6
COS 0
ONE 7
COS 0
ONE 3
COS 0
ONE 10
COS 0
ONE 7
COS 0
ONE 3
COS 0
ONE 1
COS 0
ONE 9
COS 0
ONE 2
COS 0
ONE 8
COS 0
ONE 9
COS 0
ONE 8
COS 0
ONE 2
COS 0
ONE 5
COS 0
ONE 10
COS 0
ONE 6
COS 0
ONE 8
COS 0
ONE 9
COS 0
ONE 8
COS 0
ONE 3
COS 0
ONE 1
COS 0
ONE 7
COS 0
ONE 10
COS 0
ONE 2
COS 0
ONE 5
COS 0
ONE 6
COS 0
ONE 5
COS 0
ONE 6
COS 0
ONE 3
COS 0
ONE 4
COS 0
ONE 2
COS 0
ONE 4
COS 0
ONE 6
COS 0
ONE 9
COS 0
ONE 7
COS 0
ONE 1
COS 0
ONE 8
COS 0
ONE 8
COS 0
ONE 3
COS 0
ONE 7
COS 0
ONE 7
COS 0
ONE 2
COS 0
ONE 9
COS 0
ONE 5
COS 0
ONE 9
COS 0
ONE 5
COS 0
ONE 3
COS 0
ONE 1
COS 0
ONE 9
COS 0
ONE 6
COS 0
ONE 6
COS 0
ONE 2
COS 0
ONE 3
COS 0
ONE 3
COS 0
ONE 6
COS 0
ONE 6
COS 0
ONE 3
COS 0
ONE 9
COS 0
ONE 3
COS 0
ONE 2
COS 0
ONE 7
COS 0
ONE 7
COS 0
ONE 10
COS 0
ONE 7
COS 0
ONE 4
COS 0
ONE 5
COS 0
ONE 7
COS 0
ONE 4
COS 0
ONE 6
COS 0
ONE 6
COS 0
ONE 8
COS 0
ONE 5
COS 0
ONE 3
COS 0
ONE 4
COS 0
ONE 1
COS 0
ONE 3
COS 0
ONE 10
COS 0
ONE 2
COS 0
ONE 4
COS 0
ONE 6
COS 0
ONE 10
COS 0
ONE 7
COS 0
ONE 2
COS 0
ONE 8
COS 0
ONE 8
COS 0
ONE 5
COS 0
ONE 8
COS 0
ONE 8
COS 0
ONE 6
COS 0
ONE 2
COS 0
ONE 2
COS 0
ONE 2
COS 0
ONE 3
COS 0
ONE 4
COS 0
ONE 9
COS 0
ONE 5
COS 0
ONE 5
COS 0
ONE 4
COS 0
ONE 1
COS 0
ONE 4
COS 0
ONE 10
COS 0
ONE 7
COS 0
ONE 5
COS 0
ONE 1
COS 0
ONE 10
COS 0
ONE 2
COS 0
ONE 2
COS 0
ONE 5
COS 0
ONE 1
COS 0
ONE 10
COS 0
ONE 2
COS 0
ONE 6
COS 0
ONE 4
COS 0
ONE 8
COS 0
ONE 6
COS 0
ONE 7
COS 0
ONE 5
COS 0
ONE 5
COS 0
ONE 3
COS 0
ONE 2
COS 0
ONE 8
COS 0
ONE 7
COS 0
ONE 6
COS 0
ONE 10
COS 0
ONE 2
COS 0
ONE 3
COS 0
ONE 10
COS 0
ONE 4
COS 0
ONE 6
COS 0
ONE 1
COS 0
ONE 2
COS 0
ONE 8
COS 0
ONE 8
COS 0
ONE 9
COS 0
ONE 3
COS 0
ONE 1
COS 0
ONE 1
COS 0
ONE 5
COS 0
ONE 3
COS 0
ONE 1
COS 0
ONE 1
COS 0
ONE 9
COS 0
ONE 1
COS 0
ONE 8
COS 0
ONE 7
COS 0
ONE 9
COS 0
ONE 6
COS 0
ONE 1
COS 0
ONE 2
COS 0
ONE 9
COS 0
ONE 6
COS 0
ONE 6
COS 0
ONE 10
COS 0
ONE 8
COS 0
ONE 9
COS 0
ONE 9
COS 0
ONE 10
COS 0
ONE 7
COS 0
ONE 5
COS 0
ONE 1
COS 0
ONE 2
COS 0
ONE 6
COS 0
ONE 6
COS 0
ONE 9
COS 0
ONE 6
COS 0
ONE 4
COS 0
ONE 5
COS 0
ONE 5
COS 0
ONE 8
COS 0
ONE 10
COS 0
ONE 5
COS 0
ONE 7
COS 0
ONE 2
COS 0
ONE 1
COS 0
ONE 4
COS 0
ONE 7
COS 0
ONE 5
COS 0
ONE 3
COS 0
ONE 5
COS 0
ONE 10
COS 0
ONE 1
COS 0
ONE 5
COS 0
ONE 2
COS 0
ONE 3
COS 0
ONE 7
COS 0
ONE 4
COS 0
ONE 2
COS 0
ONE 9
COS 0
ONE 4
COS 0
ONE 5
COS 0
ONE 8
COS 0
ONE 6
COS 0
ONE 5
COS 0
ONE 10
COS 0
ONE 4
COS 0
ONE 5
COS 0
ONE 6
COS 0
ONE 6
COS 0
ONE 6
COS 0
ONE 1
COS 0
ONE 3
COS 0
ONE 6
COS 0
ONE 9
COS 0
ONE 8
COS 0
ONE 4
COS 0
ONE 4
COS 0
ONE 10
COS 0
ONE 8
COS 0
ONE 3
COS 0
ONE 3
COS 0
ONE 3
COS 0
ONE 5
COS 0
ONE 9
COS 0
ONE 2
COS 0
ONE 4
COS 0
ONE 1
COS 0
ONE 6
COS 0
ONE 9
COS 0
ONE 4
COS 0
ONE 5
COS 0
ONE 9
COS 0
ONE 2
COS 0
ONE 3
COS 0
ONE 8
COS 0
ONE 10
COS 0
ONE 1
COS 0
ONE 3
COS 0
ONE 4
COS 0
ONE 9
COS 0
ONE 10
COS 0
ONE 9
COS 0
ONE 5
COS 0
ONE 1
COS 0
ONE 4
COS 0
ONE 5
COS 0
ONE 3
COS 0
ONE 8
COS 0
ONE 2
COS 0
ONE 1
COS 0
ONE 6
COS 0
ONE 7
COS 0
ONE 3
COS 0
ONE 3
COS 0
ONE 1
COS 0
ONE 2
COS 0
ONE 10
COS 0
ONE 3
COS 0
ONE 9
COS 0
ONE 3
COS 0
ONE 1
COS 0
ONE 4
COS 0
ONE 6
COS 0
ONE 10
COS 0
ONE 6
COS 0
ONE 9
COS 0
ONE 9
COS 0
ONE 7
COS 0
ONE 7
COS 0
ONE 9
COS 0
ONE 7
COS 0
ONE 10
COS 0
ONE 4
COS 0
ONE 8
COS 0
ONE 7
COS 0
ONE 3
COS 0
ONE 7
COS 0
ONE 5
COS 0
ONE 5
COS 0
ONE 5
COS 0
ONE 1
COS 0
ONE 1
COS 0
ONE 4
COS 0
ONE 6
COS 0
ONE 4
COS 0
ONE 4
COS 0
ONE 3
COS 0
ONE 5
COS 0
ONE 7
COS 0
ONE 3
COS 0
ONE 4
COS 0
ONE 1
COS 0
ONE 6
COS 0
ONE 1
COS 0
ONE 4
COS 0
ONE 9
COS 0
ONE 2
COS 0
ONE 2
COS 0
ONE 9
COS 0
ONE 4
COS 0
ONE 4
COS 0
ONE 5
COS 0
ONE 3
COS 0
ONE 6
COS 0
ONE 3
COS 0
ONE 4
COS 0
ONE 7
COS 0
ONE 2
COS 0
ONE 10
COS 0
ONE 9
COS 0
ONE 6
COS 0
ONE 10
COS 0
ONE 10
COS 0
ONE 1
COS 0
ONE 4
COS 0
ONE 8
COS 0
ONE 1
COS 0
ONE 7
COS 0
ONE 10
COS 0
ONE 9
COS 0
ONE 6
COS 0
ONE 5
COS 0
ONE 10
COS 0
ONE 9
COS 0
ONE 1
COS 0
ONE 9
COS 0
ONE 8
COS 0
ONE 10
COS 0
ONE 3
COS 0
ONE 6
COS 0
ONE 4
COS 0
ONE 5
COS 0
ONE 3
COS 0
ONE 9
COS 0
ONE 9
COS 0
ONE 2
COS 0
ONE 3
COS 0
ONE 2
COS 0
ONE 4
COS 0
ONE 2
COS 0
ONE 3
COS 0
ONE 7
COS 0
ONE 2
COS 0
ONE 10
COS 0
ONE 6
COS 0
ONE 8
COS 0
ONE 8
COS 0
ONE 1
COS 0
ONE 10
COS 0
ONE 3
COS 0
ONE 8
COS 0
ONE 7
COS 0
ONE 3
COS 0
ONE 10
COS 0
ONE 2
COS 0
ONE 9
COS 0
ONE 4
COS 0
ONE 5
COS 0
ONE 9
COS 0
ONE 1
COS 0
ONE 2
COS 0
ONE 9
COS 0
ONE 4
COS 0
ONE 9
COS 0
ONE 8
COS 0
ONE 5
COS 0
ONE 7
COS 0
ONE 10
COS 0
ONE 5
COS 0
ONE 2
COS 0
ONE 4
COS 0
ONE 10
COS 0
ONE 3
COS 0
ONE 8
COS 0
ONE 9
COS 0
ONE 7
COS 0
ONE 6
COS 0
ONE 1
COS 0
ONE 10
COS 0
ONE 8
COS 0
ONE 8
COS 0
ONE 4
COS 0
ONE 4
COS 0
ONE 10
COS 0
ONE 10
COS 0
ONE 10
COS 0
ONE 2
COS 0
ONE 3
COS 0
ONE 1
COS 0
ONE 5
COS 0
ONE 1
COS 0
ONE 4
COS 0
ONE 9
COS 0
ONE 1
COS 0
ONE 8
COS 0
ONE 8
COS 0
ONE 3
COS 0
ONE 9
COS 0
ONE 7
COS 0
ONE 9
COS 0
ONE 9
COS 0
ONE 4
COS 0
ONE 4
COS 0
ONE 6
COS 0
ONE 5
COS 0
ONE 2
COS 0
ONE 9
COS 0
ONE 9
COS 0
ONE 6
COS 0
ONE 1
COS 0
ONE 6
COS 0
ONE 10
COS 0
ONE 4
COS 0
ONE 9
COS 0
ONE 2
COS 0
ONE 7
COS 0
ONE 7
COS 0
ONE 2
COS 0
ONE 9
COS 0
ONE 5
COS 0
ONE 9
COS 0
ONE 2
COS 0
ONE 10
COS 0
ONE 2
COS 0
ONE 8
COS 0
ONE 10
COS 0
ONE 6
COS 0
ONE 9
COS 0
ONE 7
COS 0
ONE 10
COS 0
ONE 10
COS 0
ONE 2
COS 0
ONE 7
COS 0
ONE 10
COS 0
ONE 4
COS 0
ONE 4
COS 0
ONE 2
COS 0
ONE 8
COS 0
ONE 1
COS 0
ONE 7
COS 0
ONE 5
COS 0
ONE 8
COS 0
ONE 9
COS 0
ONE 10
COS 0
ONE 6
COS 0
ONE 9
COS 0
ONE 5
COS 0
ONE 4
COS 0
ONE 10
COS 0
ONE 2
COS 0
ONE 2
COS 0
ONE 3
COS 0
ONE 3
COS 0
ONE 7
COS 0
ONE 10
COS 0
ONE 6
COS 0
ONE 9
COS 0
ONE 8
COS 0
ONE 6
COS 0
ONE 9
COS 0
ONE 5
COS 0
ONE 4
COS 0
ONE 4
COS 0
ONE 1
COS 0
ONE 4
COS 0
ONE 4
COS 0
ONE 3
COS 0
ONE 10
COS 0
ONE 7
COS 0
ONE 9
COS 0
ONE 2
COS 0
ONE 6
COS 0
ONE 2
COS 0
ONE 3
COS 0
ONE 1
COS 0
ONE 1
COS 0
ONE 7
COS 0
ONE 10
COS 0
ONE 2
COS 0
ONE 6
COS 0
ONE 4
COS 0
ONE 10
COS 0
ONE 7
COS 0
ONE 1
COS 0
ONE 4
COS 0
ONE 10
COS 0
ONE 4
COS 0
ONE 3
COS 0
ONE 4
COS 0
ONE 5
COS 0
ONE 9
COS 0
ONE 4
COS 0
ONE 2
COS 0
ONE 3
COS 0
ONE 3
COS 0
ONE 4
COS 0
ONE 2
COS 0
ONE 9
COS 0
ONE 8
COS 0
ONE 3
COS 0
ONE 5
COS 0
ONE 6
COS 0
ONE 8
COS 0
ONE 1
COS 0
ONE 9
COS 0
ONE 2
COS 0
ONE 8
COS 0
ONE 6
COS 0
ONE 9
COS 0
ONE 8
COS 0
ONE 7
COS 0
ONE 4
COS 0
ONE 2
COS 0
ONE 3
COS 0
ONE 6
COS 0
ONE 9
COS 0
ONE 10
COS 0
ONE 6
COS 0
ONE 5
COS 0
ONE 5
COS 0
ONE 5
COS 0
ONE 9
COS 0
ONE 7
COS 0
ONE 6
COS 0
ONE 1
COS 0
ONE 2
COS 0
ONE 4
COS 0
ONE 7
COS 0
ONE 6
COS 0
ONE 9
COS 0
ONE 3
COS 0
ONE 10
COS 0
ONE 10
COS 0
ONE 8
COS 0
ONE 3
COS 0
ONE 8
COS 0
ONE 9
COS 0
ONE 8
COS 0
ONE 2
COS 0
ONE 5
COS 0
ONE 10
COS 0
ONE 2
COS 0
ONE 2
COS 0
ONE 10
COS 0
ONE 9
COS 0
ONE 10
COS 0
ONE 6
COS 0
ONE 8
COS 0
ONE 9
COS 0
ONE 6
COS 0
ONE 9
COS 0
ONE 8
COS 0
ONE 8
COS 0
ONE 7
COS 0
ONE 4
COS 0
ONE 8
COS 0
ONE 8
COS 0
ONE 4
COS 0
ONE 7
COS 0
ONE 2
COS 0
ONE 6
COS 0
ONE 8
COS 0
ONE 10
COS 0
ONE 3
COS 0
ONE 3
COS 0
ONE 8
COS 0
ONE 1
COS 0
ONE 1
COS 0
ONE 2
COS 0
ONE 8
COS 0
ONE 10
COS 0
ONE 2
COS 0
ONE 10
COS 0
ONE 6
COS 0
ONE 4
COS 0
ONE 6
COS 0
ONE 10
COS 0
ONE 7
COS 0
ONE 7
COS 0
ONE 8
COS 0
ONE 7
COS 0
ONE 8
COS 0
ONE 7
COS 0
ONE 5
COS 0
ONE 1
COS 0
ONE 3
COS 0
ONE 6
COS 0
ONE 9
COS 0
ONE 9
COS 0
ONE 3
COS 0
ONE 4
COS 0
ONE 1
COS 0
ONE 4
COS 0
ONE 3
COS 0
ONE 9
COS 0
ONE 3
COS 0
ONE 8
COS 0
ONE 8
COS 0
ONE 7
COS 0
ONE 2
COS 0
ONE 5
COS 0
ONE 5
COS 0
ONE 9
COS 0
ONE 9
COS 0
ONE 4
COS 0
ONE 8
COS 0
ONE 7
COS 0
ONE 8
COS 0
ONE 10
COS 0
ONE 10
COS 0
ONE 2
COS 0
ONE 5
COS 0
ONE 8
COS 0
ONE 2
COS 0
ONE 6
COS 0
ONE 3
COS 0
ONE 6
COS 0
ONE 9
COS 0
ONE 1
COS 0
ONE 6
COS 0
ONE 4
COS 0
ONE 8
COS 0
ONE 10
COS 0
ONE 1
COS 0
ONE 9
COS 0
ONE 7
COS 0
ONE 4
COS 0
ONE 5
COS 0
ONE 10
COS 0
ONE 5
COS 0
ONE 7
COS 0
ONE 9
COS 0
ONE 4
COS 0
ONE 8
COS 0
ONE 10
COS 0
ONE 3
COS 0
ONE 7
COS 0
ONE 1
COS 0
ONE 9
COS 0
ONE 10
COS 0
ONE 7
COS 0
ONE 2
COS 0
ONE 2
COS 0
ONE 4
COS 0
ONE 10
COS 0
ONE 7
COS 0
ONE 4
COS 0
ONE 1
COS 0
ONE 6
COS 0
ONE 2
COS 0
ONE 5
COS 0
ONE 4
COS 0
ONE 10
COS 0
ONE 5
COS 0
ONE 6
COS 0
ONE 2
COS 0
ONE 4
COS 0
ONE 4
COS 0
ONE 7
COS 0
ONE 6
COS 0
ONE 4
COS 0
ONE 10
COS 0
ONE 2
COS 0
ONE 2
COS 0
ONE 6
COS 0
ONE 8
COS 0
ONE 5
COS 0
ONE 7
COS 0
ONE 9
COS 0
ONE 10
COS 0
ONE 1
COS 0
ONE 2
COS 0
ONE 4
COS 0
ONE 10
COS 0
ONE 9
COS 0
ONE 9
COS 0
ONE 2
COS 0
ONE 3
COS 0
ONE 1
COS 0
ONE 8
COS 0
ONE 8
COS 0
ONE 7
COS 0
ONE 8
COS 0
ONE 10
COS 0
ONE 10
COS 0
ONE 1
COS 0
ONE 8
COS 0
ONE 2
COS 0
ONE 6
COS 0
ONE 9
COS 0
ONE 2
COS 0
ONE 2
COS 0
ONE 2
COS 0
ONE 4
COS 0
ONE 1
COS 0
ONE 10
COS 0
ONE 3
COS 0
ONE 9
COS 0
ONE 5
COS 0
ONE 7
COS 0
ONE 10
COS 0
ONE 10
COS 0
ONE 4
COS 0
ONE 4
COS 0
ONE 9
COS 0
ONE 6
COS 0
ONE 8
COS 0
ONE 2
COS 0
ONE 8
COS 0
ONE 5
COS 0
ONE 2
COS 0
ONE 4
COS 0
ONE 3
COS 0
ONE 2
COS 0
ONE 9
COS 0
ONE 5
COS 0
ONE 2
COS 0
ONE 4
COS 0
ONE 8
COS 0
ONE 4
COS 0
ONE 5
COS 0
ONE 4
COS 0
ONE 9
COS 0
ONE 7
COS 0
ONE 9
COS 0
ONE 4
COS 0
ONE 5
COS 0
ONE 6
COS 0
ONE 10
COS 0
ONE 4
COS 0
ONE 6
COS 0
ONE 5
COS 0
ONE 1
COS 0
ONE 8
COS 0
ONE 5
COS 0
ONE 6
COS 0
ONE 7
COS 0
ONE 8
COS 0
ONE 5
COS 0
ONE 7
COS 0
ONE 8
COS 0
ONE 7
COS 0
ONE 6
COS 0
ONE 3
COS 0
ONE 10
COS 0
ONE 1
COS 0
ONE 5
COS 0
ONE 6
COS 0
ONE 10
COS 0
ONE 4
COS 0
ONE 10
COS 0
ONE 6
COS 0
ONE 5
COS 0
ONE 10
COS 0
ONE 2
COS 0
ONE 5
COS 0
ONE 8
COS 0
ONE 6
COS 0
ONE 3
COS 0
ONE 4
COS 0
ONE 3
COS 0
ONE 5
COS 0
ONE 4
COS 0
ONE 7
COS 0
ONE 8
COS 0
ONE 1
COS 0
ONE 6
COS 0
ONE 2
COS 0
ONE 4
COS 0
ONE 10
COS 0
ONE 1
COS 0
ONE 5
COS 0
ONE 7
COS 0
ONE 8
COS 0
ONE 6
COS 0
ONE 4
COS 0
ONE 10
COS 0
ONE 1
COS 0
ONE 3
COS 0
ONE 5
COS 0
ONE 7
COS 0
ONE 9
COS 0
ONE 9
COS 0
ONE 8
COS 0
ONE 5
COS 0
ONE 10
COS 0
ONE 10
COS 0
ONE 2
COS 0
ONE 1
COS 0
ONE 6
COS 0
ONE 4
COS 0
ONE 9
COS 0
ONE 10
COS 0
ONE 3
COS 0
ONE 8
COS 0
ONE 4
COS 0
ONE 6
COS 0
ONE 8
COS 0
ONE 2
COS 0
ONE 10
COS 0
ONE 3
COS 0
ONE 2
COS 0
ONE 2
COS 0
ONE 1
COS 0
ONE 1
COS 0
ONE 2
COS 0
ONE 6
COS 0
ONE 2
COS 0
ONE 4
COS 0
ONE 5
COS 0
ONE 9
COS 0
ONE 8
COS 0
ONE 9
COS 0
ONE 5
COS 0
ONE 2
COS 0
ONE 5
COS 0
ONE 4
COS 0
ONE 7
COS 0
ONE 8
COS 0
ONE 9
COS 0
ONE 4
COS 0
ONE 2
COS 0
ONE 8
COS 0
ONE 10
COS 0
ONE 6
COS 0
ONE 1
COS 0
ONE 6
COS 0
ONE 2
COS 0
ONE 2
COS 0
ONE 8
COS 0
ONE 3
COS 0
ONE 4
COS 0
ONE 2
COS 0
ONE 7
COS 0
ONE 1
COS 0
ONE 2
COS 0
ONE 3
COS 0
ONE 10
COS 0
ONE 9
COS 0
ONE 5
COS 0
ONE 2
COS 0
ONE 9
COS 0
ONE 6
COS 0
ONE 7
COS 0
ONE 3
COS 0
ONE 3
COS 0
ONE 7
COS 0
ONE 10
COS 0
ONE 7
COS 0
ONE 6
COS 0
ONE 2
COS 0
ONE 8
COS 0
ONE 3
COS 0
ONE 5
COS 0
ONE 4
COS 0
ONE 4
COS 0
ONE 4
COS 0
ONE 10
COS 0
ONE 6
COS 0
ONE 7
COS 0
ONE 4
COS 0
ONE 7
COS 0
ONE 9
COS 0
ONE 7
COS 0
ONE 4
COS 0
ONE 1
COS 0
ONE 4
COS 0
ONE 3
COS 0
ONE 8
COS 0
ONE 2
COS 0
ONE 6
COS 0
ONE 5
COS 0
ONE 8
COS 0
ONE 7
COS 0
ONE 4
COS 0
ONE 2
COS 0
ONE 5
COS 0
ONE 2
COS 0
ONE 9
COS 0
ONE 3
COS 0
ONE 1
COS 0
ONE 3
COS 0
ONE 1
COS 0
ONE 6
COS 0
ONE 6
COS 0
ONE 7
COS 0
ONE 5
COS 0
ONE 2
COS 0
ONE 2
COS 0
ONE 3
COS 0
ONE 5
COS 0
ONE 5
COS 0
ONE 10
COS 0
ONE 4
COS 0
ONE 5
COS 0
ONE 7
COS 0
ONE 8
COS 0
ONE 3
COS 0
ONE 6
COS 0
ONE 4
COS 0
ONE 7
COS 0
ONE 1
COS 0
ONE 7
COS 0
ONE 5
COS 0
ONE 1
COS 0
ONE 7
COS 0
ONE 3
COS 0
ONE 2
COS 0
ONE 3
COS 0
ONE 9
COS 0
ONE 3
COS 0
ONE 9
COS 0
ONE 6
COS 0
ONE 7
COS 0
ONE 6
COS 0
ONE 5
COS 0
ONE 8
COS 0
ONE 7
COS 0
ONE 4
COS 0
ONE 7
COS 0
ONE 7
COS 0
ONE 3
COS 0
ONE 9
COS 0
ONE 5
COS 0
ONE 1
COS 0
ONE 4
COS 0
ONE 5
COS 0
ONE 2
COS 0
ONE 7
COS 0
ONE 3
COS 0
ONE 8
COS 0
ONE 1
COS 0
ONE 1
COS 0
ONE 9
COS 0
ONE 6
COS 0
ONE 2
COS 0
ONE 2
COS 0
ONE 7
COS 0
ONE 4
COS 0
ONE 9
COS 0
ONE 9
COS 0
ONE 10
COS 0
ONE 3
COS 0
ONE 2
COS 0
ONE 10
COS 0
ONE 9
COS 0
ONE 7
COS 0
ONE 8
COS 0
ONE 9
COS 0
ONE 8
COS 0
ONE 9
COS 0
ONE 5
COS 0
ONE 4
COS 0
ONE 10
COS 0
ONE 2
COS 0
ONE 5
COS 0
ONE 9
COS 0
ONE 9
COS 0
ONE 2
COS 0
ONE 10
COS 0
ONE 2
COS 0
ONE 9
COS 0
ONE 4
COS 0
ONE 10
COS 0
ONE 5
COS 0
ONE 6
COS 0
ONE 9
COS 0
ONE 2
COS 0
ONE 10
COS 0
ONE 6
COS 0
ONE 3
COS 0
ONE 8
COS 0
ONE 4
COS 0
ONE 2
COS 0
ONE 8
COS 0
ONE 2
COS 0
ONE 3
COS 0
ONE 1
COS 0
ONE 7
COS 0
ONE 7
COS 0
ONE 5
COS 0
ONE 3
COS 0
ONE 5
COS 0
ONE 6
COS 0
ONE 6
COS 0
ONE 6
COS 0
ONE 9
COS 0
ONE 8
COS 0
ONE 1
COS 0
ONE 7
COS 0
ONE 1
COS 0
ONE 9
COS 0
ONE 6
COS 0
ONE 3
COS 0
ONE 5
COS 0
ONE 4
COS 0
ONE 6
COS 0
ONE 9
COS 0
ONE 4
COS 0
ONE 4
COS 0
ONE 3
COS 0
ONE 4
COS 0
ONE 7
COS 0
ONE 10
COS 0
ONE 8
COS 0
ONE 5
COS 0
ONE 5
COS 0
ONE 7
COS 0
ONE 9
COS 0
ONE 1
COS 0
ONE 4
COS 0
ONE 10
COS 0
ONE 3
COS 0
ONE 3
COS 0
ONE 1
COS 0
ONE 10
COS 0
ONE 2
COS 0
ONE 6
COS 0
ONE 3
COS 0
ONE 1
COS 0
ONE 5
COS 0
ONE 5
COS 0
ONE 7
COS 0
ONE 4
COS 0
ONE 3
COS 0
ONE 1
COS 0
ONE 6
COS 0
ONE 3
COS 0
ONE 9
COS 0
ONE 6
COS 0
ONE 4
COS 0
ONE 2
COS 0
ONE 10
COS 0
ONE 7
COS 0
ONE 9
COS 0
ONE 8
COS 0
ONE 10
COS 0
ONE 1
COS 0
ONE 1
COS 0
ONE 8
COS 0
ONE 3
COS 0
ONE 6
COS 0
ONE 9
COS 0
ONE 5
COS 0
ONE 3
COS 0
ONE 4
COS 0
ONE 10
COS 0
ONE 2
COS 0
ONE 4
COS 0
ONE 10
COS 0
ONE 2
COS 0
ONE 7
COS 0
ONE 6
COS 0
ONE 5
COS 0
ONE 1
COS 0
ONE 5
COS 0
ONE 6
COS 0
ONE 6
COS 0
ONE 9
COS 0
ONE 10
COS 0
ONE 4
COS 0
ONE 7
COS 0
ONE 3
COS 0
ONE 5
COS 0
ONE 5
COS 0
ONE 2
COS 0
ONE 4
COS 0
ONE 10
COS 0
ONE 6
COS 0
ONE 6
COS 0
ONE 10
COS 0
ONE 6
COS 0
ONE 9
COS 0
ONE 9
COS 0
ONE 8
COS 0
ONE 6
COS 0
ONE 8
COS 0
ONE 9
COS 0
ONE 4
COS 0
ONE 9
COS 0
ONE 6
COS 0
ONE 9
COS 0
ONE 9
COS 0
ONE 6
COS 0
ONE 8
COS 0
ONE 2
COS 0
ONE 6
COS 0
ONE 8
COS 0
ONE 4
COS 0
ONE 1
COS 0
ONE 5
COS 0
ONE 9
COS 0
ONE 2
COS 0
ONE 4
COS 0
ONE 5
COS 0
ONE 6
COS 0
ONE 6
COS 0
ONE 6
COS 0
ONE 3
COS 0
ONE 8
COS 0
ONE 7
COS 0
ONE 1
COS 0
ONE 10
COS 0
ONE 6
COS 0
ONE 5
COS 0
ONE 10
COS 0
ONE 7
COS 0
ONE 10
COS 0
ONE 8
COS 0
ONE 9
COS 0
ONE 1
COS 0
ONE 5
COS 0
ONE 7
COS 0
ONE 2
COS 0
ONE 2
COS 0
ONE 1
COS 0
ONE 5
COS 0
ONE 5
COS 0
ONE 7
COS 0
ONE 2
COS 0
ONE 3
COS 0
ONE 3
COS 0
ONE 2
COS 0
ONE 6
COS 0
ONE 10
COS 0
ONE 1
COS 0
ONE 9
COS 0
ONE 9
COS 0
ONE 8
COS 0
ONE 3
COS 0
ONE 2
COS 0
ONE 4
COS 0
ONE 2
COS 0
ONE 9
COS 0
ONE 9
COS 0
ONE 7
COS 0
ONE 1
COS 0
ONE 3
COS 0
ONE 1
COS 0
ONE 8
COS 0
ONE 3
COS 0
ONE 6
COS 0
ONE 6
COS 0
ONE 1
COS 0
ONE 9
COS 0
ONE 2
COS 0
ONE 3
COS 0
ONE 1
COS 0
ONE 8
COS 0
ONE 7
COS 0
ONE 6
COS 0
ONE 6
COS 0
ONE 5
COS 0
ONE 5
COS 0
ONE 7
COS 0
ONE 2
COS 0
ONE 7
COS 0
ONE 1
COS 0
ONE 6
COS 0
ONE 1
COS 0
ONE 9
COS 0
ONE 9
COS 0
ONE 1
COS 0
ONE 6
COS 0
ONE 8
COS 0
ONE 10
COS 0
ONE 3
COS 0
ONE 5
COS 0
ONE 8
COS 0
ONE 2
COS 0
ONE 10
COS 0
ONE 4
COS 0
ONE 2
COS 0
ONE 3
COS 0
ONE 9
COS 0
ONE 4
COS 0
ONE 4
COS 0
ONE 6
COS 0
ONE 5
COS 0
ONE 7
COS 0
ONE 3
COS 0
ONE 7
COS 0
ONE 9
COS 0
ONE 3
COS 0
ONE 3
COS 0
ONE 5
COS 0
ONE 2
COS 0
ONE 4
COS 0
ONE 4
COS 0
ONE 7
COS 0
ONE 8
COS 0
ONE 8
COS 0
ONE 10
COS 0
ONE 7
COS 0
ONE 7
COS 0
ONE 5
COS 0
ONE 1
COS 0
ONE 8
COS 0
ONE 8
COS 0
ONE 6
COS 0
ONE 3
COS 0
ONE 6
COS 0
ONE 9
COS 0
ONE 5
COS 0
ONE 8
COS 0
ONE 3
COS 0
ONE 2
COS 0
ONE 6
COS 0
ONE 3
COS 0
ONE 2
COS 0
ONE 3
COS 0
ONE 6
COS 0
ONE 7
COS 0
ONE 8
COS 0
ONE 9
COS 0
ONE 3
COS 0
ONE 3
COS 0
ONE 3
COS 0
ONE 7
COS 0
ONE 6
COS 0
ONE 9
COS 0
ONE 9
COS 0
ONE 10
COS 0
ONE 4
COS 0
ONE 5
COS 0
ONE 2
COS 0
ONE 5
COS 0
ONE 4
COS 0
ONE 6
COS 0
ONE 5
COS 0
ONE 4
COS 0
ONE 3
COS 0
ONE 10
COS 0
ONE 4
COS 0
ONE 10
COS 0
ONE 7
COS 0
ONE 9
COS 0
ONE 2
COS 0
ONE 7
COS 0
ONE 9
COS 0
ONE 9
COS 0
ONE 7
COS 0
ONE 2
COS 0
ONE 6
COS 0
ONE 3
COS 0
ONE 7
COS 0
ONE 3
COS 0
ONE 8
COS 0
ONE 10
COS 0
ONE 5
COS 0
ONE 5
COS 0
ONE 1
COS 0
ONE 1
COS 0
ONE 3
COS 0
ONE 2
COS 0
ONE 4
COS 0
ONE 1
COS 0
ONE 5
COS 0
ONE 8
COS 0
ONE 8
COS 0
ONE 8
COS 0
ONE 8
COS 0
ONE 9
COS 0
ONE 4
COS 0
ONE 1
COS 0
ONE 1
COS 0
ONE 7
COS 0
ONE 2
COS 0
ONE 5
COS 0
ONE 1
COS 0
ONE 6
COS 0
ONE 5
COS 0
ONE 1
COS 0
ONE 6
COS 0
ONE 6
COS 0
ONE 4
COS 0
ONE 1
COS 0
ONE 1
COS 0
ONE 2
COS 0
ONE 3
COS 0
ONE 2
COS 0
ONE 2
COS 0
ONE 6
COS 0
ONE 7
COS 0
ONE 5
COS 0
ONE 2
COS 0
ONE 1
COS 0
ONE 8
COS 0
ONE 10
COS 0
ONE 7
COS 0
ONE 1
COS 0
ONE 6
COS 0
ONE 8
COS 0
ONE 7
COS 0
ONE 9
COS 0
ONE 5
COS 0
ONE 6
COS 0
ONE 4
COS 0
ONE 3
COS 0
ONE 3
COS 0
ONE 2
COS 0
ONE 9
COS 0
ONE 7
COS 0
ONE 4
COS 0
ONE 6
COS 0
ONE 5
COS 0
ONE 6
COS 0
ONE 5
COS 0
ONE 5
COS 0
ONE 2
COS 0
ONE 1
COS 0
ONE 7
COS 0
ONE 10
COS 0
ONE 10
COS 0
ONE 1
COS 0
ONE 10
COS 0
ONE 2
COS 0
ONE 6
COS 0
ONE 5
COS 0
ONE 5
COS 0
ONE 5
COS 0
ONE 3
COS 0
ONE 10
COS 0
ONE 10
COS 0
ONE 9
COS 0
ONE 9
COS 0
ONE 9
COS 0
ONE 8
COS 0
ONE 10
COS 0
ONE 6
COS 0
ONE 1
COS 0
ONE 3
COS 0
ONE 9
COS 0
ONE 5
COS 0
ONE 6
COS 0
ONE 7
COS 0
ONE 6
COS 0
ONE 10
COS 0
ONE 10
COS 0
ONE 7
COS 0
ONE 8
COS 0
ONE 2
COS 0
ONE 8
COS 0
ONE 1
COS 0
ONE 9
COS 0
ONE 5
COS 0
ONE 4
COS 0
ONE 8
COS 0
ONE 10
COS 0
ONE 8
COS 0
ONE 10
COS 0
ONE 10
COS 0
ONE 2
COS 0
ONE 8
COS 0
ONE 4
COS 0
ONE 9
COS 0
ONE 8
COS 0
ONE 10
COS 0
ONE 4
COS 0
ONE 10
COS 0
ONE 1
COS 0
ONE 1
COS 0
ONE 4
COS 0
ONE 5
COS 0
ONE 5
COS 0
ONE 4
COS 0
ONE 1
COS 0
ONE 2
COS 0
ONE 3
COS 0
ONE 3
COS 0
ONE 3
COS 0
ONE 6
COS 0
ONE 3
COS 0
ONE 7
COS 0
ONE 4
COS 0
ONE 3
COS 0
ONE 3
COS 0
ONE 8
COS 0
ONE 10
COS 0
ONE 4
COS 0
ONE 6
COS 0
ONE 6
COS 0
ONE 1
COS 0
ONE 2
COS 0
ONE 6
COS 0
ONE 4
COS 0
ONE 4
COS 0
ONE 7
COS 0
ONE 10
COS 0
ONE 3
COS 0
ONE 1
COS 0
ONE 1
COS 0
ONE 8
COS 0
ONE 5
COS 0
ONE 3
COS 0
ONE 10
COS 0
ONE 6
COS 0
ONE 7
COS 0
ONE 9
COS 0
ONE 1
COS 0
ONE 6
COS 0
ONE 5
COS 0
ONE 8
COS 0
ONE 5
COS 0
ONE 2
COS 0
ONE 10
COS 0
ONE 9
COS 0
ONE 3
COS 0
ONE 4
COS 0
ONE 3
COS 0
ONE 6
COS 0
ONE 4
COS 0
ONE 10
COS 0
ONE 9
COS 0
ONE 1
COS 0
ONE 5
COS 0
ONE 10
COS 0
ONE 6
COS 0
ONE 9
COS 0
ONE 6
COS 0
ONE 7
COS 0
ONE 2
COS 0
ONE 5
COS 0
ONE 8
COS 0
ONE 2
COS 0
ONE 7
COS 0
ONE 3
COS 0
ONE 6
COS 0
ONE 2
COS 0
ONE 8
COS 0
ONE 4
COS 0
ONE 7
COS 0
ONE 1
COS 0
ONE 1
COS 0
ONE 2
COS 0
ONE 4
COS 0
ONE 2
COS 0
ONE 9
COS 0
ONE 2
COS 0
ONE 3
COS 0
ONE 5
COS 0
ONE 8
COS 0
ONE 5
COS 0
ONE 8
COS 0
ONE 3
COS 0
ONE 9
COS 0
ONE 7
COS 0
ONE 1
COS 0
ONE 4
COS 0
ONE 2
COS 0
ONE 2
COS 0
ONE 10
COS 0
ONE 4
COS 0
ONE 1
COS 0
ONE 9
COS 0
ONE 10
COS 0
ONE 7
COS 0
ONE 1
COS 0
ONE 5
COS 0
ONE 8
COS 0
ONE 5
COS 0
ONE 1
COS 0
ONE 8
COS 0
ONE 1
COS 0
ONE 2
COS 0
ONE 3
COS 0
ONE 5
COS 0
ONE 4
COS 0
ONE 6
COS 0
ONE 4
COS 0
ONE 6
COS 0
ONE 3
COS 0
ONE 1
COS 0
ONE 2
COS 0
ONE 8
COS 0
ONE 6
COS 0
ONE 10
COS 0
ONE 3
COS 0
ONE 9
COS 0
ONE 10
COS 0
ONE 7
COS 0
ONE 4
COS 0
ONE 2
COS 0
ONE 9
COS 0
ONE 2
COS 0
ONE 6
COS 0
ONE 4
COS 0
ONE 10
COS 0
ONE 2
COS 0
ONE 7
COS 0
ONE 2
COS 0
ONE 4
COS 0
ONE 1
COS 0
ONE 7
COS 0
ONE 3
COS 0
ONE 5
COS 0
ONE 10
COS 0
ONE 2
COS 0
ONE 8
COS 0
ONE 2
COS 0
ONE 3
COS 0
ONE 6
COS 0
ONE 1
COS 0
ONE 5
COS 0
ONE 5
COS 0
ONE 5
COS 0
ONE 5
COS 0
ONE 10
COS 0
ONE 5
COS 0
ONE 3
COS 0
ONE 3
COS 0
ONE 2
COS 0
ONE 3
COS 0
ONE 6
COS 0
ONE 1
COS 0
ONE 9
COS 0
ONE 1
COS 0
ONE 10
COS 0
ONE 1
COS 0
ONE 9
COS 0
ONE 5
COS 0
ONE 9
COS 0
ONE 5
COS 0
ONE 10
COS 0
ONE 10
COS 0
ONE 6
COS 0
ONE 7
COS 0
ONE 3
COS 0
ONE 3
COS 0
ONE 5
COS 0
ONE 1
COS 0
ONE 7
COS 0
ONE 7
COS 0
ONE 6
COS 0
ONE 7
COS 0
ONE 4
COS 0
ONE 9
COS 0
ONE 3
COS 0
ONE 10
COS 0
ONE 2
COS 0
ONE 7
COS 0
ONE 1
COS 0
ONE 1
COS 0
ONE 1
COS 0
ONE 5
COS 0
ONE 4
COS 0
ONE 4
COS 0
ONE 1
COS 0
ONE 10
COS 0
ONE 3
COS 0
ONE 9
COS 0
ONE 8
COS 0
ONE 7
COS 0
ONE 7
COS 0
ONE 2
COS 0
ONE 8
COS 0
ONE 10
COS 0
ONE 2
COS 0
ONE 3
COS 0
ONE 8
COS 0
ONE 3
COS 0
ONE 9
COS 0
ONE 9
COS 0
ONE 8
COS 0
ONE 5
COS 0
ONE 10
COS 0
ONE 5
COS 0
ONE 6
COS 0
ONE 9
COS 0
ONE 2
COS 0
ONE 4
COS 0
ONE 6
COS 0
ONE 4
COS 0
ONE 9
COS 0
ONE 1
COS 0
ONE 3
COS 0
ONE 4
COS 0
ONE 2
COS 0
ONE 1
COS 0
ONE 2
COS 0
ONE 1
COS 0
ONE 9
COS 0
ONE 3
COS 0
ONE 9
COS 0
ONE 8
COS 0
ONE 9
COS 0
ONE 2
COS 0
ONE 8
COS 0
ONE 7
COS 0
ONE 7
COS 0
ONE 9
COS 0
ONE 3
COS 0
ONE 5
COS 0
ONE 1
COS 0
ONE 4
COS 0
ONE 5
COS 0
ONE 8
COS 0
ONE 5
COS 0
ONE 7
COS 0
ONE 1
COS 0
ONE 7
COS 0
ONE 7
COS 0
ONE 8
COS 0
ONE 1
COS 0
ONE 10
COS 0
ONE 7
COS 0
ONE 9
COS 0
ONE 4
COS 0
ONE 10
COS 0
ONE 4
COS 0
ONE 4
COS 0
ONE 4
COS 0
ONE 2
COS 0
ONE 6
COS 0
ONE 5
COS 0
ONE 2
COS 0
ONE 3
COS 0
ONE 4
COS 0
ONE 6
COS 0
ONE 6
COS 0
ONE 10
COS 0
ONE 3
COS 0
ONE 6
COS 0
ONE 8
COS 0
ONE 7
COS 0
ONE 2
COS 0
ONE 10
COS 0
ONE 9
COS 0
ONE 5
COS 0
ONE 8
COS 0
ONE 3
COS 0
ONE 6
COS 0
ONE 8
COS 0
ONE 9
COS 0
ONE 7
COS 0
ONE 2
COS 0
ONE 3
COS 0
ONE 7
COS 0
ONE 4
COS 0
ONE 9
COS 0
ONE 4
COS 0
ONE 8
COS 0
ONE 6
COS 0
ONE 3
COS 0
ONE 7
COS 0
ONE 10
COS 0
ONE 10
COS 0
ONE 2
COS 0
ONE 10
COS 0
ONE 10
COS 0
ONE 2
COS 0
ONE 8
COS 0
ONE 5
COS 0
ONE 2
COS 0
ONE 4
COS 0
ONE 1
COS 0
ONE 9
COS 0
ONE 9
COS 0
ONE 8
COS 0
ONE 9
COS 0
ONE 6
COS 0
ONE 7
COS 0
ONE 10
COS 0
ONE 6
COS 0
ONE 3
COS 0
ONE 3
COS 0
ONE 2
COS 0
ONE 2
COS 0
ONE 10
COS 0
ONE 4
COS 0
ONE 4
COS 0
ONE 9
COS 0
ONE 10
COS 0
ONE 3
COS 0
ONE 6
COS 0
ONE 2
COS 0
ONE 2
COS 0
ONE 3
COS 0
ONE 7
COS 0
ONE 4
COS 0
ONE 10
COS 0
ONE 10
COS 0
ONE 1
COS 0
ONE 3
COS 0
ONE 8
COS 0
ONE 1
COS 0
ONE 7
COS 0
ONE 4
COS 0
ONE 10
COS 0
ONE 8
COS 0
ONE 2
COS 0
ONE 3
COS 0
ONE 2
COS 0
ONE 1
COS 0
ONE 8
COS 0
ONE 9
COS 0
ONE 4
COS 0
ONE 9
COS 0
ONE 5
COS 0
ONE 7
COS 0
ONE 9
COS 0
ONE 5
COS 0
ONE 6
COS 0
ONE 2
COS 0
ONE 7
COS 0
ONE 2
COS 0
ONE 4
COS 0
ONE 4
COS 0
ONE 8
COS 0
ONE 7
COS 0
ONE 2
COS 0
ONE 8
COS 0
ONE 4
COS 0
ONE 1
COS 0
ONE 3
COS 0
ONE 10
COS 0
ONE 1
COS 0
ONE 6
COS 0
ONE 9
COS 0
ONE 10
COS 0
ONE 7
COS 0
ONE 9
COS 0
ONE 2
COS 0
ONE 2
COS 0
ONE 1
COS 0
ONE 9
COS 0
ONE 4
COS 0
ONE 8
COS 0
ONE 9
COS 0
ONE 9
COS 0
ONE 5
COS 0
ONE 1
COS 0
ONE 2
COS 0
ONE 7
COS 0
ONE 7
COS 0
ONE 7
COS 0
ONE 8
COS 0
ONE 8
COS 0
ONE 1
COS 0
ONE 6
COS 0
ONE 6
COS 0
ONE 2
COS 0
ONE 9
COS 0
ONE 9
COS 0
ONE 9
COS 0
ONE 3
COS 0
ONE 5
COS 0
ONE 2
COS 0
ONE 7
COS 0
ONE 2
COS 0
ONE 6
COS 0
ONE 8
COS 0
ONE 7
COS 0
ONE 3
COS 0
ONE 5
COS 0
ONE 9
COS 0
ONE 5
COS 0
ONE 2
COS 0
ONE 8
COS 0
ONE 9
COS 0
ONE 8
COS 0
ONE 10
COS 0
ONE 6
COS 0
ONE 5
COS 0
ONE 7
COS 0
ONE 1
COS 0
ONE 1
COS 0
ONE 10
COS 0
ONE 1
COS 0
ONE 6
COS 0
ONE 5
COS 0
ONE 5
COS 0
ONE 4
COS 0
ONE 5
COS 0
ONE 3
COS 0
ONE 9
COS 0
ONE 10
COS 0
ONE 9
COS 0
ONE 1
COS 0
ONE 7
COS 0
ONE 3
COS 0
ONE 4
COS 0
ONE 2
COS 0
ONE 5
COS 0
ONE 7
COS 0
ONE 8
COS 0
ONE 1
COS 0
ONE 7
COS 0
ONE 10
COS 0
ONE 1
COS 0
ONE 10
COS 0
ONE 10
COS 0
ONE 3
COS 0
ONE 9
COS 0
ONE 2
COS 0
ONE 2
COS 0
ONE 10
COS 0
ONE 7
COS 0
ONE 9
COS 0
ONE 5
COS 0
ONE 10
COS 0
ONE 4
COS 0
ONE 8
COS 0
ONE 9
COS 0
ONE 5
COS 0
ONE 8
COS 0
ONE 10
COS 0
ONE 10
COS 0
ONE 9
COS 0
ONE 7
COS 0
ONE 4
COS 0
ONE 1
COS 0
ONE 9
COS 0
ONE 6
COS 0
ONE 4
COS 0
ONE 2
COS 0
ONE 10
COS 0
ONE 6
COS 0
ONE 6
COS 0
ONE 5
COS 0
ONE 4
COS 0
ONE 4
COS 0
ONE 3
COS 0
ONE 6
COS 0
ONE 4
COS 0
ONE 2
COS 0
ONE 6
COS 0
ONE 10
COS 0
ONE 7
COS 0
ONE 6
COS 0
ONE 3
COS 0
ONE 8
COS 0
ONE 4
COS 0
ONE 3
COS 0
ONE 5
COS 0
ONE 1
COS 0
ONE 8
COS 0
ONE 7
COS 0
ONE 9
COS 0
ONE 6
COS 0
ONE 1
COS 0
ONE 9
COS 0
ONE 3
COS 0
ONE 6
COS 0
ONE 1
COS 0
ONE 7
COS 0
ONE 8
COS 0
ONE 9
COS 0
ONE 7
COS 0
ONE 3
COS 0
ONE 2
COS 0
ONE 9
COS 0
ONE 8
COS 0
ONE 4
COS 0
ONE 3
COS 0
ONE 2
COS 0
ONE 9
COS 0
ONE 10
COS 0
ONE 9
COS 0
ONE 3
COS 0
ONE 5
COS 0
ONE 9
COS 0
ONE 1
COS 0
ONE 4
COS 0
ONE 1
COS 0
ONE 9
COS 0
ONE 10
COS 0
ONE 9
COS 0
ONE 4
COS 0
ONE 2
COS 0
ONE 10
COS 0
ONE 7
COS 0
ONE 2
COS 0
ONE 3
COS 0
ONE 9
COS 0
ONE 9
COS 0
ONE 6
COS 0
ONE 10
COS 0
ONE 6
COS 0
ONE 9
COS 0
ONE 7
COS 0
ONE 6
COS 0
ONE 4
COS 0
ONE 5
COS 0
ONE 2
COS 0
ONE 6
COS 0
ONE 4
COS 0
ONE 9
COS 0
ONE 10
COS 0
ONE 8
COS 0
ONE 3
COS 0
ONE 5
COS 0
ONE 7
COS 0
ONE 1
COS 0
ONE 3
COS 0
ONE 10
COS 0
ONE 8
COS 0
ONE 2
COS 0
ONE 3
COS 0
ONE 7
COS 0
ONE 5
COS 0
ONE 4
COS 0
ONE 10
COS 0
ONE 7
COS 0
ONE 8
COS 0
ONE 2
COS 0
ONE 2
COS 0
ONE 10
COS 0
ONE 10
COS 0
ONE 5
COS 0
ONE 7
COS 0
ONE 1
COS 0
ONE 9
COS 0
ONE 6
COS 0
ONE 10
COS 0
ONE 9
COS 0
ONE 10
COS 0
ONE 10
COS 0
ONE 5
COS 0
ONE 5
COS 0
ONE 2
COS 0
ONE 7
COS 0
ONE 8
COS 0
ONE 3
COS 0
ONE 10
COS 0
ONE 8
COS 0
ONE 4
COS 0
ONE 3
COS 0
ONE 5
COS 0
ONE 1
COS 0
ONE 1
COS 0
ONE 10
COS 0
ONE 2
COS 0
ONE 9
COS 0
ONE 7
COS 0
ONE 7
COS 0
ONE 8
COS 0
ONE 1
COS 0
ONE 6
COS 0
ONE 8
COS 0
ONE 1
COS 0
ONE 5
COS 0
ONE 1
COS 0
ONE 4
COS 0
ONE 5
COS 0
ONE 8
COS 0
ONE 7
COS 0
ONE 3
COS 0
ONE 1
COS 0
ONE 4
COS 0
ONE 1
COS 0
ONE 8
COS 0
ONE 5
COS 0
ONE 9
COS 0
ONE 9
COS 0
ONE 10
COS 0
ONE 8
COS 0
ONE 8
COS 0
ONE 6
COS 0
ONE 8
COS 0
ONE 5
COS 0
ONE 6
COS 0
ONE 5
COS 0
ONE 6
COS 0
ONE 1
COS 0
ONE 3
COS 0
ONE 10
COS 0
ONE 4
COS 0
ONE 10
COS 0
ONE 8
COS 0
ONE 2
COS 0
ONE 3
COS 0
ONE 7
COS 0
ONE 5
COS 0
ONE 6
COS 0
ONE 1
COS 0
ONE 3
COS 0
ONE 1
COS 0
ONE 6
COS 0
ONE 2
COS 0
ONE 5
COS 0
ONE 9
COS 0
ONE 4
COS 0
ONE 3
COS 0
ONE 8
COS 0
ONE 7
COS 0
ONE 2
COS 0
ONE 7
COS 0
ONE 5
COS 0
ONE 4
COS 0
ONE 8
COS 0
ONE 10
COS 0
ONE 6
COS 0
ONE 1
COS 0
ONE 2
COS 0
ONE 8
COS 0
ONE 4
COS 0
ONE 8
COS 0
ONE 2
COS 0
ONE 7
COS 0
ONE 5
COS 0
ONE 6
COS 0
ONE 5
COS 0
ONE 5
COS 0
ONE 1
COS 0
ONE 3
COS 0
ONE 6
COS 0
ONE 7
COS 0
ONE 3
COS 0
ONE 3
COS 0
ONE 4
COS 0
ONE 7
COS 0
ONE 3
COS 0
ONE 10
COS 0
ONE 2
COS 0
ONE 3
COS 0
ONE 1
COS 0
ONE 6
COS 0
ONE 8
COS 0
ONE 2
COS 0
ONE 9
COS 0
ONE 2
COS 0
ONE 4
COS 0
ONE 9
COS 0
ONE 9
COS 0
ONE 2
COS 0
ONE 2
COS 0
ONE 6
COS 0
ONE 7
COS 0
ONE 7
COS 0
ONE 9
COS 0
ONE 5
COS 0
ONE 9
COS 0
ONE 1
COS 0
ONE 4
COS 0
ONE 5
COS 0
ONE 6
COS 0
ONE 8
COS 0
ONE 5
COS 0
ONE 10
COS 0
ONE 10
COS 0
ONE 2
COS 0
ONE 10
COS 0
ONE 1
COS 0
ONE 2
COS 0
ONE 6
COS 0
ONE 8
COS 0
ONE 4
COS 0
ONE 10
COS 0
ONE 4
COS 0
ONE 9
COS 0
ONE 9
COS 0
ONE 2
COS 0
ONE 8
COS 0
ONE 5
COS 0
ONE 3
COS 0
ONE 9
COS 0
ONE 8
COS 0
ONE 6
COS 0
ONE 4
COS 0
ONE 8
COS 0
ONE 3
COS 0
ONE 3
COS 0
ONE 8
COS 0
ONE 6
COS 0
ONE 3
COS 0
ONE 7
COS 0
ONE 5
COS 0
ONE 10
COS 0
ONE 1
COS 0
ONE 7
COS 0
ONE 1
COS 0
ONE 8
COS 0
ONE 5
COS 0
ONE 4
COS 0
ONE 8
COS 0
ONE 10
COS 0
ONE 8
COS 0
ONE 4
COS 0
ONE 1
COS 0
ONE 2
COS 0
ONE 9
COS 0
ONE 7
COS 0
ONE 6
COS 0
ONE 2
COS 0
ONE 4
COS 0
ONE 4
COS 0
ONE 6
COS 0
ONE 3
COS 0
ONE 8
COS 0
ONE 5
COS 0
ONE 2
COS 0
ONE 5
COS 0
ONE 7
COS 0
ONE 8
COS 0
ONE 8
COS 0
ONE 2
COS 0
ONE 10
COS 0
ONE 9
COS 0
ONE 7
COS 0
ONE 5
COS 0
ONE 3
COS 0
ONE 1
COS 0
ONE 1
COS 0
ONE 7
COS 0
ONE 8
COS 0
ONE 1
COS 0
ONE 2
COS 0
ONE 10
COS 0
ONE 9
COS 0
ONE 7
COS 0
ONE 2
COS 0
ONE 8
COS 0
ONE 6
COS 0
ONE 10
COS 0
ONE 9
COS 0
ONE 2
COS 0
ONE 10
COS 0
ONE 6
COS 0
ONE 9
COS 0
ONE 8
COS 0
ONE 3
COS 0
ONE 3
COS 0
ONE 3
COS 0
ONE 7
COS 0
ONE 5
COS 0
ONE 5
COS 0
ONE 6
COS 0
ONE 8
COS 0
ONE 9
COS 0
ONE 10
COS 0
ONE 9
COS 0
ONE 10
COS 0
ONE 9
COS 0
ONE 1
COS 0
ONE 8
COS 0
ONE 10
COS 0
ONE 4
COS 0
ONE 2
COS 0
ONE 4
COS 0
ONE 6
COS 0
ONE 1
COS 0
ONE 5
COS 0
ONE 4
COS 0
ONE 6
COS 0
ONE 3
COS 0
ONE 7
COS 0
ONE 7
COS 0
ONE 10
COS 0
ONE 10
COS 0
ONE 10
COS 0
ONE 2
COS 0
ONE 8
COS 0
ONE 4
COS 0
ONE 7
COS 0
ONE 3
COS 0
ONE 5
COS 0
ONE 1
COS 0
ONE 6
COS 0
ONE 4
COS 0
ONE 5
COS 0
ONE 6
COS 0
ONE 6
COS 0
ONE 10
COS 0
ONE 9
COS 0
ONE 2
COS 0
ONE 6
COS 0
ONE 3
COS 0
ONE 2
COS 0
ONE 9
COS 0
ONE 7
COS 0
ONE 7
COS 0
ONE 2
COS 0
ONE 5
COS 0
ONE 8
COS 0
ONE 10
COS 0
ONE 10
COS 0
ONE 10
COS 0
ONE 5
COS 0
ONE 8
COS 0
ONE 2
COS 0
ONE 7
COS 0
ONE 10
COS 0
ONE 3
COS 0
ONE 10
COS 0
ONE 2
COS 0
ONE 1
COS 0
ONE 3
COS 0
ONE 3
COS 0
ONE 10
COS 0
ONE 1
COS 0
ONE 3
COS 0
ONE 4
COS 0
ONE 9
COS 0
ONE 5
COS 0
ONE 5
COS 0
ONE 2
COS 0
ONE 7
COS 0
ONE 7
COS 0
ONE 8
COS 0
ONE 1
COS 0
ONE 9
COS 0
ONE 1
COS 0
ONE 3
COS 0
ONE 6
COS 0
ONE 7
COS 0
ONE 10
COS 0
ONE 6
COS 0
ONE 6
COS 0
ONE 6
COS 0
ONE 3
COS 0
ONE 3
COS 0
ONE 3
COS 0
ONE 5
COS 0
ONE 2
COS 0
ONE 5
COS 0
ONE 2
COS 0
ONE 8
COS 0
ONE 10
COS 0
ONE 7
COS 0
ONE 8
COS 0
ONE 7
COS 0
ONE 9
COS 0
ONE 9
COS 0
ONE 9
COS 0
ONE 1
COS 0
ONE 2
COS 0
ONE 10
COS 0
ONE 7
COS 0
ONE 3
COS 0
ONE 6
COS 0
ONE 6
COS 0
ONE 7
COS 0
ONE 4
COS 0
ONE 6
COS 0
ONE 9
COS 0
ONE 7
COS 0
ONE 1
COS 0
ONE 5
COS 0
ONE 7
COS 0
ONE 3
COS 0
ONE 3
COS 0
ONE 10
COS 0
ONE 10
COS 0
ONE 3
COS 0
ONE 3
COS 0
ONE 9
COS 0
ONE 3
COS 0
ONE 8
COS 0
ONE 2
COS 0
ONE 4
COS 0
ONE 1
COS 0
ONE 6
COS 0
ONE 6
COS 0
ONE 3
COS 0
ONE 7
COS 0
ONE 8
COS 0
ONE 10
COS 0
ONE 9
COS 0
ONE 2
COS 0
ONE 4
COS 0
ONE 2
COS 0
ONE 10
COS 0
ONE 1
COS 0
ONE 5
COS 0
ONE 6
COS 0
ONE 3
COS 0
ONE 2
COS 0
ONE 10
COS 0
ONE 8
COS 0
ONE 10
COS 0
ONE 4
COS 0
ONE 9
COS 0
ONE 1
COS 0
ONE 8
COS 0
ONE 10
COS 0
ONE 10
COS 0
ONE 8
COS 0
ONE 5
COS 0
ONE 3
COS 0
ONE 4
COS 0
ONE 2
COS 0
ONE 1
COS 0
ONE 2
COS 0
ONE 1
COS 0
ONE 5
COS 0
ONE 4
COS 0
ONE 7
COS 0
ONE 5
COS 0
ONE 9
COS 0
ONE 8
COS 0
ONE 6
COS 0
ONE 10
COS 0
ONE 7
COS 0
ONE 5
COS 0
ONE 9
COS 0
ONE 6
COS 0
ONE 10
COS 0
ONE 4
COS 0
ONE 10
COS 0
ONE 1
COS 0
ONE 1
COS 0
ONE 1
COS 0
ONE 6
COS 0
ONE 5
COS 0
ONE 6
COS 0
ONE 10
COS 0
ONE 3
COS 0
ONE 9
COS 0
ONE 9
COS 0
ONE 10
COS 0
ONE 4
COS 0
ONE 9
COS 0
ONE 1
COS 0
ONE 3
COS 0
ONE 2
COS 0
ONE 7
COS 0
ONE 8
COS 0
ONE 9
COS 0
ONE 8
COS 0
ONE 4
COS 0
ONE 8
COS 0
ONE 8
COS 0
ONE 3
COS 0
ONE 8
COS 0
ONE 7
COS 0
ONE 4
COS 0
ONE 3
COS 0
ONE 1
COS 0
ONE 4
COS 0
ONE 7
COS 0
ONE 5
COS 0
ONE 7
COS 0
ONE 3
COS 0
ONE 9
COS 0
ONE 4
COS 0
ONE 2
COS 0
ONE 1
COS 0
ONE 7
COS 0
ONE 2
COS 0
ONE 7
COS 0
ONE 10
COS 0
ONE 2
COS 0
ONE 1
COS 0
ONE 6
COS 0
ONE 9
COS 0
ONE 4
COS 0
ONE 6
COS 0
ONE 5
COS 0
ONE 8
COS 0
ONE 7
COS 0
ONE 7
COS 0
ONE 1
COS 0
ONE 8
COS 0
ONE 2
COS 0
ONE 5
COS 0
ONE 1
COS 0
ONE 3
COS 0
ONE 8
COS 0
ONE 4
COS 0
ONE 3
COS 0
ONE 2
COS 0
ONE 3
COS 0
ONE 10
COS 0
ONE 2
COS 0
ONE 1
COS 0
ONE 9
COS 0
ONE 5
COS 0
ONE 7
COS 0
ONE 9
COS 0
ONE 4
COS 0
ONE 1
COS 0
ONE 9
COS 0
ONE 8
COS 0
ONE 3
COS 0
ONE 5
COS 0
ONE 1
COS 0
ONE 10
COS 0
ONE 2
COS 0
ONE 6
COS 0
ONE 5
COS 0
ONE 3
COS 0
ONE 3
COS 0
ONE 9
COS 0
ONE 10
COS 0
ONE 6
COS 0
ONE 7
COS 0
ONE 2
COS 0
ONE 5
COS 0
ONE 6
COS 0
ONE 6
COS 0
ONE 9
COS 0
ONE 4
COS 0
ONE 9
COS 0
ONE 7
COS 0
ONE 3
COS 0
ONE 5
COS 0
ONE 1
COS 0
ONE 8
COS 0
ONE 8
COS 0
ONE 8
COS 0
ONE 3
COS 0
ONE 7
COS 0
ONE 10
COS 0
ONE 4
COS 0
ONE 6
COS 0
ONE 8
COS 0
ONE 8
COS 0
ONE 2
COS 0
ONE 9
COS 0
ONE 9
COS 0
ONE 2
COS 0
ONE 1
COS 0
ONE 5
COS 0
ONE 1
COS 0
ONE 1
COS 0
ONE 7
COS 0
ONE 4
COS 0
ONE 9
COS 0
ONE 3
COS 0
ONE 6
COS 0
ONE 9
COS 0
ONE 8
COS 0
ONE 8
COS 0
ONE 4
COS 0
ONE 7
COS 0
ONE 3
COS 0
ONE 4
COS 0
ONE 9
COS 0
ONE 6
COS 0
ONE 4
COS 0
ONE 1
COS 0
ONE 6
COS 0
ONE 6
COS 0
ONE 4
COS 0
ONE 2
COS 0
ONE 10
COS 0
ONE 9
COS 0
ONE 2
COS 0
ONE 6
COS 0
ONE 9
COS 0
ONE 6
COS 0
ONE 4
COS 0
ONE 2
COS 0
ONE 7
COS 0
ONE 1
COS 0
ONE 9
COS 0
ONE 3
COS 0
ONE 8
COS 0
ONE 8
COS 0
ONE 6
COS 0
ONE 9
COS 0
ONE 9
COS 0
ONE 4
COS 0
ONE 2
COS 0
ONE 3
COS 0
ONE 9
COS 0
ONE 1
COS 0
ONE 7
COS 0
ONE 2
COS 0
ONE 4
COS 0
ONE 4
COS 0
ONE 5
COS 0
ONE 10
COS 0
ONE 2
COS 0
ONE 1
COS 0
ONE 2
COS 0
ONE 1
COS 0
ONE 6
COS 0
ONE 2
COS 0
ONE 2
COS 0
ONE 9
COS 0
ONE 10
COS 0
ONE 5
COS 0
ONE 4
COS 0
ONE 1
COS 0
ONE 1
COS 0
ONE 6
COS 0
ONE 5
COS 0
ONE 7
COS 0
ONE 7
COS 0
ONE 1
COS 0
ONE 9
COS 0
ONE 10
COS 0
ONE 5
COS 0
ONE 4
COS 0
ONE 5
COS 0
ONE 3
COS 0
ONE 2
COS 0
ONE 4
COS 0
ONE 9
COS 0
ONE 2
COS 0
ONE 8
COS 0
ONE 3
COS 0
ONE 3
COS 0
ONE 3
COS 0
ONE 5
COS 0
ONE 1
COS 0
ONE 2
COS 0
ONE 10
COS 0
ONE 8
COS 0
ONE 9
COS 0
ONE 5
COS 0
ONE 1
COS 0
ONE 7
COS 0
ONE 8
COS 0
ONE 10
COS 0
ONE 10
COS 0
ONE 6
COS 0
ONE 8
COS 0
ONE 10
COS 0
ONE 2
COS 0
ONE 7
COS 0
ONE 4
COS 0
ONE 4
COS 0
ONE 5
COS 0
ONE 9
COS 0
ONE 5
COS 0
ONE 4
COS 0
ONE 9
COS 0
ONE 3
COS 0
ONE 1
COS 0
ONE 1
COS 0
ONE 4
COS 0
ONE 2
COS 0
ONE 10
COS 0
ONE 6
COS 0
ONE 10
COS 0
ONE 3
COS 0
ONE 3
COS 0
ONE 10
COS 0
ONE 8
COS 0
ONE 5
COS 0
ONE 5
COS 0
ONE 8
COS 0
ONE 4
COS 0
ONE 8
COS 0
ONE 9
COS 0
ONE 9
COS 0
ONE 1
COS 0
ONE 6
COS 0
ONE 6
COS 0
ONE 9
COS 0
ONE 6
COS 0
ONE 1
COS 0
ONE 4
COS 0
ONE 2
COS 0
ONE 10
COS 0
ONE 5
COS 0
ONE 8
COS 0
ONE 8
COS 0
ONE 8
COS 0
ONE 6
COS 0
ONE 9
COS 0
ONE 4
COS 0
ONE 5
COS 0
ONE 5
COS 0
ONE 3
COS 0
ONE 9
COS 0
ONE 7
COS 0
ONE 10
COS 0
ONE 7
COS 0
ONE 6
COS 0
ONE 6
COS 0
ONE 6
COS 0
ONE 1
COS 0
ONE 4
COS 0
ONE 9
COS 0
ONE 2
COS 0
ONE 1
COS 0
ONE 9
COS 0
ONE 7
COS 0
ONE 4
COS 0
ONE 2
COS 0
ONE 5
COS 0
ONE 9
COS 0
ONE 7
COS 0
ONE 10
COS 0
ONE 4
COS 0
ONE 7
COS 0
ONE 9
COS 0
ONE 5
COS 0
ONE 10
COS 0
ONE 2
COS 0
ONE 2
COS 0
ONE 4
COS 0
ONE 2
COS 0
ONE 4
COS 0
ONE 10
COS 0
ONE 6
COS 0
ONE 3
COS 0
ONE 5
COS 0
ONE 3
COS 0
ONE 7
COS 0
ONE 7
COS 0
ONE 1
COS 0
ONE 10
COS 0
ONE 2
COS 0
ONE 4
COS 0
ONE 9
COS 0
ONE 8
COS 0
ONE 9
COS 0
ONE 10
COS 0
ONE 3
COS 0
ONE 7
COS 0
ONE 7
COS 0
ONE 5
COS 0
ONE 10
COS 0
ONE 5
COS 0
ONE 9
COS 0
ONE 9
COS 0
ONE 9
COS 0
ONE 5
COS 0
ONE 1
COS 0
ONE 5
COS 0
ONE 1
COS 0
ONE 9
COS 0
ONE 7
COS 0
ONE 2
COS 0
ONE 8
COS 0
ONE 5
COS 0
ONE 9
COS 0
ONE 3
COS 0
ONE 6
COS 0
ONE 2
COS 0
ONE 6
COS 0
ONE 2
COS 0
ONE 1
COS 0
ONE 2
COS 0
ONE 7
COS 0
ONE 10
COS 0
ONE 3
COS 0
ONE 8
COS 0
ONE 6
COS 0
ONE 6
COS 0
ONE 1
COS 0
ONE 5
COS 0
ONE 4
COS 0
ONE 6
COS 0
ONE 8
COS 0
ONE 3
COS 0
ONE 6
COS 0
ONE 10
COS 0
ONE 6
COS 0
ONE 3
COS 0
ONE 2
COS 0
ONE 4
COS 0
ONE 6
COS 0
ONE 9
COS 0
ONE 1
COS 0
ONE 2
COS 0
ONE 8
COS 0
ONE 3
COS 0
ONE 8
COS 0
ONE 3
COS 0
ONE 9
COS 0
ONE 7
COS 0
ONE 3
COS 0
ONE 3
COS 0
ONE 3
COS 0
ONE 4
COS 0
ONE 5
COS 0
ONE 8
COS 0
ONE 1
COS 0
ONE 10
COS 0
ONE 9
COS 0
ONE 5
COS 0
ONE 9
COS 0
ONE 10
COS 0
ONE 6
COS 0
ONE 5
COS 0
ONE 8
COS 0
ONE 9
COS 0
ONE 10
COS 0
ONE 10
COS 0
ONE 6
COS 0
ONE 1
COS 0
ONE 4
COS 0
ONE 1
COS 0
ONE 3
COS 0
ONE 7
COS 0
ONE 7
COS 0
ONE 3
COS 0
ONE 10
COS 0
ONE 1
COS 0
ONE 7
COS 0
ONE 4
COS 0
ONE 4
COS 0
ONE 9
COS 0
ONE 7
COS 0
ONE 4
COS 0
ONE 5
COS 0
ONE 5
COS 0
ONE 1
COS 0
ONE 10
COS 0
ONE 3
COS 0
ONE 1
COS 0
ONE 3
COS 0
ONE 7
COS 0
ONE 3
COS 0
ONE 8
COS 0
ONE 8
COS 0
ONE 8
COS 0
ONE 3
COS 0
ONE 3
COS 0
ONE 1
COS 0
ONE 7
COS 0
ONE 4
COS 0
ONE 4
COS 0
ONE 1
COS 0
ONE 4
COS 0
ONE 2
COS 0
ONE 8
COS 0
ONE 1
COS 0
ONE 5
COS 0
ONE 9
COS 0
ONE 9
COS 0
ONE 2
COS 0
ONE 10
COS 0
ONE 4
COS 0
ONE 1
COS 0
ONE 3
COS 0
ONE 6
COS 0
ONE 5
COS 0
ONE 7
COS 0
ONE 5
COS 0
ONE 1
COS 0
ONE 10
COS 0
ONE 10
COS 0
ONE 1
COS 0
ONE 10
COS 0
ONE 3
COS 0
ONE 4
COS 0
ONE 5
COS 0
ONE 8
COS 0
ONE 2
COS 0
ONE 6
COS 0
ONE 7
COS 0
ONE 7
COS 0
ONE 5
COS 0
ONE 10
COS 0
ONE 10
COS 0
ONE 7
COS 0
ONE 6
COS 0
ONE 7
COS 0
ONE 9
COS 0
ONE 1
COS 0
ONE 7
COS 0
ONE 4
COS 0
ONE 4
COS 0
ONE 5
COS 0
ONE 1
COS 0
ONE 2
COS 0
ONE 3
COS 0
ONE 7
COS 0
ONE 8
COS 0
ONE 10
COS 0
ONE 5
COS 0
ONE 3
COS 0
ONE 6
COS 0
ONE 4
COS 0
ONE 6
COS 0
ONE 4
COS 0
ONE 7
COS 0
ONE 5
COS 0
ONE 7
COS 0
ONE 6
COS 0
ONE 9
COS 0
ONE 10
COS 0
ONE 2
COS 0
ONE 7
COS 0
ONE 4
COS 0
ONE 2
COS 0
ONE 4
COS 0
ONE 7
COS 0
ONE 7
COS 0
ONE 8
COS 0
ONE 9
COS 0
ONE 1
COS 0
ONE 9
COS 0
ONE 10
COS 0
ONE 9
COS 0
ONE 6
COS 0
ONE 2
COS 0
ONE 3
COS 0
ONE 6
COS 0
ONE 3
COS 0
ONE 3
COS 0
ONE 1
COS 0
ONE 7
COS 0
ONE 7
COS 0
ONE 4
COS 0
ONE 10
COS 0
ONE 2
COS 0
ONE 2
COS 0
ONE 5
COS 0
ONE 3
COS 0
ONE 6
COS 0
ONE 5
COS 0
ONE 9
COS 0
ONE 9
COS 0
ONE 1
COS 0
ONE 5
COS 0
ONE 3
COS 0
ONE 6
COS 0
ONE 1
COS 0
ONE 5
COS 0
ONE 3
COS 0
ONE 2
COS 0
ONE 8
COS 0
ONE 4
COS 0
ONE 7
COS 0
ONE 5
COS 0
ONE 1
COS 0
ONE 9
COS 0
ONE 7
COS 0
ONE 3
COS 0
ONE 2
COS 0
ONE 7
COS 0
ONE 3
COS 0
ONE 3
COS 0
ONE 6
COS 0
ONE 7
COS 0
ONE 5
COS 0
ONE 9
COS 0
ONE 6
COS 0
ONE 8
COS 0
ONE 1
COS 0
ONE 5
COS 0
ONE 8
COS 0
ONE 3
COS 0
ONE 8
COS 0
ONE 4
COS 0
ONE 3
COS 0
ONE 6
COS 0
ONE 3
COS 0
ONE 7
COS 0
ONE 10
COS 0
ONE 7
COS 0
ONE 9
COS 0
ONE 7
COS 0
ONE 10
COS 0
ONE 8
COS 0
ONE 2
COS 0
ONE 1
COS 0
ONE 10
COS 0
ONE 1
COS 0
ONE 5
COS 0
ONE 9
COS 0
ONE 10
COS 0
ONE 3
COS 0
ONE 1
COS 0
ONE 7
COS 0
ONE 1
COS 0
ONE 6
COS 0
ONE 5
COS 0
ONE 6
COS 0
ONE 2
COS 0
ONE 7
COS 0
ONE 10
COS 0
ONE 8
COS 0
ONE 2
COS 0
ONE 10
COS 0
ONE 5
COS 0
ONE 8
COS 0
ONE 5
COS 0
ONE 7
COS 0
ONE 9
COS 0
ONE 9
COS 0
ONE 1
COS 0
ONE 3
COS 0
ONE 4
COS 0
ONE 5
COS 0
ONE 1
COS 0
ONE 10
COS 0
ONE 7
COS 0
ONE 9
COS 0
ONE 3
COS 0
ONE 5
COS 0
ONE 2
COS 0
ONE 2
COS 0
ONE 4
COS 0
ONE 1
COS 0
ONE 5
COS 0
ONE 1
COS 0
ONE 8
COS 0
ONE 1
COS 0
ONE 7
COS 0
ONE 6
COS 0
ONE 8
COS 0
ONE 5
COS 0
ONE 2
COS 0
ONE 4
COS 0
ONE 2
COS 0
ONE 2
COS 0
ONE 3
COS 0
ONE 8
COS 0
ONE 8
COS 0
ONE 3
COS 0
ONE 9
COS 0
ONE 2
COS 0
ONE 8
COS 0
ONE 9
COS 0
ONE 2
COS 0
ONE 2
COS 0
ONE 7
COS 0
ONE 7
COS 0
ONE 8
COS 0
ONE 2
COS 0
ONE 4
COS 0
ONE 9
COS 0
ONE 3
COS 0
ONE 9
COS 0
ONE 3
COS 0
ONE 8
COS 0
ONE 5
COS 0
ONE 3
COS 0
ONE 3
COS 0
ONE 1
COS 0
ONE 10
COS 0
ONE 10
COS 0
ONE 6
COS 0
ONE 8
COS 0
ONE 10
COS 0
ONE 7
COS 0
ONE 10
COS 0
ONE 5
COS 0
ONE 9
COS 0
ONE 8
COS 0
ONE 9
COS 0
ONE 5
COS 0
ONE 7
COS 0
ONE 1
COS 0
ONE 8
COS 0
ONE 3
COS 0
ONE 7
COS 0
ONE 1
COS 0
ONE 6
COS 0
ONE 2
COS 0
ONE 10
COS 0
ONE 6
COS 0
ONE 7
COS 0
ONE 6
COS 0
ONE 6
COS 0
ONE 7
COS 0
ONE 9
COS 0
ONE 8
COS 0
ONE 1
COS 0
ONE 3
COS 0
ONE 1
COS 0
ONE 4
COS 0
ONE 3
COS 0
ONE 7
COS 0
ONE 1
COS 0
ONE 8
COS 0
ONE 2
COS 0
ONE 4
COS 0
ONE 6
COS 0
ONE 3
COS 0
ONE 8
COS 0
ONE 8
COS 0
ONE 1
COS 0
ONE 7
COS 0
ONE 2
COS 0
ONE 9
COS 0
ONE 10
COS 0
ONE 1
COS 0
ONE 6
COS 0
ONE 9
COS 0
ONE 4
COS 0
ONE 8
COS 0
ONE 8
COS 0
ONE 4
COS 0
ONE 5
COS 0
ONE 6
COS 0
ONE 9
COS 0
ONE 5
COS 0
ONE 9
COS 0
ONE 1
COS 0
ONE 7
COS 0
ONE 1
COS 0
ONE 4
COS 0
ONE 7
COS 0
ONE 1
COS 0
ONE 2
COS 0
ONE 3
COS 0
ONE 8
COS 0
ONE 7
COS 0
ONE 6
COS 0
ONE 9
COS 0
ONE 3
COS 0
ONE 9
COS 0
ONE 10
COS 0
ONE 2
COS 0
ONE 2
COS 0
ONE 7
COS 0
ONE 5
COS 0
ONE 10
COS 0
ONE 3
COS 0
ONE 2
COS 0
ONE 3
COS 0
ONE 7
COS 0
ONE 2
COS 0
ONE 6
COS 0
ONE 2
COS 0
ONE 10
COS 0
ONE 6
COS 0
ONE 5
COS 0
ONE 7
COS 0
ONE 5
COS 0
ONE 2
COS 0
ONE 5
COS 0
ONE 3
COS 0
ONE 1
COS 0
ONE 8
COS 0
ONE 7
COS 0
ONE 1
COS 0
ONE 4
COS 0
ONE 5
COS 0
ONE 5
COS 0
ONE 8
COS 0
ONE 5
COS 0
ONE 10
COS 0
ONE 7
COS 0
ONE 5
COS 0
ONE 2
COS 0
ONE 3
COS 0
ONE 9
COS 0
ONE 9
COS 0
ONE 2
COS 0
ONE 10
COS 0
ONE 5
COS 0
ONE 5
COS 0
ONE 9
COS 0
ONE 9
COS 0
ONE 5
COS 0
ONE 4
COS 0
ONE 1
COS 0
ONE 5
COS 0
ONE 10
COS 0
ONE 9
COS 0
ONE 2
COS 0
ONE 5
COS 0
ONE 4
COS 0
ONE 3
COS 0
ONE 8
COS 0
ONE 9
COS 0
ONE 6
COS 0
ONE 10
COS 0
ONE 3
COS 0
ONE 7
COS 0
ONE 7
COS 0
ONE 3
COS 0
ONE 10
COS 0
ONE 6
COS 0
ONE 3
COS 0
ONE 8
COS 0
ONE 8
COS 0
ONE 7
COS 0
ONE 1
COS 0
ONE 9
COS 0
ONE 10
COS 0
ONE 5
COS 0
ONE 6
COS 0
ONE 7
COS 0
ONE 2
COS 0
ONE 3
COS 0
ONE 1
COS 0
ONE 1
COS 0
ONE 6
COS 0
ONE 6
COS 0
ONE 3
COS 0
ONE 2
COS 0
ONE 9
COS 0
ONE 9
COS 0
ONE 7
COS 0
ONE 10
COS 0
ONE 2
COS 0
ONE 6
COS 0
ONE 1
COS 0
ONE 1
COS 0
ONE 6
COS 0
ONE 1
COS 0
ONE 7
COS 0
ONE 2
COS 0
ONE 2
COS 0
ONE 7
COS 0
ONE 3
COS 0
ONE 2
COS 0
ONE 2
COS 0
ONE 7
COS 0
ONE 3
COS 0
ONE 4
COS 0
ONE 9
COS 0
ONE 7
COS 0
ONE 1
COS 0
ONE 7
COS 0
ONE 7
COS 0
ONE 2
COS 0
ONE 1
COS 0
ONE 7
COS 0
ONE 5
COS 0
ONE 1
COS 0
ONE 7
COS 0
ONE 8
COS 0
ONE 7
COS 0
ONE 1
COS 0
ONE 6
COS 0
ONE 9
COS 0
ONE 1
COS 0
ONE 10
COS 0
ONE 9
COS 0
ONE 8
COS 0
ONE 10
COS 0
ONE 4
COS 0
ONE 6
COS 0
ONE 7
COS 0
ONE 2
COS 0
ONE 5
COS 0
ONE 5
COS 0
ONE 10
COS 0
ONE 6
COS 0
ONE 9
COS 0
ONE 4
COS 0
ONE 10
COS 0
ONE 4
COS 0
ONE 8
COS 0
ONE 6
COS 0
ONE 9
COS 0
ONE 5
COS 0
ONE 1
COS 0
ONE 4
COS 0
ONE 9
COS 0
ONE 5
COS 0
ONE 6
COS 0
ONE 4
COS 0
ONE 7
COS 0
ONE 2
COS 0
ONE 7
COS 0
ONE 2
COS 0
ONE 10
COS 0
ONE 2
COS 0
ONE 2
COS 0
ONE 1
COS 0
ONE 7
COS 0
ONE 3
COS 0
ONE 9
COS 0
ONE 7
COS 0
ONE 8
COS 0
ONE 5
COS 0
ONE 5
COS 0
ONE 2
COS 0
ONE 5
COS 0
ONE 1
COS 0
ONE 3
COS 0
ONE 8
COS 0
ONE 8
COS 0
ONE 3
COS 0
ONE 7
COS 0
ONE 7
COS 0
ONE 8
COS 0
ONE 10
COS 0
ONE 10
COS 0
ONE 7
COS 0
ONE 1
COS 0
ONE 9
COS 0
ONE 10
COS 0
ONE 8
COS 0
ONE 7
COS 0
ONE 4
COS 0
ONE 4
COS 0
ONE 3
COS 0
ONE 2
COS 0
ONE 10
COS 0
ONE 6
COS 0
ONE 1
COS 0
ONE 5
COS 0
ONE 3
COS 0
ONE 6
COS 0
ONE 10
COS 0
ONE 2
COS 0
ONE 7
COS 0
ONE 4
COS 0
ONE 2
COS 0
ONE 9
COS 0
ONE 4
COS 0
ONE 4
COS 0
ONE 5
COS 0
ONE 9
COS 0
ONE 7
COS 0
ONE 6
COS 0
ONE 1
COS 0
ONE 9
COS 0
ONE 10
COS 0
ONE 3
COS 0
ONE 5
COS 0
ONE 4
COS 0
ONE 9
COS 0
ONE 1
COS 0
ONE 7
COS 0
ONE 7
COS 0
ONE 3
COS 0
ONE 2
COS 0
ONE 8
COS 0
ONE 10
COS 0
ONE 9
COS 0
ONE 8
COS 0
ONE 6
COS 0
ONE 2
COS 0
ONE 6
COS 0
ONE 2
COS 0
ONE 5
COS 0
ONE 8
COS 0
ONE 3
COS 0
ONE 7
COS 0
ONE 5
COS 0
ONE 4
COS 0
ONE 10
COS 0
ONE 1
COS 0
ONE 5
COS 0
ONE 2
COS 0
ONE 9
COS 0
ONE 5
COS 0
ONE 4
COS 0
ONE 3
COS 0
ONE 9
COS 0
ONE 5
COS 0
ONE 6
COS 0
ONE 10
COS 0
ONE 9
COS 0
ONE 6
COS 0
ONE 3
COS 0
ONE 3
COS 0
ONE 2
COS 0
ONE 5
COS 0
ONE 4
COS 0
ONE 5
COS 0
ONE 10
COS 0
ONE 9
COS 0
ONE 5
COS 0
ONE 1
COS 0
ONE 8
COS 0
ONE 4
COS 0
ONE 5
COS 0
ONE 3
COS 0
ONE 7
COS 0
ONE 2
COS 0
ONE 4
COS 0
ONE 10
COS 0
ONE 3
COS 0
ONE 7
COS 0
ONE 5
COS 0
ONE 6
COS 0
ONE 6
COS 0
ONE 10
COS 0
ONE 7
COS 0
ONE 6
COS 0
ONE 2
COS 0
ONE 3
COS 0
ONE 9
COS 0
ONE 4
COS 0
ONE 3
COS 0
ONE 9
COS 0
ONE 1
COS 0
ONE 6
COS 0
ONE 3
COS 0
ONE 2
COS 0
ONE 4
COS 0
ONE 4
COS 0
ONE 3
COS 0
ONE 5
COS 0
ONE 5
COS 0
ONE 6
COS 0
ONE 10
COS 0
ONE 6
COS 0
ONE 1
COS 0
ONE 6
COS 0
ONE 4
COS 0
ONE 4
COS 0
ONE 8
COS 0
ONE 10
COS 0
ONE 7
COS 0
ONE 4
COS 0
ONE 1
COS 0
ONE 1
COS 0
ONE 8
COS 0
ONE 4
COS 0
ONE 8
COS 0
ONE 10
COS 0
ONE 1
COS 0
ONE 3
COS 0
ONE 1
COS 0
ONE 7
COS 0
ONE 9
COS 0
ONE 6
COS 0
ONE 2
COS 0
ONE 10
COS 0
ONE 6
COS 0
ONE 6
COS 0
ONE 3
COS 0
ONE 7
COS 0
ONE 4
COS 0
ONE 5
COS 0
ONE 4
COS 0
ONE 10
COS 0
ONE 6
COS 0
ONE 1
COS 0
ONE 6
COS 0
ONE 1
COS 0
ONE 6
COS 0
ONE 7
COS 0
ONE 2
COS 0
ONE 3
COS 0
ONE 9
COS 0
ONE 1
COS 0
ONE 9
COS 0
ONE 8
COS 0
ONE 6
COS 0
ONE 3
COS 0
ONE 7
COS 0
ONE 6
COS 0
ONE 4
COS 0
ONE 9
COS 0
ONE 6
COS 0
ONE 3
COS 0
ONE 7
COS 0
ONE 10
COS 0
ONE 2
COS 0
ONE 5
COS 0
ONE 1
COS 0
ONE 1
COS 0
ONE 2
COS 0
ONE 9
COS 0
ONE 10
COS 0
ONE 1
COS 0
ONE 4
COS 0
ONE 2
COS 0
ONE 2
COS 0
ONE 1
COS 0
ONE 3
COS 0
ONE 4
COS 0
ONE 5
COS 0
ONE 7
COS 0
ONE 7
COS 0
ONE 5
COS 0
ONE 8
COS 0
ONE 4
COS 0
ONE 8
COS 0
ONE 6
COS 0
ONE 5
COS 0
ONE 2
COS 0
ONE 10
COS 0
ONE 4
COS 0
ONE 10
COS 0
ONE 8
COS 0
ONE 1
COS 0
ONE 8
COS 0
ONE 8
COS 0
ONE 5
COS 0
ONE 2
COS 0
ONE 4
COS 0
ONE 9
COS 0
ONE 7
COS 0
ONE 1
COS 0
ONE 4
COS 0
ONE 5
COS 0
ONE 5
COS 0
ONE 5
COS 0
ONE 5
COS 0
ONE 8
COS 0
ONE 5
COS 0
ONE 5
COS 0
ONE 7
COS 0
ONE 9
COS 0
ONE 4
COS 0
ONE 10
COS 0
ONE 8
COS 0
ONE 4
COS 0
ONE 8
COS 0
ONE 1
COS 0
ONE 9
COS 0
ONE 2
COS 0
ONE 7
COS 0
ONE 10
COS 0
ONE 8
COS 0
ONE 4
COS 0
ONE 8
COS 0
ONE 5
COS 0
ONE 1
COS 0
ONE 7
COS 0
ONE 2
COS 0
ONE 3
COS 0
ONE 6
COS 0
ONE 5
COS 0
ONE 9
COS 0
ONE 4
COS 0
ONE 9
COS 0
ONE 2
COS 0
ONE 2
COS 0
ONE 3
COS 0
ONE 4
COS 0
ONE 5
COS 0
ONE 5
COS 0
ONE 7
COS 0
ONE 9
COS 0
ONE 3
COS 0
ONE 2
COS 0
ONE 5
COS 0
ONE 6
COS 0
ONE 5
COS 0
ONE 4
COS 0
ONE 5
COS 0
ONE 2
COS 0
ONE 3
COS 0
ONE 1
COS 0
ONE 1
COS 0
ONE 1
COS 0
ONE 9
COS 0
ONE 9
COS 0
ONE 8
COS 0
ONE 9
COS 0
ONE 10
COS 0
ONE 7
COS 0
ONE 8
COS 0
ONE 7
COS 0
ONE 6
COS 0
ONE 2
COS 0
ONE 5
COS 0
ONE 9
COS 0
ONE 4
COS 0
ONE 3
COS 0
ONE 10
COS 0
ONE 3
COS 0
ONE 5
COS 0
ONE 8
COS 0
ONE 3
COS 0
ONE 10
COS 0
ONE 10
COS 0
ONE 5
COS 0
ONE 7
COS 0
ONE 1
COS 0
ONE 3
COS 0
ONE 2
COS 0
ONE 1
COS 0
ONE 5
COS 0
ONE 3
COS 0
ONE 6
COS 0
ONE 8
COS 0
ONE 10
COS 0
ONE 10
COS 0
ONE 2
COS 0
ONE 9
COS 0
ONE 1
COS 0
ONE 5
COS 0
ONE 3
COS 0
ONE 1
COS 0
ONE 9
COS 0
ONE 2
COS 0
ONE 5
COS 0
ONE 2
COS 0
ONE 2
COS 0
ONE 3
COS 0
ONE 4
COS 0
ONE 10
COS 0
ONE 10
COS 0
ONE 10
COS 0
ONE 2
COS 0
ONE 7
COS 0
ONE 2
COS 0
ONE 9
COS 0
ONE 6
COS 0
ONE 10
COS 0
ONE 9
COS 0
ONE 8
COS 0
ONE 7
COS 0
ONE 9
COS 0
ONE 5
COS 0
ONE 9
COS 0
ONE 1
COS 0
ONE 8
COS 0
ONE 8
COS 0
ONE 2
COS 0
ONE 5
COS 0
ONE 3
COS 0
ONE 3
COS 0
ONE 3
COS 0
ONE 9
COS 0
ONE 7
COS 0
ONE 5
COS 0
ONE 6
COS 0
ONE 7
COS 0
ONE 2
COS 0
ONE 5
COS 0
ONE 4
COS 0
ONE 6
COS 0
ONE 8
COS 0
ONE 10
COS 0
ONE 3
COS 0
ONE 1
COS 0
ONE 5
COS 0
ONE 5
COS 0
ONE 2
COS 0
ONE 5
COS 0
ONE 9
COS 0
ONE 4
COS 0
ONE 10
COS 0
ONE 5
COS 0
ONE 7
COS 0
ONE 1
COS 0
ONE 4
COS 0
ONE 3
COS 0
ONE 6
COS 0
ONE 1
COS 0
ONE 6
COS 0
ONE 8
COS 0
ONE 10
COS 0
ONE 7
COS 0
ONE 10
COS 0
ONE 10
COS 0
ONE 7
COS 0
ONE 8
COS 0
ONE 9
COS 0
ONE 7
COS 0
ONE 8
COS 0
ONE 4
COS 0
ONE 6
COS 0
ONE 1
COS 0
ONE 4
COS 0
ONE 10
COS 0
ONE 4
COS 0
ONE 5
COS 0
ONE 5
COS 0
ONE 2
COS 0
ONE 1
COS 0
ONE 5
COS 0
ONE 7
COS 0
ONE 1
COS 0
ONE 1
COS 0
ONE 10
COS 0
ONE 2
COS 0
ONE 9
COS 0
ONE 3
COS 0
ONE 7
COS 0
ONE 8
COS 0
ONE 1
COS 0
ONE 9
COS 0
ONE 9
COS 0
ONE 5
COS 0
ONE 9
COS 0
ONE 2
COS 0
ONE 6
COS 0
ONE 2
COS 0
ONE 4
COS 0
ONE 9
COS 0
ONE 10
COS 0
ONE 10
COS 0
ONE 10
COS 0
ONE 2
COS 0
ONE 4
COS 0
ONE 10
COS 0
ONE 4
COS 0
ONE 2
COS 0
ONE 10
COS 0
ONE 1
COS 0
ONE 3
COS 0
ONE 9
COS 0
ONE 4
COS 0
ONE 6
COS 0
ONE 9
COS 0
ONE 1
COS 0
ONE 9
COS 0
ONE 7
COS 0
ONE 10
COS 0
ONE 10
COS 0
ONE 1
COS 0
ONE 5
COS 0
ONE 3
COS 0
ONE 2
COS 0
ONE 2
COS 0
ONE 9
COS 0
ONE 9
COS 0
ONE 8
COS 0
ONE 10
COS 0
ONE 1
COS 0
ONE 2
COS 0
ONE 3
COS 0
ONE 2
COS 0
ONE 10
COS 0
ONE 8
COS 0
ONE 5
COS 0
ONE 9
COS 0
ONE 1
COS 0
ONE 5
COS 0
ONE 9
COS 0
ONE 2
COS 0
ONE 9
COS 0
ONE 3
COS 0
ONE 5
COS 0
ONE 4
COS 0
ONE 2
COS 0
ONE 5
COS 0
ONE 8
COS 0
ONE 10
COS 0
ONE 1
COS 0
ONE 2
COS 0
ONE 10
COS 0
ONE 1
COS 0
ONE 5
COS 0
ONE 10
COS 0
ONE 3
COS 0
ONE 2
COS 0
ONE 7
COS 0
ONE 7
COS 0
ONE 6
COS 0
ONE 7
COS 0
ONE 3
COS 0
ONE 6
COS 0
ONE 10
COS 0
ONE 8
COS 0
ONE 2
COS 0
ONE 6
COS 0
ONE 8
COS 0
ONE 6
COS 0
ONE 3
COS 0
ONE 9
COS 0
ONE 6
COS 0
ONE 3
COS 0
ONE 1
COS 0
ONE 7
COS 0
ONE 7
COS 0
ONE 3
COS 0
ONE 7
COS 0
ONE 8
COS 0
ONE 1
COS 0
ONE 6
COS 0
ONE 4
COS 0
ONE 6
COS 0
ONE 10
COS 0
ONE 5
COS 0
ONE 2
COS 0
ONE 6
COS 0
ONE 3
COS 0
ONE 8
COS 0
ONE 1
COS 0
ONE 1
COS 0
ONE 4
COS 0
ONE 10
COS 0
ONE 10
COS 0
ONE 10
COS 0
ONE 5
COS 0
ONE 5
COS 0
ONE 4
COS 0
ONE 5
COS 0
ONE 8
COS 0
ONE 1
COS 0
ONE 1
COS 0
ONE 10
COS 0
ONE 1
COS 0
ONE 4
COS 0
ONE 6
COS 0
ONE 2
COS 0
ONE 4
COS 0
ONE 8
COS 0
ONE 9
COS 0
ONE 5
COS 0
ONE 4
COS 0
ONE 8
COS 0
ONE 7
COS 0
ONE 2
COS 0
ONE 9
COS 0
ONE 9
COS 0
ONE 7
COS 0
ONE 4
COS 0
ONE 1
COS 0
ONE 3
COS 0
ONE 2
COS 0
ONE 4
COS 0
ONE 9
COS 0
ONE 5
COS 0
ONE 8
COS 0
ONE 2
COS 0
ONE 7
COS 0
ONE 4
COS 0
ONE 8
COS 0
ONE 1
COS 0
ONE 8
COS 0
ONE 2
COS 0
ONE 9
COS 0
ONE 1
COS 0
ONE 10
COS 0
ONE 5
COS 0
ONE 9
COS 0
ONE 4
COS 0
ONE 1
COS 0
ONE 1
COS 0
ONE 5
COS 0
ONE 1
COS 0
ONE 5
COS 0
ONE 8
COS 0
ONE 10
COS 0
ONE 4
COS 0
ONE 8
COS 0
ONE 5
COS 0
ONE 7
COS 0
ONE 7
COS 0
ONE 6
COS 0
ONE 9
COS 0
ONE 6
COS 0
ONE 5
COS 0
ONE 3
COS 0
ONE 5
COS 0
ONE 3
COS 0
ONE 2
COS 0
ONE 6
COS 0
ONE 3
COS 0
ONE 10
COS 0
ONE 10
COS 0
ONE 10
COS 0
ONE 1
COS 0
ONE 3
COS 0
ONE 1
COS 0
ONE 5
COS 0
ONE 9
COS 0
ONE 5
COS 0
ONE 10
COS 0
ONE 2
COS 0
ONE 1
COS 0
ONE 2
COS 0
ONE 3
COS 0
ONE 10
COS 0
ONE 6
COS 0
ONE 8
COS 0
ONE 2
COS 0
ONE 5
COS 0
ONE 2
COS 0
ONE 8
COS 0
ONE 3
COS 0
ONE 10
COS 0
ONE 2
COS 0
ONE 9
COS 0
ONE 9
COS 0
ONE 3
COS 0
ONE 8
COS 0
ONE 4
COS 0
ONE 2
COS 0
ONE 4
COS 0
ONE 8
COS 0
ONE 7
COS 0
ONE 8
COS 0
ONE 4
COS 0
ONE 4
COS 0
ONE 9
COS 0
ONE 8
COS 0
ONE 1
COS 0
ONE 7
COS 0
ONE 7
COS 0
ONE 7
COS 0
ONE 7
COS 0
ONE 10
COS 0
ONE 10
COS 0
ONE 2
COS 0
ONE 4
COS 0
ONE 8
COS 0
ONE 9
COS 0
ONE 3
COS 0
ONE 2
COS 0
ONE 8
COS 0
ONE 6
COS 0
ONE 1
COS 0
ONE 6
COS 0
ONE 1
COS 0
ONE 6
COS 0
ONE 7
COS 0
ONE 10
COS 0
ONE 4
COS 0
ONE 6
COS 0
ONE 9
COS 0
ONE 8
COS 0
ONE 8
COS 0
ONE 2
COS 0
ONE 3
COS 0
ONE 2
COS 0
ONE 9
COS 0
ONE 8
COS 0
ONE 8
COS 0
ONE 6
COS 0
ONE 7
COS 0
ONE 6
COS 0
ONE 8
COS 0
ONE 4
COS 0
ONE 6
COS 0
ONE 8
COS 0
ONE 1
COS 0
ONE 7
COS 0
ONE 8
COS 0
ONE 9
COS 0
ONE 6
COS 0
ONE 7
COS 0
ONE 7
COS 0
ONE 7
COS 0
ONE 1
COS 0
ONE 2
COS 0
ONE 5
COS 0
ONE 8
COS 0
ONE 4
COS 0
ONE 5
COS 0
ONE 5
COS 0
ONE 6
COS 0
ONE 9
COS 0
ONE 9
COS 0
ONE 9
COS 0
ONE 4
COS 0
ONE 9
COS 0
ONE 10
COS 0
ONE 7
COS 0
ONE 2
COS 0
ONE 3
COS 0
ONE 3
COS 0
ONE 6
COS 0
ONE 8
COS 0
ONE 6
COS 0
ONE 8
COS 0
ONE 8
COS 0
ONE 5
COS 0
ONE 8
COS 0
ONE 6
COS 0
ONE 8
COS 0
ONE 6
COS 0
ONE 4
COS 0
ONE 7
COS 0
ONE 8
COS 0
ONE 3
COS 0
ONE 1
COS 0
ONE 4
COS 0
ONE 4
COS 0
ONE 4
COS 0
ONE 5
COS 0
ONE 3
COS 0
ONE 9
COS 0
ONE 9
COS 0
ONE 6
COS 0
ONE 9
COS 0
ONE 6
COS 0
ONE 2
COS 0
ONE 1
COS 0
ONE 7
COS 0
ONE 4
COS 0
ONE 7
COS 0
ONE 5
COS 0
ONE 3
COS 0
ONE 1
COS 0
ONE 8
COS 0
ONE 3
COS 0
ONE 4
COS 0
ONE 2
COS 0
ONE 6
COS 0
ONE 1
COS 0
ONE 8
COS 0
ONE 3
COS 0
ONE 9
COS 0
ONE 1
COS 0
ONE 7
COS 0
ONE 7
COS 0
ONE 3
COS 0
ONE 1
COS 0
ONE 2
COS 0
ONE 3
COS 0
ONE 4
COS 0
ONE 1
COS 0
ONE 10
COS 0
ONE 10
COS 0
ONE 7
COS 0
ONE 10
COS 0
ONE 4
COS 0
ONE 6
COS 0
ONE 4
COS 0
ONE 7
COS 0
ONE 3
COS 0
ONE 6
COS 0
ONE 6
COS 0
ONE 1
COS 0
ONE 5
COS 0
ONE 6
COS 0
ONE 1
COS 0
ONE 9
COS 0
ONE 10
COS 0
ONE 7
COS 0
ONE 5
COS 0
ONE 7
COS 0
ONE 10
COS 0
ONE 1
COS 0
ONE 10
COS 0
ONE 2
COS 0
ONE 5
COS 0
ONE 5
COS 0
ONE 4
COS 0
ONE 4
COS 0
ONE 10
COS 0
ONE 3
COS 0
ONE 4
COS 0
ONE 7
COS 0
ONE 4
COS 0
ONE 1
COS 0
ONE 4
COS 0
ONE 5
COS 0
ONE 1
COS 0
ONE 5
COS 0
ONE 8
COS 0
ONE 7
COS 0
ONE 10
COS 0
ONE 3
COS 0
ONE 9
COS 0
ONE 5
COS 0
ONE 10
COS 0
ONE 9
COS 0
ONE 4
COS 0
ONE 2
COS 0
ONE 4
COS 0
ONE 10
COS 0
ONE 1
COS 0
ONE 5
COS 0
ONE 6
COS 0
ONE 9
COS 0
ONE 3
COS 0
ONE 9
COS 0
ONE 2
COS 0
ONE 1
COS 0
ONE 9
COS 0
ONE 10
COS 0
ONE 2
COS 0
ONE 7
COS 0
ONE 4
COS 0
ONE 7
COS 0
ONE 5
COS 0
ONE 3
COS 0
ONE 8
COS 0
ONE 4
COS 0
ONE 6
COS 0
ONE 9
COS 0
ONE 3
COS 0
ONE 2
COS 0
ONE 9
COS 0
ONE 3
COS 0
ONE 2
COS 0
ONE 8
COS 0
ONE 7
COS 0
ONE 10
COS 0
ONE 7
COS 0
ONE 3
COS 0
ONE 7
COS 0
ONE 7
COS 0
ONE 10
COS 0
ONE 6
COS 0
ONE 3
COS 0
ONE 4
COS 0
ONE 6
COS 0
ONE 8
COS 0
ONE 1
COS 0
ONE 2
COS 0
ONE 1
COS 0
ONE 5
COS 0
ONE 6
COS 0
ONE 5
COS 0
ONE 10
COS 0
ONE 9
COS 0
ONE 8
COS 0
ONE 9
COS 0
ONE 3
COS 0
ONE 1
COS 0
ONE 6
COS 0
ONE 6
COS 0
ONE 3
COS 0
ONE 5
COS 0
ONE 2
COS 0
ONE 10
COS 0
ONE 6
COS 0
ONE 2
COS 0
ONE 2
COS 0
ONE 1
COS 0
ONE 1
COS 0
ONE 5
COS 0
ONE 8
COS 0
ONE 4
COS 0
ONE 9
COS 0
ONE 1
COS 0
ONE 9
COS 0
ONE 10
COS 0
ONE 9
COS 0
ONE 3
COS 0
ONE 3
COS 0
ONE 7
COS 0
ONE 1
COS 0
ONE 3
COS 0
ONE 1
COS 0
ONE 10
COS 0
ONE 3
COS 0
ONE 7
COS 0
ONE 9
COS 0
ONE 10
COS 0
ONE 3
COS 0
ONE 3
COS 0
ONE 6
COS 0
ONE 9
COS 0
ONE 10
COS 0
ONE 4
COS 0
ONE 5
COS 0
ONE 6
COS 0
ONE 2
COS 0
ONE 1
COS 0
ONE 9
COS 0
ONE 9
COS 0
ONE 4
COS 0
ONE 9
COS 0
ONE 5
COS 0
ONE 1
COS 0
ONE 2
COS 0
ONE 1
COS 0
ONE 9
COS 0
ONE 8
COS 0
ONE 7
COS 0
ONE 6
COS 0
ONE 1
COS 0
ONE 6
COS 0
ONE 5
COS 0
ONE 4
COS 0
ONE 10
COS 0
ONE 4
COS 0
ONE 5
COS 0
ONE 1
COS 0
ONE 8
COS 0
ONE 1
COS 0
ONE 9
COS 0
ONE 5
COS 0
ONE 7
COS 0
ONE 6
COS 0
ONE 6
COS 0
ONE 1
COS 0
ONE 10
COS 0
ONE 5
COS 0
ONE 8
COS 0
ONE 2
COS 0
ONE 6
COS 0
ONE 4
COS 0
ONE 3
COS 0
ONE 8
COS 0
ONE 8
COS 0
ONE 5
COS 0
ONE 7
COS 0
ONE 3
COS 0
ONE 10
COS 0
ONE 5
COS 0
ONE 10
COS 0
ONE 3
COS 0
ONE 1
COS 0
ONE 9
COS 0
ONE 10
COS 0
ONE 4
COS 0
ONE 7
COS 0
ONE 4
COS 0
ONE 6
COS 0
ONE 7
COS 0
ONE 6
COS 0
ONE 10
COS 0
ONE 10
COS 0
ONE 1
COS 0
ONE 6
COS 0
ONE 3
COS 0
ONE 4
COS 0
ONE 3
COS 0
ONE 8
COS 0
ONE 5
COS 0
ONE 8
COS 0
ONE 2
COS 0
ONE 5
COS 0
ONE 3
COS 0
ONE 1
COS 0
ONE 1
COS 0
ONE 9
COS 0
ONE 2
COS 0
ONE 10
COS 0
ONE 4
COS 0
ONE 2
COS 0
ONE 8
COS 0
ONE 10
COS 0
ONE 4
COS 0
ONE 1
COS 0
ONE 10
COS 0
ONE 7
COS 0
ONE 5
COS 0
ONE 6
COS 0
ONE 6
COS 0
ONE 7
COS 0
ONE 3
COS 0
ONE 5
COS 0
ONE 1
COS 0
ONE 7
COS 0
ONE 6
COS 0
ONE 4
COS 0
ONE 4
COS 0
ONE 4
COS 0
ONE 10
COS 0
ONE 10
COS 0
ONE 7
COS 0
ONE 5
COS 0
ONE 6
COS 0
ONE 2
COS 0
ONE 6
COS 0
ONE 6
COS 0
ONE 9
COS 0
ONE 1
COS 0
ONE 5
COS 0
ONE 2
COS 0
ONE 9
COS 0
ONE 2
COS 0
ONE 6
COS 0
ONE 6
COS 0
ONE 3
COS 0
ONE 9
COS 0
ONE 3
COS 0
ONE 2
COS 0
ONE 10
COS 0
ONE 10
COS 0
ONE 2
COS 0
ONE 1
COS 0
ONE 5
COS 0
ONE 2
COS 0
ONE 10
COS 0
ONE 10
COS 0
ONE 2
COS 0
ONE 7
COS 0
ONE 9
COS 0
ONE 7
COS 0
ONE 2
COS 0
ONE 4
COS 0
ONE 7
COS 0
ONE 7
COS 0
ONE 2
COS 0
ONE 3
COS 0
ONE 5
COS 0
ONE 7
COS 0
ONE 2
COS 0
ONE 7
COS 0
ONE 2
COS 0
ONE 4
COS 0
ONE 8
COS 0
ONE 8
COS 0
ONE 8
COS 0
ONE 4
COS 0
ONE 3
COS 0
ONE 2
COS 0
ONE 3
COS 0
ONE 4
COS 0
ONE 2
COS 0
ONE 5
COS 0
ONE 9
COS 0
ONE 5
COS 0
ONE 2
COS 0
ONE 7
COS 0
ONE 9
COS 0
ONE 6
COS 0
ONE 3
COS 0
ONE 1
COS 0
ONE 4
COS 0
ONE 2
COS 0
ONE 4
COS 0
ONE 6
COS 0
ONE 3
COS 0
ONE 6
COS 0
ONE 2
COS 0
ONE 5
COS 0
ONE 8
COS 0
ONE 6
COS 0
ONE 8
COS 0
ONE 8
COS 0
ONE 5
COS 0
ONE 6
COS 0
ONE 1
COS 0
ONE 6
COS 0
ONE 8
COS 0
ONE 6
COS 0
ONE 5
COS 0
ONE 9
COS 0
ONE 3
COS 0
ONE 8
COS 0
ONE 6
COS 0
ONE 2
COS 0
ONE 3
COS 0
ONE 3
COS 0
ONE 10
COS 0
ONE 7
COS 0
ONE 4
COS 0
ONE 3
COS 0
ONE 6
COS 0
ONE 8
COS 0
ONE 8
COS 0
ONE 7
COS 0
ONE 9
COS 0
ONE 7
COS 0
ONE 8
COS 0
ONE 5
COS 0
ONE 7
COS 0
ONE 3
COS 0
ONE 5
COS 0
ONE 4
COS 0
ONE 1
COS 0
ONE 1
COS 0
ONE 8
COS 0
ONE 8
COS 0
ONE 1
COS 0
ONE 6
COS 0
ONE 2
COS 0
ONE 9
COS 0
ONE 3
COS 0
ONE 10
COS 0
ONE 6
COS 0
ONE 5
COS 0
ONE 10
COS 0
ONE 10
COS 0
ONE 8
COS 0
ONE 4
COS 0
ONE 4
COS 0
ONE 10
COS 0
ONE 6
COS 0
ONE 4
COS 0
ONE 3
COS 0
ONE 6
COS 0
ONE 2
COS 0
ONE 6
COS 0
ONE 2
COS 0
ONE 1
COS 0
ONE 10
COS 0
ONE 5
COS 0
ONE 8
COS 0
ONE 10
COS 0
ONE 8
COS 0
ONE 7
COS 0
ONE 9
COS 0
ONE 6
COS 0
ONE 4
COS 0
ONE 1
COS 0
ONE 6
COS 0
ONE 5
COS 0
ONE 10
COS 0
ONE 1
COS 0
ONE 8
COS 0
ONE 2
COS 0
ONE 5
COS 0
ONE 7
COS 0
ONE 4
COS 0
ONE 4
COS 0
ONE 3
COS 0
ONE 8
COS 0
ONE 3
COS 0
ONE 4
COS 0
ONE 7
COS 0
ONE 3
COS 0
ONE 1
COS 0
ONE 3
COS 0
ONE 3
COS 0
ONE 4
COS 0
ONE 1
COS 0
ONE 5
COS 0
ONE 4
COS 0
ONE 9
COS 0
ONE 8
COS 0
ONE 10
COS 0
ONE 7
COS 0
ONE 5
COS 0
ONE 5
COS 0
ONE 3
COS 0
ONE 9
COS 0
ONE 8
COS 0
ONE 10
COS 0
ONE 7
COS 0
ONE 1
COS 0
ONE 1
COS 0
ONE 10
COS 0
ONE 4
COS 0
ONE 3
COS 0
ONE 8
COS 0
ONE 1
COS 0
ONE 5
COS 0
ONE 10
COS 0
ONE 8
COS 0
ONE 7
COS 0
ONE 1
COS 0
ONE 7
COS 0
ONE 10
COS 0
ONE 5
COS 0
ONE 8
COS 0
ONE 7
COS 0
ONE 1
COS 0
ONE 4
COS 0
ONE 10
COS 0
ONE 5
COS 0
ONE 7
COS 0
ONE 2
COS 0
ONE 6
COS 0
ONE 1
COS 0
ONE 5
COS 0
ONE 6
COS 0
ONE 9
COS 0
ONE 8
COS 0
ONE 3
COS 0
ONE 3
COS 0
ONE 10
COS 0
ONE 4
COS 0
ONE 3
COS 0
ONE 7
COS 0
ONE 5
COS 0
ONE 2
COS 0
ONE 7
COS 0
ONE 5
COS 0
ONE 2
COS 0
ONE 7
COS 0
ONE 10
COS 0
ONE 6
COS 0
ONE 7
COS 0
ONE 1
COS 0
ONE 8
COS 0
ONE 4
COS 0
ONE 6
COS 0
ONE 2
COS 0
ONE 1
COS 0
ONE 9
COS 0
ONE 7
COS 0
ONE 7
COS 0
ONE 9
COS 0
ONE 2
COS 0
ONE 6
COS 0
ONE 10
COS 0
ONE 1
COS 0
ONE 4
COS 0
ONE 10
COS 0
ONE 5
COS 0
ONE 6
COS 0
ONE 3
COS 0
ONE 2
COS 0
ONE 2
COS 0
ONE 8
COS 0
ONE 4
COS 0
ONE 9
COS 0
ONE 2
COS 0
ONE 8
COS 0
ONE 1
COS 0
ONE 9
COS 0
ONE 2
COS 0
ONE 8
COS 0
ONE 6
COS 0
ONE 4
COS 0
ONE 9
COS 0
ONE 9
COS 0
ONE 8
COS 0
ONE 5
COS 0
ONE 2
COS 0
ONE 5
COS 0
ONE 3
COS 0
ONE 3
COS 0
ONE 10
COS 0
ONE 2
COS 0
ONE 10
COS 0
ONE 8
COS 0
ONE 10
COS 0
ONE 3
COS 0
ONE 5
COS 0
ONE 9
COS 0
ONE 6
COS 0
ONE 9
COS 0
ONE 4
COS 0
ONE 9
COS 0
ONE 7
COS 0
ONE 9
COS 0
ONE 7
COS 0
ONE 8
COS 0
ONE 7
COS 0
ONE 10
COS 0
ONE 8
COS 0
ONE 10
COS 0
ONE 3
COS 0
ONE 9
COS 0
ONE 6
COS 0
ONE 2
COS 0
ONE 8
COS 0
ONE 3
COS 0
ONE 10
COS 0
ONE 1
COS 0
ONE 2
COS 0
ONE 6
COS 0
ONE 4
COS 0
ONE 6
COS 0
ONE 1
COS 0
ONE 1
COS 0
ONE 10
COS 0
ONE 3
COS 0
ONE 8
COS 0
ONE 2
COS 0
ONE 10
COS 0
ONE 2
COS 0
ONE 10
COS 0
ONE 10
COS 0
ONE 3
COS 0
ONE 3
COS 0
ONE 6
COS 0
ONE 10
COS 0
ONE 8
COS 0
ONE 9
COS 0
ONE 10
COS 0
ONE 8
COS 0
ONE 8
COS 0
ONE 10
COS 0
ONE 5
COS 0
ONE 7
COS 0
ONE 9
COS 0
ONE 9
COS 0
ONE 9
COS 0
ONE 1
COS 0
ONE 6
COS 0
ONE 9
COS 0
ONE 4
COS 0
ONE 4
COS 0
ONE 10
COS 0
ONE 1
COS 0
ONE 2
COS 0
ONE 4
COS 0
ONE 10
COS 0
ONE 10
COS 0
ONE 7
COS 0
ONE 3
COS 0
ONE 2
COS 0
ONE 2
COS 0
ONE 5
COS 0
ONE 3
COS 0
ONE 9
COS 0
ONE 4
COS 0
ONE 3
COS 0
ONE 10
COS 0
ONE 5
COS 0
ONE 7
COS 0
ONE 7
COS 0
ONE 6
COS 0
ONE 7
COS 0
ONE 8
COS 0
ONE 1
COS 0
ONE 1
COS 0
ONE 5
COS 0
ONE 5
COS 0
ONE 1
COS 0
ONE 3
COS 0
ONE 2
COS 0
ONE 2
COS 0
ONE 9
COS 0
ONE 8
COS 0
ONE 2
COS 0
ONE 1
COS 0
ONE 3
COS 0
ONE 10
COS 0
ONE 9
COS 0
ONE 4
COS 0
ONE 6
COS 0
ONE 5
COS 0
ONE 7
COS 0
ONE 8
COS 0
ONE 2
COS 0
ONE 9
COS 0
ONE 6
COS 0
ONE 1
COS 0
ONE 5
COS 0
ONE 10
COS 0
ONE 9
COS 0
ONE 4
COS 0
ONE 2
COS 0
ONE 6
COS 0
ONE 10
COS 0
ONE 5
COS 0
ONE 5
COS 0
ONE 5
COS 0
ONE 1
COS 0
ONE 6
COS 0
ONE 7
COS 0
ONE 9
COS 0
ONE 10
COS 0
ONE 6
COS 0
ONE 3
COS 0
ONE 10
COS 0
ONE 6
COS 0
ONE 4
COS 0
ONE 2
COS 0
ONE 2
COS 0
ONE 7
COS 0
ONE 10
COS 0
ONE 4
COS 0
ONE 9
COS 0
ONE 2
COS 0
ONE 9
COS 0
ONE 5
COS 0
ONE 7
COS 0
ONE 1
COS 0
ONE 4
COS 0
ONE 7
COS 0
ONE 6
COS 0
ONE 6
COS 0
ONE 5
COS 0
ONE 6
COS 0
ONE 9
COS 0
ONE 6
COS 0
ONE 6
COS 0
ONE 4
COS 0
ONE 9
COS 0
ONE 1
COS 0
ONE 3
COS 0
ONE 10
COS 0
ONE 3
COS 0
ONE 4
COS 0
ONE 4
COS 0
ONE 6
COS 0
ONE 10
COS 0
ONE 7
COS 0
ONE 2
COS 0
ONE 2
COS 0
ONE 5
COS 0
ONE 6
COS 0
ONE 5
COS 0
ONE 3
COS 0
ONE 2
COS 0
ONE 9
COS 0
ONE 9
COS 0
ONE 1
COS 0
ONE 7
COS 0
ONE 10
COS 0
ONE 5
COS 0
ONE 1
COS 0
ONE 1
COS 0
ONE 8
COS 0
ONE 10
COS 0
ONE 8
COS 0
ONE 10
COS 0
ONE 7
COS 0
ONE 10
COS 0
ONE 5
COS 0
ONE 6
COS 0
ONE 8
COS 0
ONE 7
COS 0
ONE 1
COS 0
ONE 2
COS 0
ONE 4
COS 0
ONE 7
COS 0
ONE 3
COS 0
ONE 1
COS 0
ONE 7
COS 0
ONE 9
COS 0
ONE 6
COS 0
ONE 2
COS 0
ONE 2
COS 0
ONE 6
COS 0
ONE 1
COS 0
ONE 8
COS 0
ONE 1
COS 0
ONE 10
COS 0
ONE 5
COS 0
ONE 2
COS 0
ONE 10
COS 0
ONE 8
COS 0
ONE 10
COS 0
ONE 9
COS 0
ONE 4
COS 0
ONE 9
COS 0
ONE 2
COS 0
ONE 5
COS 0
ONE 3
COS 0
ONE 3
COS 0
ONE 2
COS 0
ONE 3
COS 0
ONE 7
COS 0
ONE 1
COS 0
ONE 2
COS 0
ONE 4
COS 0
ONE 5
COS 0
ONE 3
COS 0
ONE 2
COS 0
ONE 5
COS 0
ONE 9
COS 0
ONE 4
COS 0
ONE 10
COS 0
ONE 1
COS 0
ONE 6
COS 0
ONE 8
COS 0
ONE 2
COS 0
ONE 9
COS 0
ONE 8
COS 0
ONE 1
COS 0
ONE 7
COS 0
ONE 6
COS 0
ONE 9
COS 0
ONE 5
COS 0
ONE 3
COS 0
ONE 5
COS 0
ONE 3
COS 0
ONE 1
COS 0
ONE 7
COS 0
ONE 7
COS 0
ONE 10
COS 0
ONE 8
COS 0
ONE 6
COS 0
ONE 6
COS 0
ONE 3
COS 0
ONE 3
COS 0
ONE 1
COS 0
ONE 6
COS 0
ONE 7
COS 0
ONE 3
COS 0
ONE 2
COS 0
ONE 6
COS 0
ONE 5
COS 0
ONE 5
COS 0
ONE 9
COS 0
ONE 8
COS 0
ONE 6
COS 0
ONE 9
COS 0
ONE 1
COS 0
ONE 8
COS 0
ONE 4
COS 0
ONE 5
COS 0
ONE 9
COS 0
ONE 7
COS 0
ONE 6
COS 0
ONE 9
COS 0
ONE 5
COS 0
ONE 4
COS 0
ONE 8
COS 0
ONE 5
COS 0
ONE 10
COS 0
ONE 10
COS 0
ONE 5
COS 0
ONE 4
COS 0
ONE 3
COS 0
ONE 2
COS 0
ONE 1
COS 0
ONE 6
COS 0
ONE 1
COS 0
ONE 4
COS 0
ONE 1
COS 0
ONE 2
COS 0
ONE 1
COS 0
ONE 4
COS 0
ONE 7
COS 0
ONE 2
COS 0
ONE 3
COS 0
ONE 1
COS 0
ONE 8
COS 0
ONE 4
COS 0
ONE 10
COS 0
ONE 3
COS 0
ONE 7
COS 0
ONE 10
COS 0
ONE 7
COS 0
ONE 5
COS 0
ONE 2
COS 0
ONE 2
COS 0
ONE 2
COS 0
ONE 6
COS 0
ONE 8
COS 0
ONE 6
COS 0
ONE 8
COS 0
ONE 8
COS 0
ONE 7
COS 0
ONE 8
COS 0
ONE 5
COS 0
ONE 10
COS 0
ONE 2
COS 0
ONE 1
COS 0
ONE 4
COS 0
ONE 7
COS 0
ONE 10
COS 0
ONE 10
COS 0
ONE 1
COS 0
ONE 6
COS 0
ONE 5
COS 0
ONE 1
COS 0
ONE 3
COS 0
ONE 1
COS 0
ONE 10
COS 0
ONE 3
COS 0
ONE 2
COS 0
ONE 1
COS 0
ONE 6
COS 0
ONE 8
COS 0
ONE 7
COS 0
ONE 1
COS 0
ONE 6
COS 0
ONE 5
COS 0
ONE 7
COS 0
ONE 10
COS 0
ONE 4
COS 0
ONE 4
COS 0
ONE 7
COS 0
ONE 10
COS 0
ONE 8
COS 0
ONE 1
COS 0
ONE 4
COS 0
ONE 10
COS 0
ONE 6
COS 0
ONE 9
COS 0
ONE 9
COS 0
ONE 5
COS 0
ONE 8
COS 0
ONE 1
COS 0
ONE 3
COS 0
ONE 3
COS 0
ONE 2
COS 0
ONE 10
COS 0
ONE 10
COS 0
ONE 8
COS 0
ONE 6
COS 0
ONE 1
COS 0
ONE 7
COS 0
ONE 7
COS 0
ONE 9
COS 0
ONE 9
COS 0
ONE 9
COS 0
ONE 5
COS 0
ONE 7
COS 0
ONE 6
COS 0
ONE 7
COS 0
ONE 8
COS 0
ONE 3
COS 0
ONE 1
COS 0
ONE 4
COS 0
ONE 10
COS 0
ONE 10
COS 0
ONE 6
COS 0
ONE 2
COS 0
ONE 3
COS 0
ONE 7
COS 0
ONE 9
COS 0
ONE 2
COS 0
ONE 5
COS 0
ONE 5
COS 0
ONE 4
COS 0
ONE 1
COS 0
ONE 5
COS 0
ONE 1
COS 0
ONE 3
COS 0
ONE 5
COS 0
ONE 5
COS 0
ONE 10
COS 0
ONE 2
COS 0
ONE 6
COS 0
ONE 3
COS 0
ONE 8
COS 0
ONE 2
COS 0
ONE 2
COS 0
ONE 6
COS 0
ONE 10
COS 0
ONE 10
COS 0
ONE 1
COS 0
ONE 4
COS 0
ONE 6
COS 0
ONE 3
COS 0
ONE 3
COS 0
ONE 9
COS 0
ONE 1
COS 0
ONE 6
COS 0
ONE 4
COS 0
ONE 9
COS 0
ONE 9
COS 0
ONE 3
COS 0
ONE 9
COS 0
ONE 9
COS 0
ONE 6
COS 0
ONE 9
COS 0
ONE 5
COS 0
ONE 5
COS 0
ONE 9
COS 0
ONE 7
COS 0
ONE 6
COS 0
ONE 9
COS 0
ONE 6
COS 0
ONE 2
COS 0
ONE 4
COS 0
ONE 2
COS 0
ONE 6
COS 0
ONE 2
COS 0
ONE 1
COS 0
ONE 3
COS 0
ONE 4
COS 0
ONE 5
COS 0
ONE 10
COS 0
ONE 8
COS 0
ONE 4
COS 0
ONE 5
COS 0
ONE 3
COS 0
ONE 4
COS 0
ONE 7
COS 0
ONE 10
COS 0
ONE 8
COS 0
ONE 1
COS 0
ONE 10
COS 0
ONE 1
COS 0
ONE 1
COS 0
ONE 7
COS 0
ONE 3
COS 0
ONE 9
COS 0
ONE 4
COS 0
ONE 1
COS 0
ONE 4
COS 0
ONE 4
COS 0
ONE 2
COS 0
ONE 3
COS 0
ONE 9
COS 0
ONE 7
COS 0
ONE 10
COS 0
ONE 6
COS 0
ONE 3
COS 0
ONE 10
COS 0
ONE 2
COS 0
ONE 4
COS 0
ONE 2
COS 0
ONE 5
COS 0
ONE 2
COS 0
ONE 5
COS 0
ONE 3
COS 0
ONE 3
COS 0
ONE 1
COS 0
ONE 10
COS 0
ONE 1
COS 0
ONE 7
COS 0
ONE 6
COS 0
ONE 7
COS 0
ONE 3
COS 0
ONE 1
COS 0
ONE 3
COS 0
ONE 6
COS 0
ONE 3
COS 0
ONE 3
COS 0
ONE 8
COS 0
ONE 7
COS 0
ONE 9
COS 0
ONE 10
COS 0
ONE 8
COS 0
ONE 3
COS 0
ONE 1
COS 0
ONE 2
COS 0
ONE 2
COS 0
ONE 4
COS 0
ONE 2
COS 0
ONE 9
COS 0
ONE 4
COS 0
ONE 8
COS 0
ONE 8
COS 0
ONE 10
COS 0
ONE 10
COS 0
ONE 10
COS 0
ONE 2
COS 0
ONE 6
COS 0
ONE 1
COS 0
ONE 6
COS 0
ONE 5
COS 0
ONE 3
COS 0
ONE 3
COS 0
ONE 2
COS 0
ONE 1
COS 0
ONE 9
COS 0
ONE 8
COS 0
ONE 5
COS 0
ONE 2
COS 0
ONE 3
COS 0
ONE 3
COS 0
ONE 10
COS 0
ONE 4
COS 0
ONE 1
COS 0
ONE 7
COS 0
ONE 6
COS 0
ONE 1
COS 0
ONE 9
COS 0
ONE 5
COS 0
ONE 2
COS 0
ONE 6
COS 0
ONE 9
COS 0
ONE 2
COS 0
ONE 7
COS 0
ONE 10
COS 0
ONE 6
COS 0
ONE 8
COS 0
ONE 7
COS 0
ONE 1
COS 0
ONE 4
COS 0
ONE 8
COS 0
ONE 2
COS 0
ONE 8
COS 0
ONE 6
COS 0
ONE 6
COS 0
ONE 4
COS 0
ONE 1
COS 0
ONE 5
COS 0
ONE 4
COS 0
ONE 1
COS 0
ONE 8
COS 0
ONE 5
COS 0
ONE 7
COS 0
ONE 3
COS 0
ONE 9
COS 0
ONE 1
COS 0
ONE 10
COS 0
ONE 4
COS 0
ONE 6
COS 0
ONE 7
COS 0
ONE 5
COS 0
ONE 8
COS 0
ONE 6
COS 0
ONE 9
COS 0
ONE 3
COS 0
ONE 4
COS 0
ONE 6
COS 0
ONE 1
COS 0
ONE 10
COS 0
ONE 10
COS 0
ONE 7
COS 0
ONE 6
COS 0
ONE 6
COS 0
ONE 7
COS 0
ONE 9
COS 0
ONE 4
COS 0
ONE 4
COS 0
ONE 2
COS 0
ONE 3
COS 0
ONE 9
COS 0
ONE 9
COS 0
ONE 2
COS 0
ONE 6
COS 0
ONE 9
COS 0
ONE 6
COS 0
ONE 8
COS 0
ONE 6
COS 0
ONE 10
COS 0
ONE 5
COS 0
ONE 1
COS 0
ONE 10
COS 0
ONE 8
COS 0
ONE 3
COS 0
ONE 5
COS 0
ONE 5
COS 0
ONE 9
COS 0
ONE 2
COS 0
ONE 1
COS 0
ONE 5
COS 0
ONE 6
COS 0
ONE 6
COS 0
ONE 5
COS 0
ONE 6
COS 0
ONE 5
COS 0
ONE 9
COS 0
ONE 9
COS 0
ONE 9
COS 0
ONE 3
COS 0
ONE 6
COS 0
ONE 10
COS 0
ONE 9
COS 0
ONE 2
COS 0
ONE 6
COS 0
ONE 1
COS 0
ONE 8
COS 0
ONE 6
COS 0
ONE 8
COS 0
ONE 10
COS 0
ONE 4
COS 0
ONE 10
COS 0
ONE 6
COS 0
ONE 8
COS 0
ONE 5
COS 0
ONE 3
COS 0
ONE 10
COS 0
ONE 5
COS 0
ONE 5
COS 0
ONE 10
COS 0
ONE 9
COS 0
ONE 3
COS 0
ONE 8
COS 0
ONE 6
COS 0
ONE 10
COS 0
ONE 3
COS 0
ONE 4
COS 0
ONE 10
COS 0
ONE 3
COS 0
ONE 7
COS 0
ONE 7
COS 0
ONE 3
COS 0
ONE 6
COS 0
ONE 2
COS 0
ONE 2
COS 0
ONE 4
COS 0
ONE 2
COS 0
ONE 4
COS 0
ONE 10
COS 0
ONE 6
COS 0
ONE 10
COS 0
ONE 4
COS 0
ONE 7
COS 0
ONE 3
COS 0
ONE 6
COS 0
ONE 9
COS 0
ONE 2
COS 0
ONE 3
COS 0
ONE 3
COS 0
ONE 3
COS 0
ONE 6
COS 0
ONE 7
COS 0
ONE 6
COS 0
ONE 10
COS 0
ONE 10
COS 0
ONE 5
COS 0
ONE 3
COS 0
ONE 4
COS 0
ONE 8
COS 0
ONE 4
COS 0
ONE 10
COS 0
ONE 3
COS 0
ONE 1
COS 0
ONE 7
COS 0
ONE 3
COS 0
ONE 6
COS 0
ONE 8
COS 0
ONE 2
COS 0
ONE 6
COS 0
ONE 6
COS 0
ONE 1
COS 0
ONE 2
COS 0
ONE 9
COS 0
ONE 1
COS 0
ONE 10
COS 0
ONE 8
COS 0
ONE 9
COS 0
ONE 7
COS 0
ONE 6
COS 0
ONE 10
COS 0
ONE 9
COS 0
ONE 8
COS 0
ONE 2
COS 0
ONE 5
COS 0
ONE 10
COS 0
ONE 10
COS 0
ONE 7
COS 0
ONE 1
COS 0
ONE 7
COS 0
ONE 4
COS 0
ONE 7
COS 0
ONE 7
COS 0
ONE 1
COS 0
ONE 2
COS 0
ONE 9
COS 0
ONE 6
COS 0
ONE 4
COS 0
ONE 9
COS 0
ONE 3
COS 0
ONE 4
COS 0
ONE 4
COS 0
ONE 10
COS 0
ONE 1
COS 0
ONE 7
COS 0
ONE 10
COS 0
ONE 8
COS 0
ONE 8
COS 0
ONE 10
COS 0
ONE 9
COS 0
ONE 4
COS 0
ONE 6
COS 0
ONE 5
COS 0
ONE 4
COS 0
ONE 2
COS 0
ONE 8
COS 0
ONE 2
COS 0
ONE 9
COS 0
ONE 8
COS 0
ONE 5
COS 0
ONE 4
COS 0
ONE 8
COS 0
ONE 10
COS 0
ONE 6
COS 0
ONE 3
COS 0
ONE 5
COS 0
ONE 1
COS 0
ONE 1
COS 0
ONE 4
COS 0
ONE 4
COS 0
ONE 1
COS 0
ONE 7
COS 0
ONE 10
COS 0
ONE 6
COS 0
ONE 5
COS 0
ONE 2
COS 0
ONE 10
COS 0
ONE 1
COS 0
ONE 8
COS 0
ONE 1
COS 0
ONE 6
COS 0
ONE 1
COS 0
ONE 6
COS 0
ONE 2
COS 0
ONE 1
COS 0
ONE 5
COS 0
ONE 3
COS 0
ONE 9
COS 0
ONE 10
COS 0
ONE 3
COS 0
ONE 5
COS 0
ONE 7
COS 0
ONE 8
COS 0
ONE 8
COS 0
ONE 6
COS 0
ONE 5
COS 0
ONE 5
COS 0
ONE 2
COS 0
ONE 10
COS 0
ONE 9
COS 0
ONE 8
COS 0
ONE 10
COS 0
ONE 9
COS 0
ONE 8
COS 0
ONE 1
COS 0
ONE 4
COS 0
ONE 9
COS 0
ONE 8
COS 0
ONE 4
COS 0
ONE 10
COS 0
ONE 5
COS 0
ONE 2
COS 0
ONE 5
COS 0
ONE 7
COS 0
ONE 10
COS 0
ONE 5
COS 0
ONE 7
COS 0
ONE 2
COS 0
ONE 3
COS 0
ONE 5
COS 0
ONE 10
COS 0
ONE 6
COS 0
ONE 1
COS 0
ONE 4
COS 0
ONE 9
COS 0
ONE 10
COS 0
ONE 6
COS 0
ONE 9
COS 0
ONE 1
COS 0
ONE 9
COS 0
ONE 5
COS 0
ONE 5
COS 0
ONE 6
COS 0
ONE 6
COS 0
ONE 3
COS 0
ONE 10
COS 0
ONE 4
COS 0
ONE 4
COS 0
ONE 7
COS 0
ONE 9
COS 0
ONE 6
COS 0
ONE 10
COS 0
ONE 1
COS 0
ONE 7
COS 0
ONE 1
COS 0
ONE 4
COS 0
ONE 4
COS 0
ONE 10
COS 0
ONE 8
COS 0
ONE 3
COS 0
ONE 7
COS 0
ONE 5
COS 0
ONE 4
COS 0
ONE 7
COS 0
ONE 2
COS 0
ONE 9
COS 0
ONE 5
COS 0
ONE 5
COS 0
ONE 9
COS 0
ONE 7
COS 0
ONE 2
COS 0
ONE 3
COS 0
ONE 2
COS 0
ONE 9
COS 0
ONE 5
COS 0
ONE 2
COS 0
ONE 3
COS 0
ONE 7
COS 0
ONE 2
COS 0
ONE 8
COS 0
ONE 2
COS 0
ONE 2
COS 0
ONE 8
COS 0
ONE 8
COS 0
ONE 1
COS 0
ONE 2
COS 0
ONE 10
COS 0
ONE 10
COS 0
ONE 10
COS 0
ONE 9
COS 0
ONE 7
COS 0
ONE 2
COS 0
ONE 9
COS 0
ONE 3
COS 0
ONE 8
COS 0
ONE 5
COS 0
ONE 5
COS 0
ONE 8
COS 0
ONE 7
COS 0
ONE 7
COS 0
ONE 3
COS 0
ONE 7
COS 0
ONE 1
COS 0
ONE 10
COS 0
ONE 1
COS 0
ONE 9
COS 0
ONE 8
COS 0
ONE 4
COS 0
ONE 10
COS 0
ONE 5
COS 0
ONE 7
COS 0
ONE 8
COS 0
ONE 4
COS 0
ONE 2
COS 0
ONE 3
COS 0
ONE 4
COS 0
ONE 5
COS 0
ONE 1
COS 0
ONE 6
COS 0
ONE 1
COS 0
ONE 9
COS 0
ONE 3
COS 0
ONE 2
COS 0
ONE 9
COS 0
ONE 6
COS 0
ONE 7
COS 0
ONE 8
COS 0
ONE 9
COS 0
ONE 7
COS 0
ONE 2
COS 0
ONE 5
COS 0
ONE 10
COS 0
ONE 10
COS 0
ONE 5
COS 0
ONE 2
COS 0
ONE 3
COS 0
ONE 8
COS 0
ONE 9
COS 0
ONE 8
COS 0
ONE 4
COS 0
ONE 9
COS 0
ONE 8
COS 0
ONE 4
COS 0
ONE 7
COS 0
ONE 3
COS 0
ONE 5
COS 0
ONE 3
COS 0
ONE 5
COS 0
ONE 3
COS 0
ONE 2
COS 0
ONE 4
COS 0
ONE 7
COS 0
ONE 6
COS 0
ONE 10
COS 0
ONE 4
COS 0
ONE 5
COS 0
ONE 5
COS 0
ONE 3
COS 0
ONE 1
COS 0
ONE 8
COS 0
ONE 6
COS 0
ONE 4
COS 0
ONE 6
COS 0
ONE 5
COS 0
ONE 3
COS 0
ONE 1
COS 0
ONE 6
COS 0
ONE 6
COS 0
ONE 5
COS 0
ONE 1
COS 0
ONE 2
COS 0
ONE 9
COS 0
ONE 5
COS 0
ONE 7
COS 0
ONE 10
COS 0
ONE 7
COS 0
ONE 10
COS 0
ONE 9
COS 0
ONE 9
COS 0
ONE 10
COS 0
ONE 3
COS 0
ONE 8
COS 0
ONE 6
COS 0
ONE 8
COS 0
ONE 9
COS 0
ONE 3
COS 0
ONE 8
COS 0
ONE 1
COS 0
ONE 8
COS 0
ONE 10
COS 0
ONE 9
COS 0
ONE 3
COS 0
ONE 6
COS 0
ONE 2
COS 0
ONE 3
COS 0
ONE 5
COS 0
ONE 7
COS 0
ONE 4
COS 0
ONE 7
COS 0
ONE 9
COS 0
ONE 8
COS 0
ONE 4
COS 0
ONE 10
COS 0
ONE 8
COS 0
ONE 2
COS 0
ONE 4
COS 0
ONE 6
COS 0
ONE 7
COS 0
ONE 1
COS 0
ONE 3
COS 0
ONE 6
COS 0
ONE 3
COS 0
ONE 5
COS 0
ONE 5
COS 0
ONE 3
COS 0
ONE 10
COS 0
ONE 8
COS 0
ONE 9
COS 0
ONE 4
COS 0
ONE 1
COS 0
ONE 9
COS 0
ONE 4
COS 0
ONE 5
COS 0
ONE 8
COS 0
ONE 1
COS 0
ONE 8
COS 0
ONE 10
COS 0
ONE 7
COS 0
ONE 10
COS 0
ONE 5
COS 0
ONE 9
COS 0
ONE 6
COS 0
ONE 5
COS 0
ONE 9
COS 0
ONE 9
COS 0
ONE 3
COS 0
ONE 1
COS 0
ONE 3
COS 0
ONE 7
COS 0
ONE 4
COS 0
ONE 9
COS 0
ONE 3
COS 0
ONE 6
COS 0
ONE 4
COS 0
ONE 5
COS 0
ONE 4
COS 0
ONE 8
COS 0
ONE 10
COS 0
ONE 8
COS 0
ONE 10
COS 0
ONE 8
COS 0
ONE 2
COS 0
ONE 3
COS 0
ONE 2
COS 0
ONE 3
COS 0
ONE 7
COS 0
ONE 5
COS 0
ONE 7
COS 0
ONE 7
COS 0
ONE 4
COS 0
ONE 4
COS 0
ONE 6
COS 0
ONE 2
COS 0
ONE 9
COS 0
ONE 1
COS 0
ONE 4
COS 0
ONE 9
COS 0
ONE 3
COS 0
ONE 3
COS 0
ONE 8
COS 0
ONE 9
COS 0
ONE 10
COS 0
ONE 3
COS 0
ONE 2
COS 0
ONE 2
COS 0
ONE 6
COS 0
ONE 3
COS 0
ONE 1
COS 0
ONE 3
COS 0
ONE 7
COS 0
ONE 2
COS 0
ONE 5
COS 0
ONE 2
COS 0
ONE 6
COS 0
ONE 10
COS 0
ONE 10
COS 0
ONE 8
COS 0
ONE 9
COS 0
ONE 10
COS 0
ONE 2
COS 0
ONE 3
COS 0
ONE 9
COS 0
ONE 4
COS 0
ONE 8
COS 0
ONE 2
COS 0
ONE 5
COS 0
ONE 6
COS 0
ONE 4
COS 0
ONE 1
COS 0
ONE 2
COS 0
ONE 10
COS 0
ONE 5
COS 0
ONE 5
COS 0
ONE 10
COS 0
ONE 6
COS 0
ONE 3
COS 0
ONE 3
COS 0
ONE 4
COS 0
ONE 9
COS 0
ONE 7
COS 0
ONE 5
COS 0
ONE 2
COS 0
ONE 3
COS 0
ONE 7
COS 0
ONE 6
COS 0
ONE 10
COS 0
ONE 6
COS 0
ONE 7
COS 0
ONE 1
COS 0
ONE 2
COS 0
ONE 4
COS 0
ONE 9
COS 0
ONE 5
COS 0
ONE 7
COS 0
ONE 9
COS 0
ONE 1
COS 0
ONE 4
COS 0
ONE 8
COS 0
ONE 1
COS 0
ONE 2
COS 0
ONE 6
COS 0
ONE 3
COS 0
ONE 2
COS 0
ONE 9
COS 0
ONE 1
COS 0
ONE 8
COS 0
ONE 2
COS 0
ONE 4
COS 0
ONE 1
COS 0
ONE 5
COS 0
ONE 3
COS 0
ONE 10
COS 0
ONE 9
COS 0
ONE 9
COS 0
ONE 5
COS 0
ONE 1
COS 0
ONE 4
COS 0
ONE 2
COS 0
ONE 2
COS 0
ONE 5
COS 0
ONE 5
COS 0
ONE 10
COS 0
ONE 8
COS 0
ONE 1
COS 0
ONE 2
COS 0
ONE 10
COS 0
ONE 3
COS 0
ONE 3
COS 0
ONE 4
COS 0
ONE 3
COS 0
ONE 4
COS 0
ONE 10
COS 0
ONE 10
COS 0
ONE 5
COS 0
ONE 9
COS 0
ONE 8
COS 0
ONE 3
COS 0
ONE 7
COS 0
ONE 7
COS 0
ONE 1
COS 0
ONE 10
COS 0
ONE 3
COS 0
ONE 7
COS 0
ONE 9
COS 0
ONE 3
COS 0
ONE 5
COS 0
ONE 2
COS 0
ONE 4
COS 0
ONE 8
COS 0
ONE 3
COS 0
ONE 10
COS 0
ONE 1
COS 0
ONE 10
COS 0
ONE 9
COS 0
ONE 2
COS 0
ONE 6
COS 0
ONE 3
COS 0
ONE 3
COS 0
ONE 8
COS 0
ONE 3
COS 0
ONE 8
COS 0
ONE 3
COS 0
ONE 9
COS 0
ONE 6
COS 0
ONE 7
COS 0
ONE 6
COS 0
ONE 4
COS 0
ONE 4
COS 0
ONE 10
COS 0
ONE 5
COS 0
ONE 4
COS 0
ONE 8
COS 0
ONE 1
COS 0
ONE 5
COS 0
ONE 5
COS 0
ONE 3
COS 0
ONE 1
COS 0
ONE 9
COS 0
ONE 7
COS 0
ONE 3
COS 0
ONE 1
COS 0
ONE 5
COS 0
ONE 1
COS 0
ONE 3
COS 0
ONE 10
COS 0
ONE 6
COS 0
ONE 1
COS 0
ONE 7
COS 0
ONE 7
COS 0
ONE 8
COS 0
ONE 7
COS 0
ONE 10
COS 0
ONE 4
COS 0
ONE 10
COS 0
ONE 1
COS 0
ONE 9
COS 0
ONE 1
COS 0
ONE 10
COS 0
ONE 6
COS 0
ONE 7
COS 0
ONE 10
COS 0
ONE 3
COS 0
ONE 9
COS 0
ONE 9
COS 0
ONE 8
COS 0
ONE 3
COS 0
ONE 6
COS 0
ONE 8
COS 0
ONE 6
COS 0
ONE 8
COS 0
ONE 8
COS 0
ONE 9
COS 0
ONE 10
COS 0
ONE 6
COS 0
ONE 7
COS 0
ONE 1
COS 0
ONE 4
COS 0
ONE 2
COS 0
ONE 1
COS 0
ONE 2
COS 0
ONE 10
COS 0
ONE 4
COS 0
ONE 9
COS 0
ONE 8
COS 0
ONE 5
COS 0
ONE 3
COS 0
ONE 7
COS 0
ONE 6
COS 0
ONE 5
COS 0
ONE 8
COS 0
ONE 6
COS 0
ONE 9
COS 0
ONE 5
COS 0
ONE 10
COS 0
ONE 4
COS 0
ONE 3
COS 0
ONE 4
COS 0
ONE 6
COS 0
ONE 6
COS 0
ONE 3
COS 0
ONE 3
COS 0
ONE 5
COS 0
ONE 2
COS 0
ONE 6
COS 0
ONE 10
COS 0
ONE 7
COS 0
ONE 8
COS 0
ONE 9
COS 0
ONE 9
COS 0
ONE 10
COS 0
ONE 2
COS 0
ONE 5
COS 0
ONE 3
COS 0
ONE 7
COS 0
ONE 3
COS 0
ONE 7
COS 0
ONE 8
COS 0
ONE 4
COS 0
ONE 5
COS 0
ONE 10
COS 0
ONE 8
COS 0
ONE 5
COS 0
ONE 8
COS 0
ONE 5
COS 0
ONE 4
COS 0
ONE 6
COS 0
ONE 6
COS 0
ONE 2
COS 0
ONE 2
COS 0
ONE 6
COS 0
ONE 7
COS 0
ONE 4
COS 0
ONE 3
COS 0
ONE 3
COS 0
ONE 10
COS 0
ONE 2
COS 0
ONE 6
COS 0
ONE 7
COS 0
ONE 6
COS 0
ONE 6
COS 0
ONE 2
COS 0
ONE 4
COS 0
ONE 3
COS 0
ONE 8
COS 0
ONE 9
COS 0
ONE 1
COS 0
ONE 2
COS 0
ONE 5
COS 0
ONE 5
COS 0
ONE 1
COS 0
ONE 2
COS 0
ONE 5
COS 0
ONE 4
COS 0
ONE 7
COS 0
ONE 1
COS 0
ONE 5
COS 0
ONE 9
COS 0
ONE 4
COS 0
ONE 2
COS 0
ONE 4
COS 0
ONE 4
COS 0
ONE 7
COS 0
ONE 4
COS 0
ONE 10
COS 0
ONE 8
COS 0
ONE 2
COS 0
ONE 2
COS 0
ONE 4
COS 0
ONE 8
COS 0
ONE 6
COS 0
ONE 2
COS 0
ONE 9
COS 0
ONE 6
COS 0
ONE 5
COS 0
ONE 4
COS 0
ONE 3
COS 0
ONE 3
COS 0
ONE 4
COS 0
ONE 8
COS 0
ONE 1
COS 0
ONE 5
COS 0
ONE 10
COS 0
ONE 4
COS 0
ONE 8
COS 0
ONE 1
COS 0
ONE 2
COS 0
ONE 10
COS 0
ONE 3
COS 0
ONE 6
COS 0
ONE 10
COS 0
ONE 7
COS 0
ONE 3
COS 0
ONE 4
COS 0
ONE 3
COS 0
ONE 9
COS 0
ONE 3
COS 0
ONE 9
COS 0
ONE 1
COS 0
ONE 5
COS 0
ONE 4
COS 0
ONE 7
COS 0
ONE 6
COS 0
ONE 10
COS 0
ONE 9
COS 0
ONE 1
COS 0
ONE 5
COS 0
ONE 2
COS 0
ONE 6
COS 0
ONE 5
COS 0
ONE 1
COS 0
ONE 5
COS 0
ONE 5
COS 0
ONE 3
COS 0
ONE 6
COS 0
ONE 9
COS 0
ONE 1
COS 0
ONE 4
COS 0
ONE 3
COS 0
ONE 8
COS 0
ONE 9
COS 0
ONE 7
COS 0
ONE 2
COS 0
ONE 6
COS 0
ONE 7
COS 0
ONE 4
COS 0
ONE 9
COS 0
ONE 10
COS 0
ONE 6
COS 0
ONE 9
COS 0
ONE 1
COS 0
ONE 8
COS 0
ONE 5
COS 0
ONE 10
COS 0
ONE 1
COS 0
ONE 2
COS 0
ONE 8
COS 0
ONE 2
COS 0
ONE 10
COS 0
ONE 9
COS 0
ONE 6
COS 0
ONE 9
COS 0
ONE 1
COS 0
ONE 5
COS 0
ONE 3
COS 0
ONE 2
COS 0
ONE 4
COS 0
ONE 4
COS 0
ONE 6
COS 0
ONE 1
COS 0
ONE 6
COS 0
ONE 1
COS 0
ONE 9
COS 0
ONE 6
COS 0
ONE 2
COS 0
ONE 1
COS 0
ONE 3
COS 0
ONE 2
COS 0
ONE 10
COS 0
ONE 6
COS 0
ONE 8
COS 0
ONE 3
COS 0
ONE 9
COS 0
ONE 1
COS 0
ONE 5
COS 0
ONE 7
COS 0
ONE 3
COS 0
ONE 8
COS 0
ONE 8
COS 0
ONE 4
COS 0
ONE 10
COS 0
ONE 4
COS 0
ONE 1
COS 0
ONE 10
COS 0
ONE 1
COS 0
ONE 5
COS 0
ONE 3
COS 0
ONE 5
COS 0
ONE 4
COS 0
ONE 10
COS 0
ONE 2
COS 0
ONE 8
COS 0
ONE 9
COS 0
ONE 2
COS 0
ONE 5
COS 0
ONE 7
COS 0
ONE 7
COS 0
ONE 10
COS 0
ONE 2
COS 0
ONE 8
COS 0
ONE 6
COS 0
ONE 5
COS 0
ONE 2
COS 0
ONE 5
COS 0
ONE 4
COS 0
ONE 1
COS 0
ONE 3
COS 0
ONE 9
COS 0
ONE 5
COS 0
ONE 10
COS 0
ONE 6
COS 0
ONE 8
COS 0
ONE 8
COS 0
ONE 6
COS 0
ONE 5
COS 0
ONE 2
COS 0
ONE 10
COS 0
ONE 8
COS 0
ONE 4
COS 0
ONE 7
COS 0
ONE 9
COS 0
ONE 8
COS 0
ONE 3
COS 0
ONE 2
COS 0
ONE 10
COS 0
ONE 4
COS 0
ONE 6
COS 0
ONE 2
COS 0
ONE 3
COS 0
ONE 5
COS 0
ONE 4
COS 0
ONE 4
COS 0
ONE 2
COS 0
ONE 10
COS 0
ONE 6
COS 0
ONE 9
COS 0
ONE 1
COS 0
ONE 5
COS 0
ONE 4
COS 0
ONE 8
COS 0
ONE 1
COS 0
ONE 9
COS 0
ONE 4
COS 0
ONE 7
COS 0
ONE 2
COS 0
ONE 1
COS 0
ONE 2
COS 0
ONE 5
COS 0
ONE 6
COS 0
ONE 5
COS 0
ONE 2
COS 0
ONE 1
COS 0
ONE 6
COS 0
ONE 7
COS 0
ONE 6
COS 0
ONE 10
COS 0
ONE 4
COS 0
ONE 9
COS 0
ONE 3
COS 0
ONE 10
COS 0
ONE 2
COS 0
ONE 9
COS 0
ONE 6
COS 0
ONE 5
COS 0
ONE 9
COS 0
ONE 3
COS 0
ONE 6
COS 0
ONE 6
COS 0
ONE 9
COS 0
ONE 3
COS 0
ONE 8
COS 0
ONE 1
COS 0
ONE 9
COS 0
ONE 3
COS 0
ONE 4
COS 0
ONE 1
COS 0
ONE 9
COS 0
ONE 5
COS 0
ONE 4
COS 0
ONE 1
COS 0
ONE 8
COS 0
ONE 7
COS 0
ONE 4
COS 0
ONE 6
COS 0
ONE 9
COS 0
ONE 8
COS 0
ONE 10
COS 0
ONE 6
COS 0
ONE 3
COS 0
ONE 6
COS 0
ONE 1
COS 0
ONE 4
COS 0
ONE 5
COS 0
ONE 4
COS 0
ONE 7
COS 0
ONE 5
COS 0
ONE 4
COS 0
ONE 5
COS 0
ONE 3
COS 0
ONE 5
COS 0
ONE 2
COS 0
ONE 8
COS 0
ONE 2
COS 0
ONE 7
COS 0
ONE 9
COS 0
ONE 7
COS 0
ONE 10
COS 0
ONE 8
COS 0
ONE 9
COS 0
ONE 9
COS 0
ONE 3
COS 0
ONE 4
COS 0
ONE 2
COS 0
ONE 1
COS 0
ONE 9
COS 0
ONE 4
COS 0
ONE 4
COS 0
ONE 7
COS 0
ONE 4
COS 0
ONE 4
COS 0
ONE 5
COS 0
ONE 3
COS 0
ONE 3
COS 0
ONE 4
COS 0
ONE 7
COS 0
ONE 7
COS 0
ONE 7
COS 0
ONE 1
COS 0
ONE 4
COS 0
ONE 10
COS 0
ONE 4
COS 0
ONE 2
COS 0
ONE 10
COS 0
ONE 1
COS 0
ONE 1
COS 0
ONE 10
COS 0
ONE 6
COS 0
ONE 1
COS 0
ONE 9
COS 0
ONE 4
COS 0
ONE 7
COS 0
ONE 4
COS 0
ONE 5
COS 0
ONE 6
COS 0
ONE 5
COS 0
ONE 8
COS 0
ONE 7
COS 0
ONE 8
COS 0
ONE 6
COS 0
ONE 8
COS 0
ONE 8
COS 0
ONE 8
COS 0
ONE 10
COS 0
ONE 4
COS 0
ONE 2
COS 0
ONE 10
COS 0
ONE 6
COS 0
ONE 6
COS 0
ONE 3
COS 0
ONE 3
COS 0
ONE 2
COS 0
ONE 1
COS 0
ONE 2
COS 0
ONE 6
COS 0
ONE 5
COS 0
ONE 9
COS 0
ONE 5
COS 0
ONE 3
COS 0
ONE 5
COS 0
ONE 10
COS 0
ONE 8
COS 0
ONE 9
COS 0
ONE 2
COS 0
ONE 2
COS 0
ONE 3
COS 0
ONE 2
COS 0
ONE 9
COS 0
ONE 3
COS 0
ONE 2
COS 0
ONE 7
COS 0
ONE 2
COS 0
ONE 3
COS 0
ONE 2
COS 0
ONE 5
COS 0
ONE 3
COS 0
ONE 6
COS 0
ONE 4
COS 0
ONE 7
COS 0
ONE 6
COS 0
ONE 6
COS 0
ONE 5
COS 0
ONE 1
COS 0
ONE 9
COS 0
ONE 4
COS 0
ONE 7
COS 0
ONE 9
COS 0
ONE 10
COS 0
ONE 1
COS 0
ONE 3
COS 0
ONE 6
COS 0
ONE 2
COS 0
ONE 4
COS 0
ONE 6
COS 0
ONE 1
COS 0
ONE 7
COS 0
ONE 9
COS 0
ONE 1
COS 0
ONE 5
COS 0
ONE 7
COS 0
ONE 2
COS 0
ONE 3
COS 0
ONE 8
COS 0
ONE 5
COS 0
ONE 9
COS 0
ONE 2
COS 0
ONE 5
COS 0
ONE 5
COS 0
ONE 10
COS 0
ONE 8
COS 0
ONE 10
COS 0
ONE 4
COS 0
ONE 8
COS 0
ONE 2
COS 0
ONE 3
COS 0
ONE 1
COS 0
ONE 3
COS 0
ONE 6
COS 0
ONE 1
COS 0
ONE 2
COS 0
ONE 3
COS 0
ONE 7
COS 0
ONE 9
COS 0
ONE 5
COS 0
ONE 4
COS 0
ONE 10
COS 0
ONE 2
COS 0
ONE 5
COS 0
ONE 7
COS 0
ONE 2
COS 0
ONE 10
COS 0
ONE 10
COS 0
ONE 2
COS 0
ONE 1
COS 0
ONE 10
COS 0
ONE 9
COS 0
ONE 2
COS 0
ONE 6
COS 0
ONE 10
COS 0
ONE 8
COS 0
ONE 6
COS 0
ONE 10
COS 0
ONE 4
COS 0
ONE 7
COS 0
ONE 5
COS 0
ONE 4
COS 0
ONE 1
COS 0
ONE 1
COS 0
ONE 7
COS 0
ONE 1
COS 0
ONE 2
COS 0
ONE 7
COS 0
ONE 1
COS 0
ONE 8
COS 0
ONE 2
COS 0
ONE 6
COS 0
ONE 2
COS 0
ONE 3
COS 0
ONE 3
COS 0
ONE 8
COS 0
ONE 2
COS 0
ONE 6
COS 0
ONE 1
COS 0
ONE 8
COS 0
ONE 10
COS 0
ONE 10
COS 0
ONE 10
COS 0
ONE 5
COS 0
ONE 3
COS 0
ONE 8
COS 0
ONE 2
COS 0
ONE 7
COS 0
ONE 3
COS 0
ONE 4
COS 0
ONE 10
COS 0
ONE 7
COS 0
ONE 3
COS 0
ONE 8
COS 0
ONE 4
COS 0
ONE 9
COS 0
ONE 3
COS 0
ONE 1
COS 0
ONE 2
COS 0
ONE 9
COS 0
ONE 8
COS 0
ONE 6
COS 0
ONE 2
COS 0
ONE 4
COS 0
ONE 5
COS 0
ONE 7
COS 0
ONE 5
COS 0
ONE 4
COS 0
ONE 2
COS 0
ONE 1
COS 0
ONE 3
COS 0
ONE 1
COS 0
ONE 6
COS 0
ONE 2
COS 0
ONE 6
COS 0
ONE 8
COS 0
ONE 4
COS 0
ONE 9
COS 0
ONE 5
COS 0
ONE 9
COS 0
ONE 1
COS 0
ONE 6
COS 0
ONE 2
COS 0
ONE 10
COS 0
ONE 6
COS 0
ONE 8
COS 0
ONE 3
COS 0
ONE 7
COS 0
ONE 6
COS 0
ONE 10
COS 0
ONE 10
COS 0
ONE 3
COS 0
ONE 2
COS 0
ONE 8
COS 0
ONE 3
COS 0
ONE 3
COS 0
ONE 5
COS 0
ONE 2
COS 0
ONE 3
COS 0
ONE 2
COS 0
ONE 8
COS 0
ONE 2
COS 0
ONE 9
COS 0
ONE 7
COS 0
ONE 5
COS 0
ONE 9
COS 0
ONE 10
COS 0
ONE 4
COS 0
ONE 8
COS 0
ONE 10
COS 0
ONE 1
COS 0
ONE 9
COS 0
ONE 9
COS 0
ONE 8
COS 0
ONE 4
COS 0
ONE 10
COS 0
ONE 8
COS 0
ONE 5
COS 0
ONE 1
COS 0
ONE 7
COS 0
ONE 7
COS 0
ONE 2
COS 0
ONE 9
COS 0
ONE 1
COS 0
ONE 8
COS 0
ONE 10
COS 0
ONE 4
COS 0
ONE 2
COS 0
ONE 8
COS 0
ONE 4
COS 0
ONE 9
COS 0
ONE 3
COS 0
ONE 9
COS 0
ONE 1
COS 0
ONE 5
COS 0
ONE 6
COS 0
ONE 9
COS 0
ONE 6
COS 0
ONE 2
COS 0
ONE 9
COS 0
ONE 7
COS 0
ONE 9
COS 0
ONE 7
COS 0
ONE 2
COS 0
ONE 9
COS 0
ONE 8
COS 0
ONE 9
COS 0
ONE 5
COS 0
ONE 6
COS 0
ONE 2
COS 0
ONE 9
COS 0
ONE 9
COS 0
ONE 4
COS 0
ONE 7
COS 0
ONE 4
COS 0
ONE 3
COS 0
ONE 8
COS 0
ONE 8
COS 0
ONE 3
COS 0
ONE 10
COS 0
ONE 3
COS 0
ONE 7
COS 0
ONE 7
COS 0
ONE 9
COS 0
ONE 10
COS 0
ONE 5
COS 0
ONE 7
COS 0
ONE 5
COS 0
ONE 9
COS 0
ONE 8
COS 0
ONE 7
COS 0
ONE 1
COS 0
ONE 7
COS 0
ONE 6
COS 0
ONE 5
COS 0
ONE 6
COS 0
ONE 4
COS 0
ONE 4
COS 0
ONE 9
COS 0
ONE 9
COS 0
ONE 5
COS 0
ONE 10
COS 0
ONE 2
COS 0
ONE 4
COS 0
ONE 4
COS 0
ONE 3
COS 0
ONE 3
COS 0
ONE 9
COS 0
ONE 10
COS 0
ONE 3
COS 0
ONE 6
COS 0
ONE 3
COS 0
ONE 10
COS 0
ONE 8
COS 0
ONE 8
COS 0
ONE 8
COS 0
ONE 9
COS 0
ONE 4
COS 0
ONE 2
COS 0
ONE 6
COS 0
ONE 8
COS 0
ONE 6
COS 0
ONE 10
COS 0
ONE 1
COS 0
ONE 6
COS 0
ONE 3
COS 0
ONE 7
COS 0
ONE 10
COS 0
ONE 5
COS 0
ONE 3
COS 0
ONE 4
COS 0
ONE 5
COS 0
ONE 1
COS 0
ONE 10
COS 0
ONE 1
COS 0
ONE 8
COS 0
ONE 5
COS 0
ONE 2
COS 0
ONE 10
COS 0
ONE 2
COS 0
ONE 8
COS 0
ONE 10
COS 0
ONE 3
COS 0
ONE 6
COS 0
ONE 1
COS 0
ONE 10
COS 0
ONE 6
COS 0
ONE 10
COS 0
ONE 8
COS 0
ONE 10
COS 0
ONE 8
COS 0
ONE 5
COS 0
ONE 10
COS 0
ONE 4
COS 0
ONE 3
COS 0
ONE 5
COS 0
ONE 8
COS 0
ONE 10
COS 0
ONE 2
COS 0
ONE 8
COS 0
ONE 6
COS 0
ONE 3
COS 0
ONE 1
COS 0
ONE 8
COS 0
ONE 9
COS 0
ONE 8
COS 0
ONE 8
COS 0
ONE 4
COS 0
ONE 9
COS 0
ONE 6
COS 0
ONE 2
COS 0
ONE 6
COS 0
ONE 10
COS 0
ONE 3
COS 0
ONE 4
COS 0
ONE 2
COS 0
ONE 7
COS 0
ONE 8
COS 0
ONE 2
COS 0
ONE 9
COS 0
ONE 6
COS 0
ONE 6
COS 0
ONE 1
COS 0
ONE 4
COS 0
ONE 9
COS 0
ONE 6
COS 0
ONE 3
COS 0
ONE 5
COS 0
ONE 3
COS 0
ONE 5
COS 0
ONE 3
COS 0
ONE 2
COS 0
ONE 8
COS 0
ONE 2
COS 0
ONE 3
COS 0
ONE 8
COS 0
ONE 7
COS 0
ONE 2
COS 0
ONE 7
COS 0
ONE 5
COS 0
ONE 1
COS 0
ONE 4
COS 0
ONE 7
COS 0
ONE 3
COS 0
ONE 2
COS 0
ONE 9
COS 0
ONE 1
COS 0
ONE 3
COS 0
ONE 2
COS 0
ONE 7
COS 0
ONE 3
COS 0
ONE 9
COS 0
ONE 7
COS 0
ONE 10
COS 0
ONE 6
COS 0
ONE 5
COS 0
ONE 6
COS 0
ONE 6
COS 0
ONE 8
COS 0
ONE 4
COS 0
ONE 9
COS 0
ONE 5
COS 0
ONE 6
COS 0
ONE 4
COS 0
ONE 1
COS 0
ONE 10
COS 0
ONE 4
COS 0
ONE 6
COS 0
ONE 8
COS 0
ONE 5
COS 0
ONE 7
COS 0
ONE 2
COS 0
ONE 9
COS 0
ONE 1
COS 0
ONE 7
COS 0
ONE 7
COS 0
ONE 4
COS 0
ONE 6
COS 0
ONE 10
COS 0
ONE 7
COS 0
ONE 6
COS 0
ONE 9
COS 0
ONE 1
COS 0
ONE 2
COS 0
ONE 9
COS 0
ONE 1
COS 0
ONE 8
COS 0
ONE 3
COS 0
ONE 4
COS 0
ONE 5
COS 0
ONE 3
COS 0
ONE 8
COS 0
ONE 1
COS 0
ONE 9
COS 0
ONE 10
COS 0
ONE 3
COS 0
ONE 9
COS 0
ONE 2
COS 0
ONE 6
COS 0
ONE 9
COS 0
ONE 1
COS 0
ONE 1
COS 0
ONE 1
COS 0
ONE 10
COS 0
ONE 10
COS 0
ONE 4
COS 0
ONE 2
COS 0
ONE 10
COS 0
ONE 3
COS 0
ONE 9
COS 0
ONE 10
COS 0
ONE 10
COS 0
ONE 1
COS 0
ONE 6
COS 0
ONE 7
COS 0
ONE 10
COS 0
ONE 6
COS 0
ONE 4
COS 0
ONE 6
COS 0
ONE 5
COS 0
ONE 10
COS 0
ONE 10
COS 0
ONE 1
COS 0
ONE 9
COS 0
ONE 5
COS 0
ONE 10
COS 0
ONE 9
COS 0
ONE 9
COS 0
ONE 9
COS 0
ONE 5
COS 0
ONE 6
COS 0
ONE 10
COS 0
ONE 5
COS 0
ONE 7
COS 0
ONE 9
COS 0
ONE 6
COS 0
ONE 3
COS 0
ONE 1
COS 0
ONE 3
COS 0
ONE 8
COS 0
ONE 3
COS 0
ONE 2
COS 0
ONE 8
COS 0
ONE 3
COS 0
ONE 3
COS 0
ONE 7
COS 0
ONE 1
COS 0
ONE 4
COS 0
ONE 3
COS 0
ONE 8
COS 0
ONE 3
COS 0
ONE 4
COS 0
ONE 10
COS 0
ONE 1
COS 0
ONE 3
COS 0
ONE 2
COS 0
ONE 5
COS 0
ONE 5
COS 0
ONE 8
COS 0
ONE 10
COS 0
ONE 3
COS 0
ONE 8
COS 0
ONE 10
COS 0
ONE 8
COS 0
ONE 2
COS 0
ONE 2
COS 0
ONE 2
COS 0
ONE 5
COS 0
ONE 1
COS 0
ONE 10
COS 0
ONE 10
COS 0
ONE 3
COS 0
ONE 10
COS 0
ONE 2
COS 0
ONE 3
COS 0
ONE 9
COS 0
ONE 3
COS 0
ONE 9
COS 0
ONE 8
COS 0
ONE 1
COS 0
ONE 6
COS 0
ONE 1
COS 0
ONE 4
COS 0
ONE 2
COS 0
ONE 10
COS 0
ONE 10
COS 0
ONE 5
COS 0
ONE 2
COS 0
ONE 9
COS 0
ONE 8
COS 0
ONE 4
COS 0
ONE 4
COS 0
ONE 7
COS 0
ONE 5
COS 0
ONE 5
COS 0
ONE 2
COS 0
ONE 5
COS 0
ONE 8
COS 0
ONE 7
COS 0
ONE 1
COS 0
ONE 2
COS 0
ONE 8
COS 0
ONE 6
COS 0
ONE 9
COS 0
ONE 5
COS 0
ONE 8
COS 0
ONE 5
COS 0
ONE 7
COS 0
ONE 10
COS 0
ONE 9
COS 0
ONE 10
COS 0
ONE 8
COS 0
ONE 7
COS 0
ONE 2
COS 0
ONE 9
COS 0
ONE 6
COS 0
ONE 2
COS 0
ONE 2
COS 0
ONE 9
COS 0
ONE 6
COS 0
ONE 2
COS 0
ONE 6
COS 0
ONE 4
COS 0
ONE 4
COS 0
ONE 8
COS 0
ONE 9
COS 0
ONE 8
COS 0
ONE 3
COS 0
ONE 1
COS 0
ONE 6
COS 0
ONE 5
COS 0
ONE 4
COS 0
ONE 5
COS 0
ONE 5
COS 0
ONE 10
COS 0
ONE 5
COS 0
ONE 2
COS 0
ONE 1
COS 0
ONE 3
COS 0
ONE 6
COS 0
ONE 3
COS 0
ONE 3
COS 0
ONE 9
COS 0
ONE 6
COS 0
ONE 7
COS 0
ONE 8
COS 0
ONE 6
COS 0
ONE 8
COS 0
ONE 9
COS 0
ONE 9
COS 0
ONE 10
COS 0
ONE 2
COS 0
ONE 1
COS 0
ONE 1
COS 0
ONE 4
COS 0
ONE 9
COS 0
ONE 9
COS 0
ONE 3
COS 0
ONE 3
COS 0
ONE 2
COS 0
ONE 4
COS 0
ONE 8
COS 0
ONE 9
COS 0
ONE 9
COS 0
ONE 3
COS 0
ONE 10
COS 0
ONE 9
COS 0
ONE 6
COS 0
ONE 8
COS 0
ONE 5
COS 0
ONE 7
COS 0
ONE 1
COS 0
ONE 9
COS 0
ONE 5
COS 0
ONE 2
COS 0
ONE 5
COS 0
ONE 8
COS 0
ONE 2
COS 0
ONE 1
COS 0
ONE 6
COS 0
ONE 7
COS 0
ONE 8
COS 0
ONE 7
COS 0
ONE 7
COS 0
ONE 4
COS 0
ONE 6
COS 0
ONE 3
COS 0
ONE 7
COS 0
ONE 9
COS 0
ONE 2
COS 0
ONE 7
COS 0
ONE 1
COS 0
ONE 9
COS 0
ONE 7
COS 0
ONE 3
COS 0
ONE 2
COS 0
ONE 1
COS 0
ONE 8
COS 0
ONE 7
COS 0
ONE 5
COS 0
ONE 8
COS 0
ONE 6
COS 0
ONE 1
COS 0
ONE 8
COS 0
ONE 10
COS 0
ONE 7
COS 0
ONE 4
COS 0
ONE 5
COS 0
ONE 3
COS 0
ONE 4
COS 0
ONE 8
COS 0
ONE 2
COS 0
ONE 1
COS 0
ONE 4
COS 0
ONE 8
COS 0
ONE 9
COS 0
ONE 6
COS 0
ONE 5
COS 0
ONE 9
COS 0
ONE 6
COS 0
ONE 10
COS 0
ONE 1
COS 0
ONE 1
COS 0
ONE 4
COS 0
ONE 9
COS 0
ONE 4
COS 0
ONE 7
COS 0
ONE 3
COS 0
ONE 9
COS 0
ONE 4
COS 0
ONE 5
COS 0
ONE 9
COS 0
ONE 4
COS 0
ONE 10
COS 0
ONE 9
COS 0
ONE 6
COS 0
ONE 2
COS 0
ONE 4
COS 0
ONE 1
COS 0
ONE 8
COS 0
ONE 4
COS 0
ONE 3
COS 0
ONE 4
COS 0
ONE 10
COS 0
ONE 8
COS 0
ONE 2
COS 0
ONE 6
COS 0
ONE 9
COS 0
ONE 5
COS 0
ONE 6
COS 0
ONE 8
COS 0
ONE 3
COS 0
ONE 10
COS 0
ONE 9
COS 0
ONE 5
COS 0
ONE 4
COS 0
ONE 5
COS 0
ONE 7
COS 0
ONE 10
COS 0
ONE 9
COS 0
ONE 7
COS 0
ONE 6
COS 0
ONE 8
COS 0
ONE 2
COS 0
ONE 3
COS 0
ONE 5
COS 0
ONE 4
COS 0
ONE 8
COS 0
ONE 8
COS 0
ONE 6
COS 0
ONE 10
COS 0
ONE 8
COS 0
ONE 1
COS 0
ONE 2
COS 0
ONE 6
COS 0
ONE 6
COS 0
ONE 5
COS 0
ONE 2
COS 0
ONE 10
COS 0
ONE 4
COS 0
ONE 4
COS 0
ONE 3
COS 0
ONE 5
COS 0
ONE 2
COS 0
ONE 8
COS 0
ONE 9
COS 0
ONE 1
COS 0
ONE 5
COS 0
ONE 3
COS 0
ONE 5
COS 0
ONE 9
COS 0
ONE 8
COS 0
ONE 4
COS 0
ONE 5
COS 0
ONE 2
COS 0
ONE 9
COS 0
ONE 7
COS 0
ONE 9
COS 0
ONE 4
COS 0
ONE 7
COS 0
ONE 7
COS 0
ONE 8
COS 0
ONE 9
COS 0
ONE 1
COS 0
ONE 9
COS 0
ONE 2
COS 0
ONE 1
COS 0
ONE 2
COS 0
ONE 4
COS 0
ONE 10
COS 0
ONE 2
COS 0
ONE 3
COS 0
ONE 9
COS 0
ONE 10
COS 0
ONE 10
COS 0
ONE 7
COS 0
ONE 1
COS 0
ONE 3
COS 0
ONE 6
COS 0
ONE 8
COS 0
ONE 2
COS 0
ONE 3
COS 0
ONE 10
COS 0
ONE 1
COS 0
ONE 10
COS 0
ONE 10
COS 0
ONE 5
COS 0
ONE 7
COS 0
ONE 3
COS 0
ONE 5
COS 0
ONE 9
COS 0
ONE 4
COS 0
ONE 9
COS 0
ONE 4
COS 0
ONE 4
COS 0
ONE 6
COS 0
ONE 4
COS 0
ONE 2
COS 0
ONE 3
COS 0
ONE 4
COS 0
ONE 4
COS 0
ONE 9
COS 0
ONE 3
COS 0
ONE 1
COS 0
ONE 1
COS 0
ONE 9
COS 0
ONE 9
COS 0
ONE 1
COS 0
ONE 2
COS 0
ONE 5
COS 0
ONE 10
COS 0
ONE 3
COS 0
ONE 2
COS 0
ONE 2
COS 0
ONE 8
COS 0
ONE 9
COS 0
ONE 3
COS 0
ONE 1
COS 0
ONE 6
COS 0
ONE 6
COS 0
ONE 2
COS 0
ONE 8
COS 0
ONE 4
COS 0
ONE 9
COS 0
ONE 3
COS 0
ONE 6
COS 0
ONE 7
COS 0
ONE 1
COS 0
ONE 7
COS 0
ONE 9
COS 0
ONE 1
COS 0
ONE 10
COS 0
ONE 10
COS 0
ONE 10
COS 0
ONE 3
COS 0
ONE 1
COS 0
ONE 5
COS 0
ONE 3
COS 0
ONE 1
COS 0
ONE 4
COS 0
ONE 2
COS 0
ONE 1
COS 0
ONE 7
COS 0
ONE 3
COS 0
ONE 9
COS 0
ONE 9
COS 0
ONE 1
COS 0
ONE 3
COS 0
ONE 9
COS 0
ONE 6
COS 0
ONE 4
COS 0
ONE 2
COS 0
ONE 6
COS 0
ONE 2
COS 0
ONE 1
COS 0
ONE 7
COS 0
ONE 2
COS 0
ONE 5
COS 0
ONE 10
COS 0
ONE 2
COS 0
ONE 10
COS 0
ONE 3
COS 0
ONE 9
COS 0
ONE 4
COS 0
ONE 9
COS 0
ONE 2
COS 0
ONE 1
COS 0
ONE 7
COS 0
ONE 4
COS 0
ONE 2
COS 0
ONE 2
COS 0
ONE 1
COS 0
ONE 3
COS 0
ONE 3
COS 0
ONE 2
COS 0
ONE 3
COS 0
ONE 4
COS 0
ONE 6
COS 0
ONE 1
COS 0
ONE 2
COS 0
ONE 1
COS 0
ONE 3
COS 0
ONE 3
COS 0
ONE 7
COS 0
ONE 2
COS 0
ONE 3
COS 0
ONE 2
COS 0
ONE 10
COS 0
ONE 7
COS 0
ONE 4
COS 0
ONE 4
COS 0
ONE 10
COS 0
ONE 5
COS 0
ONE 1
COS 0
ONE 9
COS 0
ONE 10
COS 0
ONE 6
COS 0
ONE 8
COS 0
ONE 6
COS 0
ONE 1
COS 0
ONE 8
COS 0
ONE 5
COS 0
ONE 9
COS 0
ONE 3
COS 0
ONE 5
COS 0
ONE 8
COS 0
ONE 7
COS 0
ONE 1
COS 0
ONE 7
COS 0
ONE 10
COS 0
ONE 10
COS 0
ONE 8
COS 0
ONE 7
COS 0
ONE 8
COS 0
ONE 9
COS 0
ONE 5
COS 0
ONE 6
COS 0
ONE 9
COS 0
ONE 9
COS 0
ONE 7
COS 0
ONE 2
COS 0
ONE 2
COS 0
ONE 1
COS 0
ONE 7
COS 0
ONE 3
COS 0
ONE 7
COS 0
ONE 2
COS 0
ONE 6
COS 0
ONE 2
COS 0
ONE 1
COS 0
ONE 1
COS 0
ONE 2
COS 0
ONE 5
COS 0
ONE 8
COS 0
ONE 5
COS 0
ONE 3
COS 0
ONE 2
COS 0
ONE 6
COS 0
ONE 2
COS 0
ONE 10
COS 0
ONE 8
COS 0
ONE 7
COS 0
ONE 8
COS 0
ONE 6
COS 0
ONE 6
COS 0
ONE 1
COS 0
ONE 5
COS 0
ONE 3
COS 0
ONE 10
COS 0
ONE 1
COS 0
ONE 4
COS 0
ONE 3
COS 0
ONE 9
COS 0
ONE 4
COS 0
ONE 6
COS 0
ONE 7
COS 0
ONE 10
COS 0
ONE 9
COS 0
ONE 5
COS 0
ONE 6
COS 0
ONE 5
COS 0
ONE 6
COS 0
ONE 5
COS 0
ONE 1
COS 0
ONE 1
COS 0
ONE 4
COS 0
ONE 1
COS 0
ONE 10
COS 0
ONE 1
COS 0
ONE 4
COS 0
ONE 7
COS 0
ONE 9
COS 0
ONE 6
COS 0
ONE 4
COS 0
ONE 2
COS 0
ONE 10
COS 0
ONE 6
COS 0
ONE 6
COS 0
ONE 7
COS 0
ONE 6
COS 0
ONE 6
COS 0
ONE 5
COS 0
ONE 4
COS 0
ONE 1
COS 0
ONE 8
COS 0
ONE 3
COS 0
ONE 5
COS 0
ONE 5
COS 0
ONE 10
COS 0
ONE 8
COS 0
ONE 9
COS 0
ONE 10
COS 0
ONE 5
COS 0
ONE 2
COS 0
ONE 4
COS 0
ONE 5
COS 0
ONE 2
COS 0
ONE 6
COS 0
ONE 2
COS 0
ONE 10
COS 0
ONE 3
COS 0
ONE 8
COS 0
ONE 8
COS 0
ONE 7
COS 0
ONE 5
COS 0
ONE 2
COS 0
ONE 9
COS 0
ONE 4
COS 0
ONE 9
COS 0
ONE 8
COS 0
ONE 5
COS 0
ONE 8
COS 0
ONE 6
COS 0
ONE 9
COS 0
ONE 1
COS 0
ONE 1
COS 0
ONE 8
COS 0
ONE 8
COS 0
ONE 3
COS 0
ONE 3
COS 0
ONE 6
COS 0
ONE 2
COS 0
ONE 2
COS 0
ONE 9
COS 0
ONE 7
COS 0
ONE 9
COS 0
ONE 4
COS 0
ONE 7
COS 0
ONE 8
COS 0
ONE 4
COS 0
ONE 10
COS 0
ONE 5
COS 0
ONE 10
COS 0
ONE 6
COS 0
ONE 3
COS 0
ONE 10
COS 0
ONE 5
COS 0
ONE 5
COS 0
ONE 2
COS 0
ONE 3
COS 0
ONE 4
COS 0
ONE 10
COS 0
ONE 7
COS 0
ONE 9
COS 0
ONE 4
COS 0
ONE 5
COS 0
ONE 1
COS 0
ONE 8
COS 0
ONE 3
COS 0
ONE 5
COS 0
ONE 1
COS 0
ONE 4
COS 0
ONE 2
COS 0
ONE 9
COS 0
ONE 1
COS 0
ONE 8
COS 0
ONE 4
COS 0
ONE 6
COS 0
ONE 1
COS 0
ONE 4
COS 0
ONE 9
COS 0
ONE 1
COS 0
ONE 3
COS 0
ONE 3
COS 0
ONE 9
COS 0
ONE 6
COS 0
ONE 10
COS 0
ONE 9
COS 0
ONE 2
COS 0
ONE 8
COS 0
ONE 3
COS 0
ONE 5
COS 0
ONE 3
COS 0
ONE 3
COS 0
ONE 5
COS 0
ONE 7
COS 0
ONE 7
COS 0
ONE 2
COS 0
ONE 10
COS 0
ONE 6
COS 0
ONE 9
COS 0
ONE 2
COS 0
ONE 5
COS 0
ONE 5
COS 0
ONE 10
COS 0
ONE 10
COS 0
ONE 2
COS 0
ONE 1
COS 0
ONE 7
COS 0
ONE 6
COS 0
ONE 10
COS 0
ONE 10
COS 0
ONE 3
COS 0
ONE 5
COS 0
ONE 7
COS 0
ONE 4
COS 0
ONE 8
COS 0
ONE 8
COS 0
ONE 10
COS 0
ONE 2
COS 0
ONE 2
COS 0
ONE 3
COS 0
ONE 2
COS 0
ONE 4
COS 0
ONE 1
COS 0
ONE 3
COS 0
ONE 6
COS 0
ONE 4
COS 0
ONE 10
COS 0
ONE 1
COS 0
ONE 3
COS 0
ONE 7
COS 0
ONE 8
COS 0
ONE 2
COS 0
ONE 2
COS 0
ONE 10
COS 0
ONE 2
COS 0
ONE 9
COS 0
ONE 4
COS 0
ONE 2
COS 0
ONE 2
COS 0
ONE 10
COS 0
ONE 8
COS 0
ONE 6
COS 0
ONE 8
COS 0
ONE 6
COS 0
ONE 4
COS 0
ONE 4
COS 0
ONE 9
COS 0
ONE 4
COS 0
ONE 6
COS 0
ONE 10
COS 0
ONE 6
COS 0
ONE 6
COS 0
ONE 7
COS 0
ONE 7
COS 0
ONE 5
COS 0
ONE 8
COS 0
ONE 3
COS 0
ONE 6
COS 0
ONE 5
COS 0
ONE 1
COS 0
ONE 8
COS 0
ONE 3
COS 0
ONE 10
COS 0
ONE 6
COS 0
ONE 2
COS 0
ONE 10
COS 0
ONE 3
COS 0
ONE 3
COS 0
ONE 10
COS 0
ONE 2
COS 0
ONE 1
COS 0
ONE 2
COS 0
ONE 1
COS 0
ONE 1
COS 0
ONE 8
COS 0
ONE 7
COS 0
ONE 7
COS 0
ONE 8
COS 0
ONE 4
COS 0
ONE 9
COS 0
ONE 2
COS 0
ONE 4
COS 0
ONE 2
COS 0
ONE 5
COS 0
ONE 8
COS 0
ONE 6
COS 0
ONE 8
COS 0
ONE 4
COS 0
ONE 6
COS 0
ONE 9
COS 0
ONE 9
COS 0
ONE 5
COS 0
ONE 9
COS 0
ONE 5
COS 0
ONE 6
COS 0
ONE 8
COS 0
ONE 4
COS 0
ONE 6
COS 0
ONE 5
COS 0
ONE 4
COS 0
ONE 6
COS 0
ONE 2
COS 0
ONE 5
COS 0
ONE 8
COS 0
ONE 2
COS 0
ONE 9
COS 0
ONE 7
COS 0
ONE 10
COS 0
ONE 4
COS 0
ONE 10
COS 0
ONE 4
COS 0
ONE 7
COS 0
ONE 2
COS 0
ONE 10
COS 0
ONE 2
COS 0
ONE 3
COS 0
ONE 4
COS 0
ONE 7
COS 0
ONE 7
COS 0
ONE 4
COS 0
ONE 2
COS 0
ONE 3
COS 0
ONE 3
COS 0
ONE 5
COS 0
ONE 7
COS 0
ONE 10
COS 0
ONE 5
COS 0
ONE 4
COS 0
ONE 2
COS 0
ONE 3
COS 0
ONE 7
COS 0
ONE 7
COS 0
ONE 7
COS 0
ONE 8
COS 0
ONE 4
COS 0
ONE 9
COS 0
ONE 1
COS 0
ONE 7
COS 0
ONE 8
COS 0
ONE 1
COS 0
ONE 1
COS 0
ONE 7
COS 0
ONE 10
COS 0
ONE 7
COS 0
ONE 6
COS 0
ONE 4
COS 0
ONE 3
COS 0
ONE 1
COS 0
ONE 10
COS 0
ONE 8
COS 0
ONE 1
COS 0
ONE 9
COS 0
ONE 3
COS 0
ONE 5
COS 0
ONE 10
COS 0
ONE 7
COS 0
ONE 10
COS 0
ONE 4
COS 0
ONE 8
COS 0
ONE 3
COS 0
ONE 2
COS 0
ONE 10
COS 0
ONE 10
COS 0
ONE 3
COS 0
ONE 9
COS 0
ONE 3
COS 0
ONE 3
COS 0
ONE 1
COS 0
ONE 9
COS 0
ONE 10
COS 0
ONE 1
COS 0
ONE 7
COS 0
ONE 10
COS 0
ONE 6
COS 0
ONE 5
COS 0
ONE 10
COS 0
ONE 1
COS 0
ONE 10
COS 0
ONE 8
COS 0
ONE 10
COS 0
ONE 2
COS 0
ONE 5
COS 0
ONE 3
COS 0
ONE 8
COS 0
ONE 5
COS 0
ONE 8
COS 0
ONE 7
COS 0
ONE 4
COS 0
ONE 9
COS 0
ONE 7
COS 0
ONE 2
COS 0
ONE 2
COS 0
ONE 1
COS 0
ONE 7
COS 0
ONE 3
COS 0
ONE 7
COS 0
ONE 9
COS 0
ONE 4
COS 0
ONE 4
COS 0
ONE 3
COS 0
ONE 8
COS 0
ONE 6
COS 0
ONE 7
COS 0
ONE 9
COS 0
ONE 9
COS 0
ONE 4
COS 0
ONE 5
COS 0
ONE 5
COS 0
ONE 10
COS 0
ONE 8
COS 0
ONE 4
COS 0
ONE 7
COS 0
ONE 9
COS 0
ONE 5
COS 0
ONE 7
COS 0
ONE 9
COS 0
ONE 5
COS 0
ONE 8
COS 0
ONE 7
COS 0
ONE 10
COS 0
ONE 4
COS 0
ONE 3
COS 0
ONE 6
COS 0
ONE 5
COS 0
ONE 9
COS 0
ONE 10
COS 0
ONE 8
COS 0
ONE 2
COS 0
ONE 5
COS 0
ONE 2
COS 0
ONE 6
COS 0
ONE 4
COS 0
ONE 9
COS 0
ONE 4
COS 0
ONE 9
COS 0
ONE 6
COS 0
ONE 8
COS 0
ONE 10
COS 0
ONE 1
COS 0
ONE 4
COS 0
ONE 7
COS 0
ONE 4
COS 0
ONE 9
COS 0
ONE 10
COS 0
ONE 9
COS 0
ONE 5
COS 0
ONE 7
COS 0
ONE 3
COS 0
ONE 5
COS 0
ONE 3
COS 0
ONE 6
COS 0
ONE 6
COS 0
ONE 2
COS 0
ONE 10
COS 0
ONE 7
COS 0
ONE 10
COS 0
ONE 6
COS 0
ONE 6
COS 0
ONE 5
COS 0
ONE 2
COS 0
ONE 6
COS 0
ONE 3
COS 0
ONE 9
COS 0
ONE 10
COS 0
ONE 1
COS 0
ONE 1
COS 0
ONE 8
COS 0
ONE 8
COS 0
ONE 4
COS 0
ONE 8
COS 0
ONE 4
COS 0
ONE 1
COS 0
ONE 2
COS 0
ONE 4
COS 0
ONE 1
COS 0
ONE 10
COS 0
ONE 8
COS 0
ONE 7
COS 0
ONE 6
COS 0
ONE 5
COS 0
ONE 2
COS 0
ONE 3
COS 0
ONE 2
COS 0
ONE 7
COS 0
ONE 6
COS 0
ONE 8
COS 0
ONE 4
COS 0
ONE 10
COS 0
ONE 5
COS 0
ONE 8
COS 0
ONE 1
COS 0
ONE 3
COS 0
ONE 9
COS 0
ONE 1
COS 0
ONE 4
COS 0
ONE 4
COS 0
ONE 5
COS 0
ONE 10
COS 0
ONE 5
COS 0
ONE 6
COS 0
ONE 4
COS 0
ONE 5
COS 0
ONE 1
COS 0
ONE 4
COS 0
ONE 4
COS 0
ONE 1
COS 0
ONE 1
COS 0
ONE 8
COS 0
ONE 4
COS 0
ONE 9
COS 0
ONE 10
COS 0
ONE 1
COS 0
ONE 8
COS 0
ONE 8
COS 0
ONE 5
COS 0
ONE 9
COS 0
ONE 1
COS 0
ONE 6
COS 0
ONE 10
COS 0
ONE 1
COS 0
ONE 6
COS 0
ONE 7
COS 0
ONE 2
COS 0
ONE 9
COS 0
ONE 6
COS 0
ONE 5
COS 0
ONE 9
COS 0
ONE 9
COS 0
ONE 8
COS 0
ONE 10
COS 0
ONE 7
COS 0
ONE 9
COS 0
ONE 3
COS 0
ONE 5
COS 0
ONE 6
COS 0
ONE 6
COS 0
ONE 3
COS 0
ONE 9
COS 0
ONE 4
COS 0
ONE 2
COS 0
ONE 1
COS 0
ONE 3
COS 0
ONE 3
COS 0
ONE 8
COS 0
ONE 5
COS 0
ONE 8
COS 0
ONE 1
COS 0
ONE 3
COS 0
ONE 6
COS 0
ONE 1
COS 0
ONE 8
COS 0
ONE 3
COS 0
ONE 1
COS 0
ONE 8
COS 0
ONE 5
COS 0
ONE 6
COS 0
ONE 5
COS 0
ONE 7
COS 0
ONE 9
COS 0
ONE 4
COS 0
ONE 1
COS 0
ONE 3
COS 0
ONE 1
COS 0
ONE 10
COS 0
ONE 10
COS 0
ONE 7
COS 0
ONE 7
COS 0
ONE 5
COS 0
ONE 2
COS 0
ONE 8
COS 0
ONE 2
COS 0
ONE 3
COS 0
ONE 2
COS 0
ONE 2
COS 0
ONE 3
COS 0
ONE 9
COS 0
ONE 10
COS 0
ONE 8
COS 0
ONE 1
COS 0
ONE 10
COS 0
ONE 3
COS 0
ONE 3
COS 0
ONE 8
COS 0
ONE 1
COS 0
ONE 8
COS 0
ONE 3
COS 0
ONE 6
COS 0
ONE 8
COS 0
ONE 5
COS 0
ONE 9
COS 0
ONE 7
COS 0
ONE 1
COS 0
ONE 6
COS 0
ONE 6
COS 0
ONE 10
COS 0
ONE 3
COS 0
ONE 9
COS 0
ONE 5
COS 0
ONE 7
COS 0
ONE 4
COS 0
ONE 10
COS 0
ONE 5
COS 0
ONE 2
COS 0
ONE 3
COS 0
ONE 7
COS 0
ONE 7
COS 0
ONE 1
COS 0
ONE 3
COS 0
ONE 3
COS 0
ONE 1
COS 0
ONE 5
COS 0
ONE 10
COS 0
ONE 8
COS 0
ONE 3
COS 0
ONE 8
COS 0
ONE 9
COS 0
ONE 5
COS 0
ONE 6
COS 0
ONE 2
COS 0
ONE 1
COS 0
ONE 4
COS 0
ONE 3
COS 0
ONE 9
COS 0
ONE 1
COS 0
ONE 4
COS 0
ONE 7
COS 0
ONE 8
COS 0
ONE 2
COS 0
ONE 1
COS 0
ONE 3
COS 0
ONE 6
COS 0
ONE 5
COS 0
ONE 5
COS 0
ONE 4
COS 0
ONE 8
COS 0
ONE 8
COS 0
ONE 4
COS 0
ONE 9
COS 0
ONE 8
COS 0
ONE 1
COS 0
ONE 6
COS 0
ONE 8
COS 0
ONE 4
COS 0
ONE 6
COS 0
ONE 3
COS 0
ONE 10
COS 0
ONE 1
COS 0
ONE 3
COS 0
ONE 4
COS 0
ONE 6
COS 0
ONE 5
COS 0
ONE 9
COS 0
ONE 6
COS 0
ONE 6
COS 0
ONE 2
COS 0
ONE 2
COS 0
ONE 10
COS 0
ONE 8
COS 0
ONE 10
COS 0
ONE 1
COS 0
ONE 4
COS 0
ONE 1
COS 0
ONE 1
COS 0
ONE 7
COS 0
ONE 7
COS 0
ONE 7
COS 0
ONE 9
COS 0
ONE 4
COS 0
ONE 7
COS 0
ONE 6
COS 0
ONE 7
COS 0
ONE 4
COS 0
ONE 10
COS 0
ONE 4
COS 0
ONE 2
COS 0
ONE 9
COS 0
ONE 2
COS 0
ONE 9
COS 0
ONE 6
COS 0
ONE 10
COS 0
ONE 10
COS 0
ONE 2
COS 0
ONE 10
COS 0
ONE 10
COS 0
ONE 8
COS 0
ONE 1
COS 0
ONE 2
COS 0
ONE 2
COS 0
ONE 7
COS 0
ONE 5
COS 0
ONE 10
COS 0
ONE 3
COS 0
ONE 6
COS 0
ONE 6
COS 0
ONE 3
COS 0
ONE 3
COS 0
ONE 4
COS 0
ONE 6
COS 0
ONE 10
COS 0
ONE 1
COS 0
ONE 3
COS 0
ONE 4
COS 0
ONE 3
COS 0
ONE 5
COS 0
ONE 7
COS 0
ONE 2
COS 0
ONE 2
COS 0
ONE 5
COS 0
ONE 7
COS 0
ONE 7
COS 0
ONE 2
COS 0
ONE 10
COS 0
ONE 3
COS 0
ONE 2
COS 0
ONE 10
COS 0
ONE 7
COS 0
ONE 7
COS 0
ONE 8
COS 0
ONE 10
COS 0
ONE 5
COS 0
ONE 1
COS 0
ONE 10
COS 0
ONE 8
COS 0
ONE 2
COS 0
ONE 6
COS 0
ONE 2
COS 0
ONE 5
COS 0
ONE 3
COS 0
ONE 10
COS 0
ONE 5
COS 0
ONE 6
COS 0
ONE 4
COS 0
ONE 3
COS 0
ONE 3
COS 0
ONE 8
COS 0
ONE 6
COS 0
ONE 5
COS 0
ONE 10
COS 0
ONE 1
COS 0
ONE 10
COS 0
ONE 5
COS 0
ONE 2
COS 0
ONE 6
COS 0
ONE 7
COS 0
ONE 9
COS 0
ONE 8
COS 0
ONE 6
COS 0
ONE 1
COS 0
ONE 10
COS 0
ONE 8
COS 0
ONE 3
COS 0
ONE 5
COS 0
ONE 7
COS 0
ONE 1
COS 0
ONE 9
COS 0
ONE 5
COS 0
ONE 2
COS 0
ONE 9
COS 0
ONE 9
COS 0
ONE 4
COS 0
ONE 4
COS 0
ONE 4
COS 0
ONE 3
COS 0
ONE 4
COS 0
ONE 6
COS 0
ONE 3
COS 0
ONE 10
COS 0
ONE 9
COS 0
ONE 4
COS 0
ONE 7
COS 0
ONE 2
COS 0
ONE 7
COS 0
ONE 7
COS 0
ONE 3
COS 0
ONE 2
COS 0
ONE 1
COS 0
ONE 8
COS 0
ONE 5
COS 0
ONE 9
COS 0
ONE 1
COS 0
ONE 5
COS 0
ONE 9
COS 0
ONE 3
COS 0
ONE 1
COS 0
ONE 8
COS 0
ONE 2
COS 0
ONE 8
COS 0
ONE 7
COS 0
ONE 10
COS 0
ONE 10
COS 0
ONE 8
COS 0
ONE 3
COS 0
ONE 5
COS 0
ONE 10
COS 0
ONE 1
COS 0
ONE 10
COS 0
ONE 6
COS 0
ONE 2
COS 0
ONE 7
COS 0
ONE 9
COS 0
ONE 10
COS 0
ONE 9
COS 0
ONE 9
COS 0
ONE 2
COS 0
ONE 4
COS 0
ONE 3
COS 0
ONE 7
COS 0
ONE 1
COS 0
ONE 9
COS 0
ONE 9
COS 0
ONE 3
COS 0
ONE 2
COS 0
ONE 8
COS 0
ONE 5
COS 0
ONE 6
COS 0
ONE 3
COS 0
ONE 4
COS 0
ONE 10
COS 0
ONE 5
COS 0
ONE 8
COS 0
ONE 9
COS 0
ONE 6
COS 0
ONE 10
COS 0
ONE 2
COS 0
ONE 9
COS 0
ONE 10
COS 0
ONE 3
COS 0
ONE 1
COS 0
ONE 2
COS 0
ONE 1
COS 0
ONE 10
COS 0
ONE 8
COS 0
ONE 3
COS 0
ONE 8
COS 0
ONE 8
COS 0
ONE 5
COS 0
ONE 10
COS 0
ONE 3
COS 0
ONE 5
COS 0
ONE 2
COS 0
ONE 1
COS 0
ONE 2
COS 0
ONE 9
COS 0
ONE 4
COS 0
ONE 4
COS 0
ONE 5
COS 0
ONE 7
COS 0
ONE 9
COS 0
ONE 9
COS 0
ONE 4
COS 0
ONE 7
COS 0
ONE 3
COS 0
ONE 9
COS 0
ONE 9
COS 0
ONE 10
COS 0
ONE 5
COS 0
ONE 3
COS 0
ONE 5
COS 0
ONE 5
COS 0
ONE 2
COS 0
ONE 6
COS 0
ONE 4
COS 0
ONE 5
COS 0
ONE 5
COS 0
ONE 1
COS 0
ONE 1
COS 0
ONE 8
COS 0
ONE 9
COS 0
ONE 6
COS 0
ONE 8
COS 0
ONE 1
COS 0
ONE 1
COS 0
ONE 10
COS 0
ONE 5
COS 0
ONE 5
COS 0
ONE 7
COS 0
ONE 5
COS 0
ONE 1
COS 0
ONE 5
COS 0
ONE 6
COS 0
ONE 7
COS 0
ONE 1
COS 0
ONE 1
COS 0
ONE 7
COS 0
ONE 5
COS 0
ONE 3
COS 0
ONE 4
COS 0
ONE 10
COS 0
ONE 4
COS 0
ONE 9
COS 0
ONE 3
COS 0
ONE 5
COS 0
ONE 8
COS 0
ONE 5
COS 0
ONE 5
COS 0
ONE 5
COS 0
ONE 3
COS 0
ONE 3
COS 0
ONE 2
COS 0
ONE 4
COS 0
ONE 5
COS 0
ONE 7
COS 0
ONE 7
COS 0
ONE 10
COS 0
ONE 10
COS 0
ONE 4
COS 0
ONE 2
COS 0
ONE 6
COS 0
ONE 4
COS 0
ONE 3
COS 0
ONE 10
COS 0
ONE 10
COS 0
ONE 8
COS 0
ONE 8
COS 0
ONE 5
COS 0
ONE 2
COS 0
ONE 10
COS 0
ONE 7
COS 0
ONE 8
COS 0
ONE 9
COS 0
ONE 3
COS 0
ONE 5
COS 0
ONE 2
COS 0
ONE 8
COS 0
ONE 4
COS 0
ONE 9
COS 0
ONE 8
COS 0
ONE 4
COS 0
ONE 7
COS 0
ONE 1
COS 0
ONE 9
COS 0
ONE 10
COS 0
ONE 9
COS 0
ONE 2
COS 0
ONE 5
COS 0
ONE 4
COS 0
ONE 1
COS 0
ONE 5
COS 0
ONE 4
COS 0
ONE 4
COS 0
ONE 6
COS 0
ONE 2
COS 0
ONE 7
COS 0
ONE 1
COS 0
ONE 5
COS 0
ONE 5
COS 0
ONE 1
COS 0
ONE 2
COS 0
ONE 8
COS 0
ONE 9
COS 0
ONE 2
COS 0
ONE 3
COS 0
ONE 4
COS 0
ONE 5
COS 0
ONE 2
COS 0
ONE 4
COS 0
ONE 3
COS 0
ONE 2
COS 0
ONE 5
COS 0
ONE 5
COS 0
ONE 10
COS 0
ONE 2
COS 0
ONE 1
COS 0
ONE 5
COS 0
ONE 9
COS 0
ONE 2
COS 0
ONE 5
COS 0
ONE 6
COS 0
ONE 3
COS 0
ONE 4
COS 0
ONE 10
COS 0
ONE 7
COS 0
ONE 8
COS 0
ONE 3
COS 0
ONE 10
COS 0
ONE 6
COS 0
ONE 2
COS 0
ONE 6
COS 0
ONE 1
COS 0
ONE 3
COS 0
ONE 5
COS 0
ONE 8
COS 0
ONE 9
COS 0
ONE 7
COS 0
ONE 2
COS 0
ONE 7
COS 0
ONE 6
COS 0
ONE 9
COS 0
ONE 4
COS 0
ONE 3
COS 0
ONE 2
COS 0
ONE 8
COS 0
ONE 5
COS 0
ONE 8
COS 0
ONE 2
COS 0
ONE 7
COS 0
ONE 7
COS 0
ONE 7
COS 0
ONE 5
COS 0
ONE 2
COS 0
ONE 4
COS 0
ONE 6
COS 0
ONE 3
COS 0
ONE 5
COS 0
ONE 8
COS 0
ONE 6
COS 0
ONE 7
COS 0
ONE 10
COS 0
ONE 2
COS 0
ONE 5
COS 0
ONE 2
COS 0
ONE 9
COS 0
ONE 3
COS 0
ONE 8
COS 0
ONE 7
COS 0
ONE 9
COS 0
ONE 10
COS 0
ONE 4
COS 0
ONE 5
COS 0
ONE 1
COS 0
ONE 8
COS 0
ONE 9
COS 0
ONE 10
COS 0
ONE 7
COS 0
ONE 10
COS 0
ONE 4
COS 0
ONE 8
COS 0
ONE 10
COS 0
ONE 3
COS 0
ONE 5
COS 0
ONE 7
COS 0
ONE 4
COS 0
ONE 7
COS 0
ONE 10
COS 0
ONE 5
COS 0
ONE 1
COS 0
ONE 4
COS 0
ONE 5
COS 0
ONE 10
COS 0
ONE 10
COS 0
ONE 6
COS 0
ONE 1
COS 0
ONE 5
COS 0
ONE 6
COS 0
ONE 1
COS 0
ONE 8
COS 0
ONE 10
COS 0
ONE 8
COS 0
ONE 2
COS 0
ONE 7
COS 0
ONE 3
COS 0
ONE 3
COS 0
ONE 9
COS 0
ONE 2
COS 0
ONE 7
COS 0
ONE 2
COS 0
ONE 7
COS 0
ONE 8
COS 0
ONE 4
COS 0
ONE 4
COS 0
ONE 1
COS 0
ONE 3
COS 0
ONE 10
COS 0
ONE 2
COS 0
ONE 10
COS 0
ONE 1
COS 0
ONE 3
COS 0
ONE 4
COS 0
ONE 5
COS 0
ONE 4
COS 0
ONE 4
COS 0
ONE 10
COS 0
ONE 7
COS 0
ONE 9
COS 0
ONE 4
COS 0
ONE 3
COS 0
ONE 7
COS 0
ONE 5
COS 0
ONE 9
COS 0
ONE 7
COS 0
ONE 4
COS 0
ONE 9
COS 0
ONE 5
COS 0
ONE 3
COS 0
ONE 8
COS 0
ONE 5
COS 0
ONE 9
COS 0
ONE 10
COS 0
ONE 10
COS 0
ONE 1
COS 0
ONE 9
COS 0
ONE 9
COS 0
ONE 6
COS 0
ONE 8
COS 0
ONE 3
COS 0
ONE 10
COS 0
ONE 9
COS 0
ONE 10
COS 0
ONE 7
COS 0
ONE 4
COS 0
ONE 9
COS 0
ONE 4
COS 0
ONE 2
COS 0
ONE 5
COS 0
ONE 5
COS 0
ONE 5
COS 0
ONE 5
COS 0
ONE 3
COS 0
ONE 4
COS 0
ONE 9
COS 0
ONE 4
COS 0
ONE 6
COS 0
ONE 10
COS 0
ONE 6
COS 0
ONE 8
COS 0
ONE 2
COS 0
ONE 7
COS 0
ONE 1
COS 0
ONE 1
COS 0
ONE 7
COS 0
ONE 6
COS 0
ONE 6
COS 0
ONE 8
COS 0
ONE 8
COS 0
ONE 3
COS 0
ONE 4
COS 0
ONE 5
COS 0
ONE 4
COS 0
ONE 5
COS 0
ONE 7
COS 0
ONE 8
COS 0
ONE 7
COS 0
ONE 5
COS 0
ONE 9
COS 0
ONE 6
COS 0
ONE 2
COS 0
ONE 3
COS 0
ONE 8
COS 0
ONE 4
COS 0
ONE 2
COS 0
ONE 8
COS 0
ONE 3
COS 0
ONE 9
COS 0
ONE 5
COS 0
ONE 3
COS 0
ONE 10
COS 0
ONE 8
COS 0
ONE 4
COS 0
ONE 5
COS 0
ONE 10
COS 0
ONE 5
COS 0
ONE 6
COS 0
ONE 8
COS 0
ONE 5
COS 0
ONE 2
COS 0
ONE 5
COS 0
ONE 2
COS 0
ONE 2
COS 0
ONE 3
COS 0
ONE 7
COS 0
ONE 9
COS 0
ONE 10
COS 0
ONE 5
COS 0
ONE 7
COS 0
ONE 3
COS 0
ONE 10
COS 0
ONE 9
COS 0
ONE 7
COS 0
ONE 1
COS 0
ONE 6
COS 0
ONE 2
COS 0
ONE 10
COS 0
ONE 8
COS 0
ONE 6
COS 0
ONE 5
COS 0
ONE 7
COS 0
ONE 1
COS 0
ONE 7
COS 0
ONE 2
COS 0
ONE 2
COS 0
ONE 9
COS 0
ONE 10
COS 0
ONE 4
COS 0
ONE 4
COS 0
ONE 4
COS 0
ONE 7
COS 0
ONE 10
COS 0
ONE 4
COS 0
ONE 1
COS 0
ONE 4
COS 0
ONE 1
COS 0
ONE 8
COS 0
ONE 6
COS 0
ONE 8
COS 0
ONE 3
COS 0
ONE 8
COS 0
ONE 4
COS 0
ONE 1
COS 0
ONE 7
COS 0
ONE 2
COS 0
ONE 6
COS 0
ONE 7
COS 0
ONE 5
COS 0
ONE 7
COS 0
ONE 7
COS 0
ONE 2
COS 0
ONE 7
COS 0
ONE 9
COS 0
ONE 7
COS 0
ONE 6
COS 0
ONE 9
COS 0
ONE 5
COS 0
ONE 8
COS 0
ONE 7
COS 0
ONE 4
COS 0
ONE 8
COS 0
ONE 3
COS 0
ONE 5
COS 0
ONE 3
COS 0
ONE 10
COS 0
ONE 8
COS 0
ONE 4
COS 0
ONE 9
COS 0
ONE 3
COS 0
ONE 8
COS 0
ONE 10
COS 0
ONE 9
COS 0
ONE 6
COS 0
ONE 10
COS 0
ONE 7
COS 0
ONE 4
COS 0
ONE 10
COS 0
ONE 1
COS 0
ONE 10
COS 0
ONE 3
COS 0
ONE 4
COS 0
ONE 3
COS 0
ONE 8
COS 0
ONE 7
COS 0
ONE 5
COS 0
ONE 8
COS 0
ONE 10
COS 0
ONE 3
COS 0
ONE 2
COS 0
ONE 7
COS 0
ONE 6
COS 0
ONE 3
COS 0
ONE 9
COS 0
ONE 3
COS 0
ONE 5
COS 0
ONE 7
COS 0
ONE 10
COS 0
ONE 3
COS 0
ONE 6
COS 0
ONE 7
COS 0
ONE 3
COS 0
ONE 6
COS 0
ONE 9
COS 0
ONE 4
COS 0
ONE 6
COS 0
ONE 9
COS 0
ONE 9
COS 0
ONE 10
COS 0
ONE 8
COS 0
ONE 10
COS 0
ONE 10
COS 0
ONE 7
COS 0
ONE 7
COS 0
ONE 3
COS 0
ONE 4
COS 0
ONE 3
COS 0
ONE 9
COS 0
ONE 2
COS 0
ONE 6
COS 0
ONE 4
COS 0
ONE 4
COS 0
ONE 5
COS 0
ONE 8
COS 0
ONE 8
COS 0
ONE 5
COS 0
ONE 8
COS 0
ONE 1
COS 0
ONE 5
COS 0
ONE 9
COS 0
ONE 6
COS 0
ONE 6
COS 0
ONE 3
COS 0
ONE 7
COS 0
ONE 9
COS 0
ONE 10
COS 0
ONE 4
COS 0
ONE 3
COS 0
ONE 9
COS 0
ONE 8
COS 0
ONE 4
COS 0
ONE 6
COS 0
ONE 3
COS 0
ONE 1
COS 0
ONE 10
COS 0
ONE 3
COS 0
ONE 10
COS 0
ONE 6
COS 0
ONE 10
COS 0
ONE 10
COS 0
ONE 3
COS 0
ONE 1
COS 0
ONE 1
COS 0
ONE 2
COS 0
ONE 6
COS 0
ONE 10
COS 0
ONE 7
COS 0
ONE 2
COS 0
ONE 8
COS 0
ONE 4
COS 0
ONE 8
COS 0
ONE 7
COS 0
ONE 9
COS 0
ONE 1
COS 0
ONE 5
COS 0
ONE 5
COS 0
ONE 2
COS 0
ONE 3
COS 0
ONE 2
COS 0
ONE 2
COS 0
ONE 8
COS 0
ONE 4
COS 0
ONE 4
COS 0
ONE 7
COS 0
ONE 9
COS 0
ONE 10
COS 0
ONE 2
COS 0
ONE 4
COS 0
ONE 1
COS 0
ONE 1
COS 0
ONE 5
COS 0
ONE 8
COS 0
ONE 10
COS 0
ONE 4
COS 0
ONE 9
COS 0
ONE 9
COS 0
ONE 9
COS 0
ONE 9
COS 0
ONE 1
COS 0
ONE 3
COS 0
ONE 8
COS 0
ONE 3
COS 0
ONE 6
COS 0
ONE 6
COS 0
ONE 9
COS 0
ONE 5
COS 0
ONE 9
COS 0
ONE 8
COS 0
ONE 10
COS 0
ONE 4
COS 0
ONE 3
COS 0
ONE 8
COS 0
ONE 8
COS 0
ONE 5
COS 0
ONE 10
COS 0
ONE 10
COS 0
ONE 5
COS 0
ONE 8
COS 0
ONE 5
COS 0
ONE 6
COS 0
ONE 10
COS 0
ONE 10
COS 0
ONE 9
COS 0
ONE 3
COS 0
ONE 6
COS 0
ONE 6
COS 0
ONE 10
COS 0
ONE 9
COS 0
ONE 2
COS 0
ONE 10
COS 0
ONE 6
COS 0
ONE 8
COS 0
ONE 10
COS 0
ONE 10
COS 0
ONE 9
COS 0
ONE 1
COS 0
ONE 8
COS 0
ONE 4
COS 0
ONE 1
COS 0
ONE 5
COS 0
ONE 6
COS 0
ONE 4
COS 0
ONE 3
COS 0
ONE 7
COS 0
ONE 2
COS 0
ONE 8
COS 0
ONE 10
COS 0
ONE 2
COS 0
ONE 1
COS 0
ONE 4
COS 0
ONE 8
COS 0
ONE 2
COS 0
ONE 3
COS 0
ONE 5
COS 0
ONE 5
COS 0
ONE 5
COS 0
ONE 3
COS 0
ONE 6
COS 0
ONE 7
COS 0
ONE 4
COS 0
ONE 1
COS 0
ONE 10
COS 0
ONE 1
COS 0
ONE 10
COS 0
ONE 6
COS 0
ONE 9
COS 0
ONE 10
COS 0
ONE 8
COS 0
ONE 2
COS 0
ONE 4
COS 0
ONE 4
COS 0
ONE 4
COS 0
ONE 7
COS 0
ONE 3
COS 0
ONE 10
COS 0
ONE 8
COS 0
ONE 3
COS 0
ONE 9
COS 0
ONE 4
COS 0
ONE 9
COS 0
ONE 3
COS 0
ONE 7
COS 0
ONE 3
COS 0
ONE 10
COS 0
ONE 10
COS 0
ONE 6
COS 0
ONE 9
COS 0
ONE 5
COS 0
ONE 4
COS 0
ONE 2
COS 0
ONE 4
COS 0
ONE 9
COS 0
ONE 9
COS 0
ONE 1
COS 0
ONE 3
COS 0
ONE 8
COS 0
ONE 9
COS 0
ONE 3
COS 0
ONE 3
COS 0
ONE 9
COS 0
ONE 3
COS 0
ONE 2
COS 0
ONE 1
COS 0
ONE 6
COS 0
ONE 3
COS 0
ONE 2
COS 0
ONE 8
COS 0
ONE 5
COS 0
ONE 6
COS 0
ONE 1
COS 0
ONE 4
COS 0
ONE 6
COS 0
ONE 7
COS 0
ONE 6
COS 0
ONE 6
COS 0
ONE 7
COS 0
ONE 8
COS 0
ONE 5
COS 0
ONE 9
COS 0
ONE 5
COS 0
ONE 3
COS 0
ONE 2
COS 0
ONE 7
COS 0
ONE 3
COS 0
ONE 1
COS 0
ONE 6
COS 0
ONE 7
COS 0
ONE 4
COS 0
ONE 3
COS 0
ONE 4
COS 0
ONE 9
COS 0
ONE 10
COS 0
ONE 7
COS 0
ONE 8
COS 0
ONE 10
COS 0
ONE 9
COS 0
ONE 4
COS 0
ONE 3
COS 0
ONE 1
COS 0
ONE 9
COS 0
ONE 7
COS 0
ONE 7
COS 0
ONE 4
COS 0
ONE 10
COS 0
ONE 10
COS 0
ONE 10
COS 0
ONE 7
COS 0
ONE 1
COS 0
ONE 1
COS 0
ONE 9
COS 0
ONE 9
COS 0
ONE 1
COS 0
ONE 3
COS 0
ONE 1
COS 0
ONE 4
COS 0
ONE 2
COS 0
ONE 6
COS 0
ONE 3
COS 0
ONE 1
COS 0
ONE 2
COS 0
ONE 2
COS 0
ONE 4
COS 0
ONE 3
COS 0
ONE 3
COS 0
ONE 8
COS 0
ONE 7
COS 0
ONE 3
COS 0
ONE 4
COS 0
ONE 3
COS 0
ONE 5
COS 0
ONE 4
COS 0
ONE 8
COS 0
ONE 1
COS 0
ONE 5
COS 0
ONE 1
COS 0
ONE 4
COS 0
ONE 5
COS 0
ONE 3
COS 0
ONE 9
COS 0
ONE 3
COS 0
ONE 5
COS 0
ONE 8
COS 0
ONE 1
COS 0
ONE 10
COS 0
ONE 9
COS 0
ONE 9
COS 0
ONE 8
COS 0
ONE 2
COS 0
ONE 2
COS 0
ONE 9
COS 0
ONE 5
COS 0
ONE 10
COS 0
ONE 8
COS 0
ONE 3
COS 0
ONE 9
COS 0
ONE 8
COS 0
ONE 5
COS 0
ONE 5
COS 0
ONE 1
COS 0
ONE 9
COS 0
ONE 6
COS 0
ONE 2
COS 0
ONE 2
COS 0
ONE 3
COS 0
ONE 2
COS 0
ONE 3
COS 0
ONE 7
COS 0
ONE 10
COS 0
ONE 2
COS 0
ONE 3
COS 0
ONE 10
COS 0
ONE 8
COS 0
ONE 1
COS 0
ONE 2
COS 0
ONE 1
COS 0
ONE 6
COS 0
ONE 2
COS 0
ONE 7
COS 0
ONE 3
COS 0
ONE 9
COS 0
ONE 9
COS 0
ONE 9
COS 0
ONE 4
COS 0
ONE 9
COS 0
ONE 1
COS 0
ONE 4
COS 0
ONE 3
COS 0
ONE 7
COS 0
ONE 4
COS 0
ONE 6
COS 0
ONE 2
COS 0
ONE 10
COS 0
ONE 8
COS 0
ONE 4
COS 0
ONE 2
COS 0
ONE 2
COS 0
ONE 2
COS 0
ONE 9
COS 0
ONE 7
COS 0
ONE 3
COS 0
ONE 7
COS 0
ONE 6
COS 0
ONE 2
COS 0
ONE 1
COS 0
ONE 10
COS 0
ONE 6
COS 0
ONE 4
COS 0
ONE 5
COS 0
ONE 1
COS 0
ONE 9
COS 0
ONE 6
COS 0
ONE 8
COS 0
ONE 1
COS 0
ONE 4
COS 0
ONE 7
COS 0
ONE 7
COS 0
ONE 7
COS 0
ONE 2
COS 0
ONE 9
COS 0
ONE 8
COS 0
ONE 7
COS 0
ONE 9
COS 0
ONE 8
COS 0
ONE 6
COS 0
ONE 8
COS 0
ONE 10
COS 0
ONE 9
COS 0
ONE 4
COS 0
ONE 9
COS 0
ONE 6
COS 0
ONE 6
COS 0
ONE 5
COS 0
ONE 1
COS 0
ONE 6
COS 0
ONE 2
COS 0
ONE 5
COS 0
ONE 3
COS 0
ONE 8
COS 0
ONE 8
COS 0
ONE 9
COS 0
ONE 8
COS 0
ONE 5
COS 0
ONE 10
COS 0
ONE 4
COS 0
ONE 2
COS 0
ONE 3
COS 0
ONE 8
COS 0
ONE 9
COS 0
ONE 10
COS 0
ONE 10
COS 0
ONE 3
COS 0
ONE 9
COS 0
ONE 5
COS 0
ONE 8
COS 0
ONE 1
COS 0
ONE 3
COS 0
ONE 5
COS 0
ONE 1
COS 0
ONE 8
COS 0
ONE 4
COS 0
ONE 3
COS 0
ONE 10
COS 0
ONE 5
COS 0
ONE 2
COS 0
ONE 3
COS 0
ONE 10
COS 0
ONE 10
COS 0
ONE 1
COS 0
ONE 5
COS 0
ONE 6
COS 0
ONE 9
COS 0
ONE 4
COS 0
ONE 8
COS 0
ONE 6
COS 0
ONE 4
COS 0
ONE 10
COS 0
ONE 4
COS 0
ONE 7
COS 0
ONE 6
COS 0
ONE 5
COS 0
ONE 1
COS 0
ONE 2
COS 0
ONE 2
COS 0
ONE 10
COS 0
ONE 1
COS 0
ONE 8
COS 0
ONE 8
COS 0
ONE 7
COS 0
ONE 8
COS 0
ONE 1
COS 0
ONE 3
COS 0
ONE 8
COS 0
ONE 1
COS 0
ONE 2
COS 0
ONE 8
COS 0
ONE 7
COS 0
ONE 6
COS 0
ONE 5
COS 0
ONE 3
COS 0
ONE 3
COS 0
ONE 3
COS 0
ONE 9
COS 0
ONE 7
COS 0
ONE 9
COS 0
ONE 6
COS 0
ONE 10
COS 0
ONE 5
COS 0
ONE 6
COS 0
ONE 2
COS 0
ONE 6
COS 0
ONE 9
COS 0
ONE 7
COS 0
ONE 3
COS 0
ONE 10
COS 0
ONE 10
COS 0
ONE 8
COS 0
ONE 10
COS 0
ONE 9
COS 0
ONE 2
COS 0
ONE 10
COS 0
ONE 7
COS 0
ONE 10
COS 0
ONE 8
COS 0
ONE 10
COS 0
ONE 8
COS 0
ONE 10
COS 0
ONE 6
COS 0
ONE 8
COS 0
ONE 8
COS 0
ONE 6
COS 0
ONE 3
COS 0
ONE 2
COS 0
ONE 2
COS 0
ONE 10
COS 0
ONE 1
COS 0
ONE 8
COS 0
ONE 5
COS 0
ONE 7
COS 0
ONE 3
COS 0
ONE 9
COS 0
ONE 8
COS 0
ONE 1
COS 0
ONE 4
COS 0
ONE 1
COS 0
ONE 2
COS 0
ONE 8
COS 0
ONE 4
COS 0
ONE 9
COS 0
ONE 4
COS 0
ONE 3
COS 0
ONE 8
COS 0
ONE 6
COS 0
ONE 9
COS 0
ONE 3
COS 0
ONE 8
COS 0
ONE 8
COS 0
ONE 4
COS 0
ONE 10
COS 0
ONE 7
COS 0
ONE 4
COS 0
ONE 4
COS 0
ONE 7
COS 0
ONE 9
COS 0
ONE 8
COS 0
ONE 8
COS 0
ONE 9
COS 0
ONE 2
COS 0
ONE 2
COS 0
ONE 10
COS 0
ONE 5
COS 0
ONE 6
COS 0
ONE 4
COS 0
ONE 8
COS 0
ONE 4
COS 0
ONE 2
COS 0
ONE 4
COS 0
ONE 1
COS 0
ONE 5
COS 0
ONE 2
COS 0
ONE 6
COS 0
ONE 6
COS 0
ONE 9
COS 0
ONE 9
COS 0
ONE 10
COS 0
ONE 1
COS 0
ONE 2
COS 0
ONE 2
COS 0
ONE 5
COS 0
ONE 9
COS 0
ONE 1
COS 0
ONE 6
COS 0
ONE 4
COS 0
ONE 2
COS 0
ONE 3
COS 0
ONE 1
COS 0
ONE 10
COS 0
ONE 10
COS 0
ONE 6
COS 0
ONE 2
COS 0
ONE 7
COS 0
ONE 2
COS 0
ONE 6
COS 0
ONE 6
COS 0
ONE 7
COS 0
ONE 2
COS 0
ONE 4
COS 0
ONE 8
COS 0
ONE 9
COS 0
ONE 3
COS 0
ONE 10
COS 0
ONE 4
COS 0
ONE 9
COS 0
ONE 10
COS 0
ONE 9
COS 0
ONE 2
COS 0
ONE 4
COS 0
ONE 8
COS 0
ONE 9
COS 0
ONE 9
COS 0
ONE 4
COS 0
ONE 1
COS 0
ONE 10
COS 0
ONE 1
COS 0
ONE 7
COS 0
ONE 8
COS 0
ONE 6
COS 0
ONE 3
COS 0
ONE 8
COS 0
ONE 8
COS 0
ONE 3
COS 0
ONE 4
COS 0
ONE 8
COS 0
ONE 1
COS 0
ONE 10
COS 0
TWO 1
COS 0
ONE 1
ONE 10
ONE 16
ONE 25
ONE 35
ONE 43
ONE 46
ONE 51
ONE 55
ONE 65
ONE 75
ONE 82
ONE 88
ONE 95
ONE 100
ONE 104
ONE 112
ONE 121
ONE 131
ONE 139
ONE 149
ONE 150
ONE 160
ONE 166
ONE 175
ONE 180
ONE 190
ONE 193
ONE 196
ONE 203
ONE 208
ONE 217
ONE 223
ONE 229
ONE 233
ONE 236
ONE 243
ONE 249
ONE 254
ONE 263
ONE 266
ONE 270
ONE 271
ONE 273
ONE 280
ONE 289
ONE 296
ONE 299
ONE 304
ONE 313
ONE 318
ONE 321
ONE 328
ONE 335
ONE 340
ONE 350
ONE 357
ONE 367
ONE 369
ONE 374
ONE 383
ONE 391
ONE 392
ONE 398
ONE 399
ONE 400
ONE 407
ONE 413
ONE 422
ONE 427
ONE 433
ONE 442
ONE 447
ONE 456
ONE 457
ONE 466
ONE 474
ONE 476
ONE 486
ONE 489
ONE 497
ONE 507
ONE 515
ONE 518
ONE 524
ONE 527
ONE 529
ONE 532
ONE 539
ONE 543
ONE 553
ONE 560
ONE 563
ONE 568
ONE 569
ONE 578
ONE 582
ONE 587
ONE 595
ONE 604
ONE 608
ONE 618
ONE 627
ONE 629
ONE 638
ONE 646
ONE 649
ONE 652
ONE 660
ONE 666
ONE 667
ONE 670
ONE 676
ONE 682
ONE 690
ONE 696
ONE 703
ONE 708
ONE 717
ONE 722
ONE 731
ONE 733
ONE 737
ONE 742
ONE 752
ONE 756
ONE 765
ONE 771
ONE 777
ONE 787
ONE 796
ONE 806
ONE 815
ONE 819
ONE 822
ONE 824
ONE 834
ONE 836
ONE 844
ONE 848
ONE 854
ONE 862
ONE 864
ONE 868
ONE 873
ONE 874
ONE 883
ONE 890
ONE 895
ONE 904
ONE 913
ONE 918
ONE 919
ONE 929
ONE 931
ONE 937
ONE 944
ONE 945
ONE 954
ONE 959
ONE 968
ONE 978
ONE 985
ONE 995
ONE 996
ONE 1006
ONE 1009
ONE 1012
ONE 1018
ONE 1028
ONE 1029
ONE 1037
ONE 1042
ONE 1046
ONE 1051
ONE 1057
ONE 1061
ONE 1071
ONE 1080
ONE 1089
ONE 1098
ONE 1106
ONE 1114
ONE 1118
ONE 1120
ONE 1121
ONE 1125
ONE 1134
ONE 1137
ONE 1146
ONE 1155
ONE 1164
ONE 1173
ONE 1179
ONE 1186
ONE 1194
ONE 1201
ONE 1202
ONE 1209
ONE 1213
ONE 1219
ONE 1229
ONE 1236
ONE 1246
ONE 1247
ONE 1253
ONE 1256
ONE 1257
ONE 1266
ONE 1271
ONE 1276
ONE 1277
ONE 1282
ONE 1289
ONE 1292
ONE 1302
ONE 1309
ONE 1314
ONE 1321
ONE 1323
ONE 1332
ONE 1337
ONE 1345
ONE 1355
ONE 1363
ONE 1370
ONE 1380
ONE 1386
ONE 1389
ONE 1398
ONE 1400
ONE 1409
ONE 1414
ONE 1419
ONE 1423
ONE 1433
ONE 1443
ONE 1449
ONE 1455
ONE 1465
ONE 1475
ONE 1476
ONE 1481
ONE 1490
ONE 1496
ONE 1497
ONE 1501
ONE 1508
ONE 1514
ONE 1516
ONE 1518
ONE 1526
ONE 1530
ONE 1535
ONE 1545
ONE 1549
ONE 1559
ONE 1566
ONE 1575
ONE 1576
ONE 1577
ONE 1587
ONE 1589
ONE 1594
ONE 1597
ONE 1602
ONE 1611
ONE 1612
ONE 1616
ONE 1621
ONE 1630
ONE 1635
ONE 1645
ONE 1651
ONE 1655
ONE 1665
ONE 1672
ONE 1681
ONE 1691
ONE 1693
ONE 1703
ONE 1708
ONE 1713
ONE 1717
ONE 1727
ONE 1737
ONE 1745
ONE 1752
ONE 1756
ONE 1757
ONE 1766
ONE 1776
ONE 1784
ONE 1785
ONE 1795
ONE 1799
ONE 1802
ONE 1811
ONE 1818
ONE 1822
ONE 1825
ONE 1831
ONE 1840
ONE 1842
ONE 1844
ONE 1853
ONE 1859
ONE 1862
ONE 1868
ONE 1871
ONE 1877
ONE 1881
ONE 1884
ONE 1886
ONE 1896
ONE 1897
ONE 1902
ONE 1907
ONE 1910
ONE 1919
ONE 1920
ONE 1930
ONE 1940
ONE 1949
ONE 1953
ONE 1954
ONE 1963
ONE 1972
ONE 1978
ONE 1979
ONE 1986
ONE 1987
ONE 1992
ONE 1996
ONE 1997
ONE 2001
ONE 2005
ONE 2010
ONE 2016
ONE 2025
ONE 2027
ONE 2033
ONE 2040
ONE 2044
ONE 2048
ONE 2053
ONE 2057
ONE 2060
ONE 2061
ONE 2067
ONE 2069
ONE 2079
ONE 2083
ONE 2090
ONE 2097
ONE 2106
ONE 2110
ONE 2111
ONE 2117
ONE 2119
ONE 2126
ONE 2136
ONE 2141
ONE 2143
ONE 2148
ONE 2149
ONE 2158
ONE 2162
ONE 2171
ONE 2178
ONE 2188
ONE 2189
ONE 2190
ONE 2199
ONE 2206
ONE 2211
ONE 2220
ONE 2226
ONE 2230
ONE 2240
ONE 2243
ONE 2248
ONE 2249
ONE 2252
ONE 2257
ONE 2267
ONE 2276
ONE 2282
ONE 2285
ONE 2287
ONE 2295
ONE 2299
ONE 2304
ONE 2313
ONE 2317
ONE 2319
ONE 2322
ONE 2324
ONE 2331
ONE 2339
ONE 2348
ONE 2357
ONE 2366
ONE 2374
ONE 2384
ONE 2392
ONE 2400
ONE 2409
ONE 2416
ONE 2423
ONE 2426
ONE 2429
ONE 2435
ONE 2445
ONE 2449
ONE 2454
ONE 2463
ONE 2471
ONE 2475
ONE 2484
ONE 2492
ONE 2494
ONE 2499
ONE 2505
ONE 2513
ONE 2517
ONE 2520
ONE 2526
ONE 2532
ONE 2533
ONE 2537
ONE 2540
ONE 2543
ONE 2545
ONE 2554
ONE 2558
ONE 2561
ONE 2566
ONE 2571
ONE 2577
ONE 2584
ONE 2586
ONE 2587
ONE 2593
ONE 2597
ONE 2602
ONE 2611
ONE 2615
ONE 2624
ONE 2628
ONE 2638
ONE 2641
ONE 2646
ONE 2656
ONE 2661
ONE 2662
ONE 2667
ONE 2669
ONE 2671
ONE 2678
ONE 2680
ONE 2688
ONE 2695
ONE 2701
ONE 2709
ONE 2718
ONE 2728
ONE 2738
ONE 2742
ONE 2749
ONE 2755
ONE 2757
ONE 2760
ONE 2763
ONE 2767
ONE 2774
ONE 2775
ONE 2778
ONE 2784
ONE 2787
ONE 2793
ONE 2797
ONE 2799
ONE 2807
ONE 2808
ONE 2815
ONE 2825
ONE 2829
ONE 2831
ONE 2837
ONE 2839
ONE 2841
ONE 2846
ONE 2851
ONE 2860
ONE 2864
ONE 2867
ONE 2869
ONE 2879
ONE 2885
ONE 2895
ONE 2899
ONE 2906
ONE 2910
ONE 2920
ONE 2928
ONE 2937
ONE 2940
ONE 2946
ONE 2950
ONE 2957
ONE 2959
ONE 2964
ONE 2965
ONE 2973
ONE 2975
ONE 2985
ONE 2987
ONE 2995
ONE 3005
ONE 3011
ONE 3021
ONE 3029
ONE 3037
ONE 3039
ONE 3046
ONE 3048
ONE 3053
ONE 3054
ONE 3060
ONE 3069
ONE 3070
ONE 3075
ONE 3079
ONE 3089
ONE 3095
ONE 3097
ONE 3107
ONE 3114
ONE 3118
ONE 3127
ONE 3128
ONE 3135
ONE 3141
ONE 3148
ONE 3154
ONE 3158
ONE 3167
ONE 3176
ONE 3181
ONE 3184
ONE 3186
ONE 3189
ONE 3193
ONE 3195
ONE 3202
ONE 3207
ONE 3217
ONE 3226
ONE 3234
ONE 3236
ONE 3246
ONE 3256
ONE 3259
ONE 3265
ONE 3266
ONE 3271
ONE 3272
ONE 3274
ONE 3277
ONE 3286
ONE 3288
ONE 3296
ONE 3305
ONE 3315
ONE 3316
ONE 3320
ONE 3328
ONE 3337
ONE 3345
ONE 3346
ONE 3347
ONE 3353
ONE 3358
ONE 3360
ONE 3366
ONE 3372
ONE 3377
ONE 3378
ONE 3381
ONE 3390
ONE 3396
ONE 3399
ONE 3402
ONE 3411
ONE 3412
ONE 3418
ONE 3423
ONE 3431
ONE 3438
ONE 3441
ONE 3450
ONE 3458
ONE 3468
ONE 3475
ONE 3482
ONE 3485
ONE 3493
ONE 3499
ONE 3505
ONE 3512
ONE 3521
ONE 3527
ONE 3528
ONE 3537
ONE 3541
ONE 3548
ONE 3549
ONE 3551
ONE 3559
ONE 3566
ONE 3576
ONE 3581
ONE 3591
ONE 3600
ONE 3605
ONE 3615
ONE 3624
ONE 3628
ONE 3629
ONE 3633
ONE 3641
ONE 3646
ONE 3652
ONE 3660
ONE 3666
ONE 3673
ONE 3681
ONE 3683
ONE 3693
ONE 3700
ONE 3705
ONE 3710
ONE 3717
ONE 3720
ONE 3721
ONE 3722
ONE 3725
ONE 3731
ONE 3733
ONE 3736
ONE 3739
ONE 3744
ONE 3745
ONE 3752
ONE 3754
ONE 3756
ONE 3766
ONE 3774
ONE 3783
ONE 3792
ONE 3798
ONE 3804
ONE 3814
ONE 3822
ONE 3829
ONE 3835
ONE 3844
ONE 3850
ONE 3859
ONE 3863
ONE 3872
ONE 3873
ONE 3880
ONE 3883
ONE 3887
ONE 3891
ONE 3894
ONE 3902
ONE 3909
ONE 3918
ONE 3922
ONE 3927
ONE 3929
ONE 3932
ONE 3934
ONE 3939
ONE 3949
ONE 3955
ONE 3960
ONE 3969
ONE 3973
ONE 3974
ONE 3981
ONE 3985
ONE 3989
ONE 3991
ONE 3996
ONE 3999
ONE 4005
ONE 4008
ONE 4014
ONE 4023
ONE 4033
ONE 4036
ONE 4044
ONE 4047
ONE 4051
ONE 4054
ONE 4059
ONE 4068
ONE 4071
ONE 4077
ONE 4081
ONE 4089
ONE 4094
ONE 4104
ONE 4109
ONE 4113
ONE 4119
ONE 4120
ONE 4125
ONE 4130
ONE 4132
ONE 4133
ONE 4136
ONE 4146
ONE 4147
ONE 4149
ONE 4151
ONE 4154
ONE 4161
ONE 4168
ONE 4177
ONE 4186
ONE 4189
ONE 4195
ONE 4202
ONE 4203
ONE 4210
ONE 4216
ONE 4217
ONE 4220
ONE 4229
ONE 4231
ONE 4236
ONE 4239
ONE 4244
ONE 4248
ONE 4255
ONE 4265
ONE 4269
ONE 4272
ONE 4274
ONE 4284
ONE 4287
ONE 4290
ONE 4298
ONE 4305
ONE 4308
ONE 4314
ONE 4317
ONE 4321
ONE 4328
ONE 4335
ONE 4340
ONE 4350
ONE 4354
ONE 4358
ONE 4367
ONE 4377
ONE 4379
ONE 4384
ONE 4385
ONE 4394
ONE 4395
ONE 4398
ONE 4399
ONE 4405
ONE 4408
ONE 4418
ONE 4428
ONE 4434
ONE 4436
ONE 4444
ONE 4448
ONE 4451
ONE 4452
ONE 4461
ONE 4468
ONE 4474
ONE 4481
ONE 4483
ONE 4491
ONE 4498
ONE 4508
ONE 4511
ONE 4514
ONE 4523
ONE 4531
ONE 4538
ONE 4546
ONE 4551
ONE 4556
ONE 4564
ONE 4567
ONE 4570
ONE 4574
ONE 4576
ONE 4582
ONE 4589
ONE 4597
ONE 4606
ONE 4610
ONE 4614
ONE 4622
ONE 4631
ONE 4632
ONE 4637
ONE 4642
ONE 4648
ONE 4655
ONE 4662
ONE 4672
ONE 4678
ONE 4682
ONE 4688
ONE 4692
ONE 4696
ONE 4702
ONE 4711
ONE 4714
ONE 4718
ONE 4722
ONE 4731
ONE 4733
ONE 4743
ONE 4751
ONE 4753
ONE 4754
ONE 4764
ONE 4768
ONE 4771
ONE 4778
ONE 4781
ONE 4789
ONE 4796
ONE 4798
ONE 4799
ONE 4805
ONE 4812
ONE 4821
ONE 4830
ONE 4835
ONE 4839
ONE 4841
ONE 4844
ONE 4849
ONE 4856
ONE 4857
ONE 4862
ONE 4869
ONE 4877
ONE 4885
ONE 4887
ONE 4895
ONE 4899
ONE 4907
ONE 4916
ONE 4922
ONE 4923
ONE 4932
ONE 4936
ONE 4944
ONE 4947
ONE 4949
ONE 4953
ONE 4955
ONE 4965
ONE 4974
ONE 4978
ONE 4988
ONE 4998
ONE 4999
ONE 5006
ONE 5014
ONE 5023
ONE 5028
ONE 5033
ONE 5038
ONE 5045
ONE 5052
ONE 5056
ONE 5066
ONE 5075
ONE 5080
ONE 5089
ONE 5092
ONE 5100
ONE 5107
ONE 5112
ONE 5118
ONE 5125
ONE 5134
ONE 5141
ONE 5148
ONE 5151
ONE 5154
ONE 5158
ONE 5159
ONE 5165
ONE 5166
ONE 5169
ONE 5175
ONE 5177
ONE 5187
ONE 5194
ONE 5203
ONE 5212
ONE 5215
ONE 5216
ONE 5221
ONE 5225
ONE 5232
ONE 5236
ONE 5239
ONE 5243
ONE 5249
ONE 5251
ONE 5253
ONE 5255
ONE 5256
ONE 5262
ONE 5271
ONE 5274
ONE 5283
ONE 5291
ONE 5292
ONE 5293
ONE 5298
ONE 5299
ONE 5307
ONE 5313
ONE 5322
ONE 5323
ONE 5331
ONE 5332
ONE 5342
ONE 5352
ONE 5361
ONE 5363
ONE 5372
ONE 5376
ONE 5377
ONE 5381
ONE 5390
ONE 5398
ONE 5407
ONE 5409
ONE 5418
ONE 5425
ONE 5427
ONE 5429
ONE 5437
ONE 5438
ONE 5439
ONE 5447
ONE 5453
ONE 5456
ONE 5466
ONE 5468
ONE 5474
ONE 5475
ONE 5479
ONE 5481
ONE 5485
ONE 5494
ONE 5496
ONE 5500
ONE 5510
ONE 5516
ONE 5526
ONE 5527
ONE 5529
ONE 5536
ONE 5537
ONE 5543
ONE 5546
ONE 5550
ONE 5555
ONE 5560
ONE 5561
ONE 5570
ONE 5580
ONE 5581
ONE 5590
ONE 5597
ONE 5598
ONE 5608
ONE 5618
COS 5617
COS 5608
COS 5602
COS 5593
COS 5583
COS 5575
COS 5572
COS 5567
COS 5563
COS 5553
COS 5543
COS 5536
COS 5530
COS 5523
COS 5518
COS 5514
COS 5506
COS 5497
COS 5487
COS 5479
COS 5469
COS 5468
COS 5458
COS 5452
COS 5443
COS 5438
COS 5428
COS 5425
COS 5422
COS 5415
COS 5410
COS 5401
COS 5395
COS 5389
COS 5385
COS 5382
COS 5375
COS 5369
COS 5364
COS 5355
COS 5352
COS 5348
COS 5347
COS 5345
COS 5338
COS 5329
COS 5322
COS 5319
COS 5314
COS 5305
COS 5300
COS 5297
COS 5290
COS 5283
COS 5278
COS 5268
COS 5261
COS 5251
COS 5249
COS 5244
COS 5235
COS 5227
COS 5226
COS 5220
COS 5219
COS 5218
COS 5211
COS 5205
COS 5196
COS 5191
COS 5185
COS 5176
COS 5171
COS 5162
COS 5161
COS 5152
COS 5144
COS 5142
COS 5132
COS 5129
COS 5121
COS 5111
COS 5103
COS 5100
COS 5094
COS 5091
COS 5089
COS 5086
COS 5079
COS 5075
COS 5065
COS 5058
COS 5055
COS 5050
COS 5049
COS 5040
COS 5036
COS 5031
COS 5023
COS 5014
COS 5010
COS 5000
COS 4991
COS 4989
COS 4980
COS 4972
COS 4969
COS 4966
COS 4958
COS 4952
COS 4951
COS 4948
COS 4942
COS 4936
COS 4928
COS 4922
COS 4915
COS 4910
COS 4901
COS 4896
COS 4887
COS 4885
COS 4881
COS 4876
COS 4866
COS 4862
COS 4853
COS 4847
COS 4841
COS 4831
COS 4822
COS 4812
COS 4803
COS 4799
COS 4796
COS 4794
COS 4784
COS 4782
COS 4774
COS 4770
COS 4764
COS 4756
COS 4754
COS 4750
COS 4745
COS 4744
COS 4735
COS 4728
COS 4723
COS 4714
COS 4705
COS 4700
COS 4699
COS 4689
COS 4687
COS 4681
COS 4674
COS 4673
COS 4664
COS 4659
COS 4650
COS 4640
COS 4633
COS 4623
COS 4622
COS 4612
COS 4609
COS 4606
COS 4600
COS 4590
COS 4589
COS 4581
COS 4576
COS 4572
COS 4567
COS 4561
COS 4557
COS 4547
COS 4538
COS 4529
COS 4520
COS 4512
COS 4504
COS 4500
COS 4498
COS 4497
COS 4493
COS 4484
COS 4481
COS 4472
COS 4463
COS 4454
COS 4445
COS 4439
COS 4432
COS 4424
COS 4417
COS 4416
COS 4409
COS 4405
COS 4399
COS 4389
COS 4382
COS 4372
COS 4371
COS 4365
COS 4362
COS 4361
COS 4352
COS 4347
COS 4342
COS 4341
COS 4336
COS 4329
COS 4326
COS 4316
COS 4309
COS 4304
COS 4297
COS 4295
COS 4286
COS 4281
COS 4273
COS 4263
COS 4255
COS 4248
COS 4238
COS 4232
COS 4229
COS 4220
COS 4218
COS 4209
COS 4204
COS 4199
COS 4195
COS 4185
COS 4175
COS 4169
COS 4163
COS 4153
COS 4143
COS 4142
COS 4137
COS 4128
COS 4122
COS 4121
COS 4117
COS 4110
COS 4104
COS 4102
COS 4100
COS 4092
COS 4088
COS 4083
COS 4073
COS 4069
COS 4059
COS 4052
COS 4043
COS 4042
COS 4041
COS 4031
COS 4029
COS 4024
COS 4021
COS 4016
COS 4007
COS 4006
COS 4002
COS 3997
COS 3988
COS 3983
COS 3973
COS 3967
COS 3963
COS 3953
COS 3946
COS 3937
COS 3927
COS 3925
COS 3915
COS 3910
COS 3905
COS 3901
COS 3891
COS 3881
COS 3873
COS 3866
COS 3862
COS 3861
COS 3852
COS 3842
COS 3834
COS 3833
COS 3823
COS 3819
COS 3816
COS 3807
COS 3800
COS 3796
COS 3793
COS 3787
COS 3778
COS 3776
COS 3774
COS 3765
COS 3759
COS 3756
COS 3750
COS 3747
COS 3741
COS 3737
COS 3734
COS 3732
COS 3722
COS 3721
COS 3716
COS 3711
COS 3708
COS 3699
COS 3698
COS 3688
COS 3678
COS 3669
COS 3665
COS 3664
COS 3655
COS 3646
COS 3640
COS 3639
COS 3632
COS 3631
COS 3626
COS 3622
COS 3621
COS 3617
COS 3613
COS 3608
COS 3602
COS 3593
COS 3591
COS 3585
COS 3578
COS 3574
COS 3570
COS 3565
COS 3561
COS 3558
COS 3557
COS 3551
COS 3549
COS 3539
COS 3535
COS 3528
COS 3521
COS 3512
COS 3508
COS 3507
COS 3501
COS 3499
COS 3492
COS 3482
COS 3477
COS 3475
COS 3470
COS 3469
COS 3460
COS 3456
COS 3447
COS 3440
COS 3430
COS 3429
COS 3428
COS 3419
COS 3412
COS 3407
COS 3398
COS 3392
COS 3388
COS 3378
COS 3375
COS 3370
COS 3369
COS 3366
COS 3361
COS 3351
COS 3342
COS 3336
COS 3333
COS 3331
COS 3323
COS 3319
COS 3314
COS 3305
COS 3301
COS 3299
COS 3296
COS 3294
COS 3287
COS 3279
COS 3270
COS 3261
COS 3252
COS 3244
COS 3234
COS 3226
COS 3218
COS 3209
COS 3202
COS 3195
COS 3192
COS 3189
COS 3183
COS 3173
COS 3169
COS 3164
COS 3155
COS 3147
COS 3143
COS 3134
COS 3126
COS 3124
COS 3119
COS 3113
COS 3105
COS 3101
COS 3098
COS 3092
COS 3086
COS 3085
COS 3081
COS 3078
COS 3075
COS 3073
COS 3064
COS 3060
COS 3057
COS 3052
COS 3047
COS 3041
COS 3034
COS 3032
COS 3031
COS 3025
COS 3021
COS 3016
COS 3007
COS 3003
COS 2994
COS 2990
COS 2980
COS 2977
COS 2972
COS 2962
COS 2957
COS 2956
COS 2951
COS 2949
COS 2947
COS 2940
COS 2938
COS 2930
COS 2923
COS 2917
COS 2909
COS 2900
COS 2890
COS 2880
COS 2876
COS 2869
COS 2863
COS 2861
COS 2858
COS 2855
COS 2851
COS 2844
COS 2843
COS 2840
COS 2834
COS 2831
COS 2825
COS 2821
COS 2819
COS 2811
COS 2810
COS 2803
COS 2793
COS 2789
COS 2787
COS 2781
COS 2779
COS 2777
COS 2772
COS 2767
COS 2758
COS 2754
COS 2751
COS 2749
COS 2739
COS 2733
COS 2723
COS 2719
COS 2712
COS 2708
COS 2698
COS 2690
COS 2681
COS 2678
COS 2672
COS 2668
COS 2661
COS 2659
COS 2654
COS 2653
COS 2645
COS 2643
COS 2633
COS 2631
COS 2623
COS 2613
COS 2607
COS 2597
COS 2589
COS 2581
COS 2579
COS 2572
COS 2570
COS 2565
COS 2564
COS 2558
COS 2549
COS 2548
COS 2543
COS 2539
COS 2529
COS 2523
COS 2521
COS 2511
COS 2504
COS 2500
COS 2491
COS 2490
COS 2483
COS 2477
COS 2470
COS 2464
COS 2460
COS 2451
COS 2442
COS 2437
COS 2434
COS 2432
COS 2429
COS 2425
COS 2423
COS 2416
COS 2411
COS 2401
COS 2392
COS 2384
COS 2382
COS 2372
COS 2362
COS 2359
COS 2353
COS 2352
COS 2347
COS 2346
COS 2344
COS 2341
COS 2332
COS 2330
COS 2322
COS 2313
COS 2303
COS 2302
COS 2298
COS 2290
COS 2281
COS 2273
COS 2272
COS 2271
COS 2265
COS 2260
COS 2258
COS 2252
COS 2246
COS 2241
COS 2240
COS 2237
COS 2228
COS 2222
COS 2219
COS 2216
COS 2207
COS 2206
COS 2200
COS 2195
COS 2187
COS 2180
COS 2177
COS 2168
COS 2160
COS 2150
COS 2143
COS 2136
COS 2133
COS 2125
COS 2119
COS 2113
COS 2106
COS 2097
COS 2091
COS 2090
COS 2081
COS 2077
COS 2070
COS 2069
COS 2067
COS 2059
COS 2052
COS 2042
COS 2037
COS 2027
COS 2018
COS 2013
COS 2003
COS 1994
COS 1990
COS 1989
COS 1985
COS 1977
COS 1972
COS 1966
COS 1958
COS 1952
COS 1945
COS 1937
COS 1935
COS 1925
COS 1918
COS 1913
COS 1908
COS 1901
COS 1898
COS 1897
COS 1896
COS 1893
COS 1887
COS 1885
COS 1882
COS 1879
COS 1874
COS 1873
COS 1866
COS 1864
COS 1862
COS 1852
COS 1844
COS 1835
COS 1826
COS 1820
COS 1814
COS 1804
COS 1796
COS 1789
COS 1783
COS 1774
COS 1768
COS 1759
COS 1755
COS 1746
COS 1745
COS 1738
COS 1735
COS 1731
COS 1727
COS 1724
COS 1716
COS 1709
COS 1700
COS 1696
COS 1691
COS 1689
COS 1686
COS 1684
COS 1679
COS 1669
COS 1663
COS 1658
COS 1649
COS 1645
COS 1644
COS 1637
COS 1633
COS 1629
COS 1627
COS 1622
COS 1619
COS 1613
COS 1610
COS 1604
COS 1595
COS 1585
COS 1582
COS 1574
COS 1571
COS 1567
COS 1564
COS 1559
COS 1550
COS 1547
COS 1541
COS 1537
COS 1529
COS 1524
COS 1514
COS 1509
COS 1505
COS 1499
COS 1498
COS 1493
COS 1488
COS 1486
COS 1485
COS 1482
COS 1472
COS 1471
COS 1469
COS 1467
COS 1464
COS 1457
COS 1450
COS 1441
COS 1432
COS 1429
COS 1423
COS 1416
COS 1415
COS 1408
COS 1402
COS 1401
COS 1398
COS 1389
COS 1387
COS 1382
COS 1379
COS 1374
COS 1370
COS 1363
COS 1353
COS 1349
COS 1346
COS 1344
COS 1334
COS 1331
COS 1328
COS 1320
COS 1313
COS 1310
COS 1304
COS 1301
COS 1297
COS 1290
COS 1283
COS 1278
COS 1268
COS 1264
COS 1260
COS 1251
COS 1241
COS 1239
COS 1234
COS 1233
COS 1224
COS 1223
COS 1220
COS 1219
COS 1213
COS 1210
COS 1200
COS 1190
COS 1184
COS 1182
COS 1174
COS 1170
COS 1167
COS 1166
COS 1157
COS 1150
COS 1144
COS 1137
COS 1135
COS 1127
COS 1120
COS 1110
COS 1107
COS 1104
COS 1095
COS 1087
COS 1080
COS 1072
COS 1067
COS 1062
COS 1054
COS 1051
COS 1048
COS 1044
COS 1042
COS 1036
COS 1029
COS 1021
COS 1012
COS 1008
COS 1004
COS 996
COS 987
COS 986
COS 981
COS 976
COS 970
COS 963
COS 956
COS 946
COS 940
COS 936
COS 930
COS 926
COS 922
COS 916
COS 907
COS 904
COS 900
COS 896
COS 887
COS 885
COS 875
COS 867
COS 865
COS 864
COS 854
COS 850
COS 847
COS 840
COS 837
COS 829
COS 822
COS 820
COS 819
COS 813
COS 806
COS 797
COS 788
COS 783
COS 779
COS 777
COS 774
COS 769
COS 762
COS 761
COS 756
COS 749
COS 741
COS 733
COS 731
COS 723
COS 719
COS 711
COS 702
COS 696
COS 695
COS 686
COS 682
COS 674
COS 671
COS 669
COS 665
COS 663
COS 653
COS 644
COS 640
COS 630
COS 620
COS 619
COS 612
COS 604
COS 595
COS 590
COS 585
COS 580
COS 573
COS 566
COS 562
COS 552
COS 543
COS 538
COS 529
COS 526
COS 518
COS 511
COS 506
COS 500
COS 493
COS 484
COS 477
COS 470
COS 467
COS 464
COS 460
COS 459
COS 453
COS 452
COS 449
COS 443
COS 441
COS 431
COS 424
COS 415
COS 406
COS 403
COS 402
COS 397
COS 393
COS 386
COS 382
COS 379
COS 375
COS 369
COS 367
COS 365
COS 363
COS 362
COS 356
COS 347
COS 344
COS 335
COS 327
COS 326
COS 325
COS 320
COS 319
COS 311
COS 305
COS 296
COS 295
COS 287
COS 286
COS 276
COS 266
COS 257
COS 255
COS 246
COS 242
COS 241
COS 237
COS 228
COS 220
COS 211
COS 209
COS 200
COS 193
COS 191
COS 189
COS 181
COS 180
COS 179
COS 171
COS 165
COS 162
COS 152
COS 150
COS 144
COS 143
COS 139
COS 137
COS 133
COS 124
COS 122
COS 118
COS 108
COS 102
COS 92
COS 91
COS 89
COS 82
COS 81
COS 75
COS 72
COS 68
COS 63
COS 58
COS 57
COS 48
COS 38
COS 37
COS 28
COS 21
COS 20
COS 10
COS 0
TWO 1
COS 0
TWO 3
COS 0
TWO 3
TWO 4
Test Failure on expectation:
	Expectation: 3 bytes in flight

Failure message:
	The TCPSender reported 4 bytes in flight, but there was expected to be 3 bytes in flight

List of steps that executed successfully:
	Initialized with (retx-timeout=1000) and called fill_window()
	Expectation: segment sent with (A=0,R=0,S=1,F=0,seqno=710521201,payload_size=0,...)
	Action:      ack 710521202 winsize 3
	Expectation: in state `stream ongoing`
	Action:      write bytes: "01234567"
	Expectation: 3 bytes in flight
	Expectation: segment sent with ("012",...)
	Expectation: no (more) segments
	Expectation: next seqno 710521205
	Action:      ack 710521205 winsize 3

The test "Window filling" failed

      Start 13: t_send_retx
13/33 Test #13: t_send_retx ......................***Failed    0.00 sec
TWO 1
Test Failure on expectation:
	Expectation: no (more) segments

Failure message:
	The TCPSender sent a segment, but should not have. Segment info:
	Header(flags=S,seqno=3898784651,ack=0,win=0) with 0 bytes

List of steps that executed successfully:
	Initialized with (retx-timeout=9184) and called fill_window()
	Expectation: segment sent with (A=0,R=0,S=1,F=0,seqno=3898784651,payload_size=0,...)
	Expectation: no (more) segments
	Expectation: in state `stream started but nothing acknowledged`
	Action:      9183 ms pass
	Expectation: no (more) segments
	Action:      1 ms pass
	Expectation: segment sent with (A=0,R=0,S=1,F=0,seqno=3898784651,payload_size=0,...)
	Expectation: in state `stream started but nothing acknowledged`
	Expectation: 1 bytes in flight
	Action:      18367 ms pass

The test "Retx SYN twice at the right times, then ack" failed

      Start 14: t_send_window
14/33 Test #14: t_send_window ....................***Failed    0.02 sec
TWO 1
COS 0
TWO 4
TWO 1
COS 0
TWO 6
TWO 1
COS 0
TWO 37
TWO 1
COS 0
TWO 29
TWO 1
COS 0
TWO 43
TWO 1
COS 0
TWO 53
TWO 1
COS 0
TWO 51
TWO 1
COS 0
TWO 45
TWO 1
COS 0
TWO 33
TWO 1
COS 0
TWO 8
TWO 1
COS 0
TWO 88
TWO 1
COS 0
TWO 10
TWO 1
COS 0
TWO 78
TWO 1
COS 0
TWO 63
TWO 1
COS 0
TWO 34
TWO 1
COS 0
TWO 36
TWO 1
COS 0
TWO 59
TWO 1
COS 0
TWO 31
TWO 1
COS 0
TWO 55
TWO 1
COS 0
TWO 47
TWO 1
COS 0
TWO 48
TWO 1
COS 0
TWO 51
TWO 1
COS 0
TWO 47
TWO 1
COS 0
TWO 95
TWO 1
COS 0
TWO 11
TWO 1
COS 0
TWO 92
TWO 1
COS 0
TWO 95
TWO 1
COS 0
TWO 17
TWO 1
COS 0
TWO 71
TWO 1
COS 0
TWO 94
TWO 1
COS 0
TWO 91
TWO 1
COS 0
TWO 74
TWO 1
COS 0
TWO 71
TWO 1
COS 0
TWO 95
TWO 1
COS 0
TWO 37
TWO 1
COS 0
TWO 12
TWO 1
COS 0
TWO 89
TWO 1
COS 0
TWO 76
TWO 1
COS 0
TWO 90
TWO 1
COS 0
TWO 80
TWO 1
COS 0
TWO 27
TWO 1
COS 0
TWO 80
TWO 1
COS 0
TWO 30
TWO 1
COS 0
TWO 7
TWO 1
COS 0
TWO 89
TWO 1
COS 0
TWO 32
TWO 1
COS 0
TWO 88
TWO 1
COS 0
TWO 55
TWO 1
COS 0
TWO 27
TWO 1
COS 0
TWO 79
TWO 1
COS 0
TWO 21
TWO 1
COS 0
TWO 86
TWO 1
COS 0
TWO 72
TWO 1
COS 0
TWO 67
TWO 1
COS 0
TWO 45
TWO 1
COS 0
TWO 61
TWO 1
COS 0
TWO 10
TWO 1
COS 0
TWO 54
TWO 1
COS 0
TWO 97
TWO 1
COS 0
TWO 89
TWO 1
COS 0
TWO 82
TWO 1
COS 0
TWO 98
TWO 1
COS 0
TWO 99
TWO 1
COS 0
TWO 92
TWO 1
COS 0
TWO 12
TWO 1
COS 0
TWO 22
TWO 1
COS 0
TWO 43
TWO 1
COS 0
TWO 76
TWO 1
COS 0
TWO 40
TWO 1
COS 0
TWO 18
TWO 1
COS 0
TWO 74
TWO 1
COS 0
TWO 56
TWO 1
COS 0
TWO 57
TWO 1
COS 0
TWO 39
TWO 1
COS 0
TWO 5
TWO 1
COS 0
TWO 19
TWO 1
COS 0
TWO 53
TWO 1
COS 0
TWO 74
TWO 1
COS 0
TWO 67
TWO 1
COS 0
TWO 62
TWO 1
COS 0
TWO 50
TWO 1
COS 0
TWO 50
TWO 1
COS 0
TWO 49
TWO 1
COS 0
TWO 38
TWO 1
COS 0
TWO 77
TWO 1
COS 0
TWO 26
TWO 1
COS 0
TWO 16
TWO 1
COS 0
TWO 95
TWO 1
COS 0
TWO 7
TWO 1
COS 0
TWO 23
TWO 1
COS 0
TWO 50
TWO 1
COS 0
TWO 20
TWO 1
COS 0
TWO 34
TWO 1
COS 0
TWO 37
TWO 1
COS 0
TWO 45
TWO 1
COS 0
TWO 62
TWO 1
COS 0
TWO 46
TWO 1
COS 0
TWO 92
TWO 1
COS 0
TWO 18
TWO 1
COS 0
TWO 47
TWO 1
COS 0
TWO 83
TWO 1
COS 0
TWO 42
TWO 1
COS 0
TWO 84
TWO 1
COS 0
TWO 8
TWO 1
COS 0
TWO 60
TWO 1
COS 0
TWO 9
TWO 1
COS 0
TWO 91
TWO 1
COS 0
TWO 24
TWO 1
COS 0
TWO 48
TWO 1
COS 0
TWO 23
TWO 1
COS 0
TWO 49
TWO 1
COS 0
TWO 82
TWO 1
COS 0
TWO 56
TWO 1
COS 0
TWO 99
TWO 1
COS 0
TWO 10
TWO 1
COS 0
TWO 10
TWO 1
COS 0
TWO 59
TWO 1
COS 0
TWO 55
TWO 1
COS 0
TWO 44
TWO 1
COS 0
TWO 31
TWO 1
COS 0
TWO 99
TWO 1
COS 0
TWO 14
TWO 1
COS 0
TWO 75
TWO 1
COS 0
TWO 7
TWO 1
COS 0
TWO 8
TWO 1
COS 0
TWO 43
TWO 1
COS 0
TWO 53
TWO 1
COS 0
TWO 83
TWO 1
COS 0
TWO 43
TWO 1
COS 0
TWO 64
TWO 1
COS 0
TWO 45
TWO 1
COS 0
TWO 50
TWO 1
COS 0
TWO 16
TWO 1
COS 0
TWO 37
TWO 1
COS 0
TWO 22
TWO 1
COS 0
TWO 72
TWO 1
COS 0
TWO 88
TWO 1
COS 0
TWO 25
TWO 1
COS 0
TWO 43
TWO 1
COS 0
TWO 36
TWO 1
COS 0
TWO 7
TWO 1
COS 0
TWO 45
TWO 1
COS 0
TWO 51
TWO 1
COS 0
TWO 73
TWO 1
COS 0
TWO 76
TWO 1
COS 0
TWO 43
TWO 1
COS 0
TWO 41
TWO 1
COS 0
TWO 96
TWO 1
COS 0
TWO 20
TWO 1
COS 0
TWO 16
TWO 1
COS 0
TWO 81
TWO 1
COS 0
TWO 55
TWO 1
COS 0
TWO 85
TWO 1
COS 0
TWO 62
TWO 1
COS 0
TWO 33
TWO 1
COS 0
TWO 57
TWO 1
COS 0
TWO 78
TWO 1
COS 0
TWO 38
TWO 1
COS 0
TWO 90
TWO 1
COS 0
TWO 76
TWO 1
COS 0
TWO 80
TWO 1
COS 0
TWO 19
TWO 1
COS 0
TWO 39
TWO 1
COS 0
TWO 36
TWO 1
COS 0
TWO 79
TWO 1
COS 0
TWO 67
TWO 1
COS 0
TWO 45
TWO 1
COS 0
TWO 62
TWO 1
COS 0
TWO 37
TWO 1
COS 0
TWO 51
TWO 1
COS 0
TWO 77
TWO 1
COS 0
TWO 81
TWO 1
COS 0
TWO 17
TWO 1
COS 0
TWO 21
TWO 1
COS 0
TWO 32
TWO 1
COS 0
TWO 7
TWO 1
COS 0
TWO 70
TWO 1
COS 0
TWO 35
TWO 1
COS 0
TWO 18
TWO 1
COS 0
TWO 11
TWO 1
COS 0
TWO 91
TWO 1
COS 0
TWO 12
TWO 1
COS 0
TWO 54
TWO 1
COS 0
TWO 40
TWO 1
COS 0
TWO 71
TWO 1
COS 0
TWO 26
TWO 1
COS 0
TWO 23
TWO 1
COS 0
TWO 72
TWO 1
COS 0
TWO 68
TWO 1
COS 0
TWO 96
TWO 1
COS 0
TWO 16
TWO 1
COS 0
TWO 16
TWO 1
COS 0
TWO 44
TWO 1
COS 0
TWO 39
TWO 1
COS 0
TWO 32
TWO 1
COS 0
TWO 75
TWO 1
COS 0
TWO 26
TWO 1
COS 0
TWO 84
TWO 1
COS 0
TWO 43
TWO 1
COS 0
TWO 19
TWO 1
COS 0
TWO 68
TWO 1
COS 0
TWO 68
TWO 1
COS 0
TWO 74
TWO 1
COS 0
TWO 55
TWO 1
COS 0
TWO 15
TWO 1
COS 0
TWO 80
TWO 1
COS 0
TWO 66
TWO 1
COS 0
TWO 79
TWO 1
COS 0
TWO 94
TWO 1
COS 0
TWO 16
TWO 1
COS 0
TWO 10
TWO 1
COS 0
TWO 67
TWO 1
COS 0
TWO 88
TWO 1
COS 0
TWO 32
TWO 1
COS 0
TWO 27
TWO 1
COS 0
TWO 59
TWO 1
COS 0
TWO 47
TWO 1
COS 0
TWO 27
TWO 1
COS 0
TWO 27
TWO 1
COS 0
TWO 97
TWO 1
COS 0
TWO 38
TWO 1
COS 0
TWO 71
TWO 1
COS 0
TWO 93
TWO 1
COS 0
TWO 27
TWO 1
COS 0
TWO 24
TWO 1
COS 0
TWO 20
TWO 1
COS 0
TWO 32
TWO 1
COS 0
TWO 75
TWO 1
COS 0
TWO 77
TWO 1
COS 0
TWO 24
TWO 1
COS 0
TWO 43
TWO 1
COS 0
TWO 79
TWO 1
COS 0
TWO 25
TWO 1
COS 0
TWO 36
TWO 1
COS 0
TWO 46
TWO 1
COS 0
TWO 97
TWO 1
COS 0
TWO 23
TWO 1
COS 0
TWO 95
TWO 1
COS 0
TWO 46
TWO 1
COS 0
TWO 52
TWO 1
COS 0
TWO 14
TWO 1
COS 0
TWO 71
TWO 1
COS 0
TWO 85
TWO 1
COS 0
TWO 84
TWO 1
COS 0
TWO 22
TWO 1
COS 0
TWO 25
TWO 1
COS 0
TWO 46
TWO 1
COS 0
TWO 67
TWO 1
COS 0
TWO 8
TWO 1
COS 0
TWO 96
TWO 1
COS 0
TWO 38
TWO 1
COS 0
TWO 68
TWO 1
COS 0
TWO 84
TWO 1
COS 0
TWO 50
TWO 1
COS 0
TWO 74
TWO 1
COS 0
TWO 42
TWO 1
COS 0
TWO 39
TWO 1
COS 0
TWO 38
TWO 1
COS 0
TWO 77
TWO 1
COS 0
TWO 99
TWO 1
COS 0
TWO 71
TWO 1
COS 0
TWO 79
TWO 1
COS 0
TWO 25
TWO 1
COS 0
TWO 67
TWO 1
COS 0
TWO 95
TWO 1
COS 0
TWO 8
TWO 1
COS 0
TWO 62
TWO 1
COS 0
TWO 94
TWO 1
COS 0
TWO 6
TWO 1
COS 0
TWO 57
TWO 1
COS 0
TWO 73
TWO 1
COS 0
TWO 93
TWO 1
COS 0
TWO 85
TWO 1
COS 0
TWO 65
TWO 1
COS 0
TWO 77
TWO 1
COS 0
TWO 93
TWO 1
COS 0
TWO 9
TWO 1
COS 0
TWO 78
TWO 1
COS 0
TWO 62
TWO 1
COS 0
TWO 22
TWO 1
COS 0
TWO 38
TWO 1
COS 0
TWO 55
TWO 1
COS 0
TWO 13
TWO 1
COS 0
TWO 17
TWO 1
COS 0
TWO 45
TWO 1
COS 0
TWO 18
TWO 1
COS 0
TWO 15
TWO 1
COS 0
TWO 26
TWO 1
COS 0
TWO 16
TWO 1
COS 0
TWO 75
TWO 1
COS 0
TWO 12
TWO 1
COS 0
TWO 96
TWO 1
COS 0
TWO 50
TWO 1
COS 0
TWO 34
TWO 1
COS 0
TWO 20
TWO 1
COS 0
TWO 71
TWO 1
COS 0
TWO 10
TWO 1
COS 0
TWO 90
TWO 1
COS 0
TWO 40
TWO 1
COS 0
TWO 37
TWO 1
COS 0
TWO 95
TWO 1
COS 0
TWO 85
TWO 1
COS 0
TWO 93
TWO 1
COS 0
TWO 51
TWO 1
COS 0
TWO 46
TWO 1
COS 0
TWO 6
TWO 1
COS 0
TWO 66
TWO 1
COS 0
TWO 54
TWO 1
COS 0
TWO 5
TWO 1
COS 0
TWO 95
TWO 1
COS 0
TWO 54
TWO 1
COS 0
TWO 33
TWO 1
COS 0
TWO 31
TWO 1
COS 0
TWO 71
TWO 1
COS 0
TWO 51
TWO 1
COS 0
TWO 47
TWO 1
COS 0
TWO 98
TWO 1
COS 0
TWO 93
TWO 1
COS 0
TWO 37
TWO 1
COS 0
TWO 56
TWO 1
COS 0
TWO 16
TWO 1
COS 0
TWO 56
TWO 1
COS 0
TWO 96
TWO 1
COS 0
TWO 11
TWO 1
COS 0
TWO 71
TWO 1
COS 0
TWO 92
TWO 1
COS 0
TWO 79
TWO 1
COS 0
TWO 93
TWO 1
COS 0
TWO 15
TWO 1
COS 0
TWO 25
TWO 1
COS 0
TWO 35
TWO 1
COS 0
TWO 75
TWO 1
COS 0
TWO 44
TWO 1
COS 0
TWO 19
TWO 1
COS 0
TWO 13
TWO 1
COS 0
TWO 33
TWO 1
COS 0
TWO 9
TWO 1
COS 0
TWO 50
TWO 1
COS 0
TWO 83
TWO 1
COS 0
TWO 10
TWO 1
COS 0
TWO 68
TWO 1
COS 0
TWO 36
TWO 1
COS 0
TWO 95
TWO 1
COS 0
TWO 82
TWO 1
COS 0
TWO 66
TWO 1
COS 0
TWO 24
TWO 1
COS 0
TWO 57
TWO 1
COS 0
TWO 76
TWO 1
COS 0
TWO 21
TWO 1
COS 0
TWO 60
TWO 1
COS 0
TWO 37
TWO 1
COS 0
TWO 59
TWO 1
COS 0
TWO 40
TWO 1
COS 0
TWO 99
TWO 1
COS 0
TWO 31
TWO 1
COS 0
TWO 48
TWO 1
COS 0
TWO 56
TWO 1
COS 0
TWO 37
TWO 1
COS 0
TWO 98
TWO 1
COS 0
TWO 22
TWO 1
COS 0
TWO 45
TWO 1
COS 0
TWO 24
TWO 1
COS 0
TWO 53
TWO 1
COS 0
TWO 48
TWO 1
COS 0
TWO 93
TWO 1
COS 0
TWO 17
TWO 1
COS 0
TWO 98
TWO 1
COS 0
TWO 96
TWO 1
COS 0
TWO 36
TWO 1
COS 0
TWO 71
TWO 1
COS 0
TWO 94
TWO 1
COS 0
TWO 47
TWO 1
COS 0
TWO 46
TWO 1
COS 0
TWO 35
TWO 1
COS 0
TWO 21
TWO 1
COS 0
TWO 80
TWO 1
COS 0
TWO 94
TWO 1
COS 0
TWO 66
TWO 1
COS 0
TWO 64
TWO 1
COS 0
TWO 37
TWO 1
COS 0
TWO 81
TWO 1
COS 0
TWO 71
TWO 1
COS 0
TWO 60
TWO 1
COS 0
TWO 57
TWO 1
COS 0
TWO 62
TWO 1
COS 0
TWO 39
TWO 1
COS 0
TWO 50
TWO 1
COS 0
TWO 22
TWO 1
COS 0
TWO 47
TWO 1
COS 0
TWO 37
TWO 1
COS 0
TWO 73
TWO 1
COS 0
TWO 61
TWO 1
COS 0
TWO 46
TWO 1
COS 0
TWO 22
TWO 1
COS 0
TWO 47
TWO 1
COS 0
TWO 65
TWO 1
COS 0
TWO 31
TWO 1
COS 0
TWO 44
TWO 1
COS 0
TWO 79
TWO 1
COS 0
TWO 7
TWO 1
COS 0
TWO 72
TWO 1
COS 0
TWO 90
TWO 1
COS 0
TWO 92
TWO 1
COS 0
TWO 82
TWO 1
COS 0
TWO 93
TWO 1
COS 0
TWO 42
TWO 1
COS 0
TWO 26
TWO 1
COS 0
TWO 72
TWO 1
COS 0
TWO 79
TWO 1
COS 0
TWO 18
TWO 1
COS 0
TWO 39
TWO 1
COS 0
TWO 37
TWO 1
COS 0
TWO 56
TWO 1
COS 0
TWO 65
TWO 1
COS 0
TWO 34
TWO 1
COS 0
TWO 94
TWO 1
COS 0
TWO 90
TWO 1
COS 0
TWO 60
TWO 1
COS 0
TWO 34
TWO 1
COS 0
TWO 64
TWO 1
COS 0
TWO 24
TWO 1
COS 0
TWO 39
TWO 1
COS 0
TWO 73
TWO 1
COS 0
TWO 52
TWO 1
COS 0
TWO 81
TWO 1
COS 0
TWO 36
TWO 1
COS 0
TWO 81
TWO 1
COS 0
TWO 46
TWO 1
COS 0
TWO 31
TWO 1
COS 0
TWO 10
TWO 1
COS 0
TWO 99
TWO 1
COS 0
TWO 19
TWO 1
COS 0
TWO 25
TWO 1
COS 0
TWO 27
TWO 1
COS 0
TWO 56
TWO 1
COS 0
TWO 8
TWO 1
COS 0
TWO 94
TWO 1
COS 0
TWO 53
TWO 1
COS 0
TWO 97
TWO 1
COS 0
TWO 97
TWO 1
COS 0
TWO 8
TWO 1
COS 0
TWO 98
TWO 1
COS 0
TWO 78
TWO 1
COS 0
TWO 85
TWO 1
COS 0
TWO 98
TWO 1
COS 0
TWO 69
TWO 1
COS 0
TWO 94
TWO 1
COS 0
TWO 19
TWO 1
COS 0
TWO 74
TWO 1
COS 0
TWO 74
TWO 1
COS 0
TWO 72
TWO 1
COS 0
TWO 25
TWO 1
COS 0
TWO 45
TWO 1
COS 0
TWO 71
TWO 1
COS 0
TWO 37
TWO 1
COS 0
TWO 96
TWO 1
COS 0
TWO 10
TWO 1
COS 0
TWO 29
TWO 1
COS 0
TWO 80
TWO 1
COS 0
TWO 37
TWO 1
COS 0
TWO 57
TWO 1
COS 0
TWO 84
TWO 1
COS 0
TWO 61
TWO 1
COS 0
TWO 16
TWO 1
COS 0
TWO 75
TWO 1
COS 0
TWO 38
TWO 1
COS 0
TWO 20
TWO 1
COS 0
TWO 27
TWO 1
COS 0
TWO 56
TWO 1
COS 0
TWO 13
TWO 1
COS 0
TWO 79
TWO 1
COS 0
TWO 76
TWO 1
COS 0
TWO 13
TWO 1
COS 0
TWO 38
TWO 1
COS 0
TWO 9
TWO 1
COS 0
TWO 56
TWO 1
COS 0
TWO 86
TWO 1
COS 0
TWO 95
TWO 1
COS 0
TWO 68
TWO 1
COS 0
TWO 66
TWO 1
COS 0
TWO 82
TWO 1
COS 0
TWO 39
TWO 1
COS 0
TWO 66
TWO 1
COS 0
TWO 74
TWO 1
COS 0
TWO 91
TWO 1
COS 0
TWO 67
TWO 1
COS 0
TWO 7
TWO 1
COS 0
TWO 43
TWO 1
COS 0
TWO 31
TWO 1
COS 0
TWO 17
TWO 1
COS 0
TWO 47
TWO 1
COS 0
TWO 90
TWO 1
COS 0
TWO 55
TWO 1
COS 0
TWO 90
TWO 1
COS 0
TWO 45
TWO 1
COS 0
TWO 15
TWO 1
COS 0
TWO 75
TWO 1
COS 0
TWO 66
TWO 1
COS 0
TWO 22
TWO 1
COS 0
TWO 94
TWO 1
COS 0
TWO 35
TWO 1
COS 0
TWO 62
TWO 1
COS 0
TWO 39
TWO 1
COS 0
TWO 93
TWO 1
COS 0
TWO 23
TWO 1
COS 0
TWO 32
TWO 1
COS 0
TWO 17
TWO 1
COS 0
TWO 37
TWO 1
COS 0
TWO 79
TWO 1
COS 0
TWO 50
TWO 1
COS 0
TWO 17
TWO 1
COS 0
TWO 49
TWO 1
COS 0
TWO 68
TWO 1
COS 0
TWO 39
TWO 1
COS 0
TWO 8
TWO 1
COS 0
TWO 99
TWO 1
COS 0
TWO 66
TWO 1
COS 0
TWO 84
TWO 1
COS 0
TWO 95
TWO 1
COS 0
TWO 60
TWO 1
COS 0
TWO 78
TWO 1
COS 0
TWO 49
TWO 1
COS 0
TWO 30
TWO 1
COS 0
TWO 35
TWO 1
COS 0
TWO 15
TWO 1
COS 0
TWO 5
TWO 1
COS 0
TWO 11
TWO 1
COS 0
TWO 91
TWO 1
COS 0
TWO 24
TWO 1
COS 0
TWO 91
TWO 1
COS 0
TWO 9
TWO 1
COS 0
TWO 8
TWO 1
COS 0
TWO 29
TWO 1
COS 0
TWO 95
TWO 1
COS 0
TWO 34
TWO 1
COS 0
TWO 14
TWO 1
COS 0
TWO 16
TWO 1
COS 0
TWO 65
TWO 1
COS 0
TWO 80
TWO 1
COS 0
TWO 28
TWO 1
COS 0
TWO 71
TWO 1
COS 0
TWO 68
TWO 1
COS 0
TWO 99
TWO 1
COS 0
TWO 89
TWO 1
COS 0
TWO 61
TWO 1
COS 0
TWO 77
TWO 1
COS 0
TWO 82
TWO 1
COS 0
TWO 93
TWO 1
COS 0
TWO 79
TWO 1
COS 0
TWO 17
TWO 1
COS 0
TWO 59
TWO 1
COS 0
TWO 67
TWO 1
COS 0
TWO 56
TWO 1
COS 0
TWO 40
TWO 1
COS 0
TWO 49
TWO 1
COS 0
TWO 29
TWO 1
COS 0
TWO 47
TWO 1
COS 0
TWO 52
TWO 1
COS 0
TWO 71
TWO 1
COS 0
TWO 24
TWO 1
COS 0
TWO 74
TWO 1
COS 0
TWO 36
TWO 1
COS 0
TWO 42
TWO 1
COS 0
TWO 34
TWO 1
COS 0
TWO 25
TWO 1
COS 0
TWO 50
TWO 1
COS 0
TWO 82
TWO 1
COS 0
TWO 95
TWO 1
COS 0
TWO 17
TWO 1
COS 0
TWO 58
TWO 1
COS 0
TWO 76
TWO 1
COS 0
TWO 67
TWO 1
COS 0
TWO 73
TWO 1
COS 0
TWO 13
TWO 1
COS 0
TWO 25
TWO 1
COS 0
TWO 19
TWO 1
COS 0
TWO 9
TWO 1
COS 0
TWO 74
TWO 1
COS 0
TWO 42
TWO 1
COS 0
TWO 19
TWO 1
COS 0
TWO 64
TWO 1
COS 0
TWO 98
TWO 1
COS 0
TWO 7
TWO 1
COS 0
TWO 58
TWO 1
COS 0
TWO 44
TWO 1
COS 0
TWO 73
TWO 1
COS 0
TWO 69
TWO 1
COS 0
TWO 54
TWO 1
COS 0
TWO 32
TWO 1
COS 0
TWO 20
TWO 1
COS 0
TWO 74
TWO 1
COS 0
TWO 33
TWO 1
COS 0
TWO 79
TWO 1
COS 0
TWO 72
TWO 1
COS 0
TWO 44
TWO 1
COS 0
TWO 72
TWO 1
COS 0
TWO 32
TWO 1
COS 0
TWO 22
TWO 1
COS 0
TWO 64
TWO 1
COS 0
TWO 49
TWO 1
COS 0
TWO 65
TWO 1
COS 0
TWO 86
TWO 1
COS 0
TWO 57
TWO 1
COS 0
TWO 66
TWO 1
COS 0
TWO 48
TWO 1
COS 0
TWO 75
TWO 1
COS 0
TWO 55
TWO 1
COS 0
TWO 87
TWO 1
COS 0
TWO 16
TWO 1
COS 0
TWO 14
TWO 1
COS 0
TWO 84
TWO 1
COS 0
TWO 32
TWO 1
COS 0
TWO 40
TWO 1
COS 0
TWO 69
TWO 1
COS 0
TWO 95
TWO 1
COS 0
TWO 56
TWO 1
COS 0
TWO 93
TWO 1
COS 0
TWO 23
TWO 1
COS 0
TWO 71
TWO 1
COS 0
TWO 44
TWO 1
COS 0
TWO 88
TWO 1
COS 0
TWO 97
TWO 1
COS 0
TWO 58
TWO 1
COS 0
TWO 83
TWO 1
COS 0
TWO 77
TWO 1
COS 0
TWO 16
TWO 1
COS 0
TWO 47
TWO 1
COS 0
TWO 53
TWO 1
COS 0
TWO 85
TWO 1
COS 0
TWO 81
TWO 1
COS 0
TWO 52
TWO 1
COS 0
TWO 13
TWO 1
COS 0
TWO 5
TWO 1
COS 0
TWO 24
TWO 1
COS 0
TWO 27
TWO 1
COS 0
TWO 93
TWO 1
COS 0
TWO 27
TWO 1
COS 0
TWO 6
TWO 1
COS 0
TWO 45
TWO 1
COS 0
TWO 84
TWO 1
COS 0
TWO 59
TWO 1
COS 0
TWO 53
TWO 1
COS 0
TWO 33
TWO 1
COS 0
TWO 50
TWO 1
COS 0
TWO 66
TWO 1
COS 0
TWO 68
TWO 1
COS 0
TWO 55
TWO 1
COS 0
TWO 44
TWO 1
COS 0
TWO 23
TWO 1
COS 0
TWO 43
TWO 1
COS 0
TWO 93
TWO 1
COS 0
TWO 24
TWO 1
COS 0
TWO 99
TWO 1
COS 0
TWO 92
TWO 1
COS 0
TWO 71
TWO 1
COS 0
TWO 58
TWO 1
COS 0
TWO 86
TWO 1
COS 0
TWO 72
TWO 1
COS 0
TWO 53
TWO 1
COS 0
TWO 58
TWO 1
COS 0
TWO 31
TWO 1
COS 0
TWO 25
TWO 1
COS 0
TWO 20
TWO 1
COS 0
TWO 60
TWO 1
COS 0
TWO 11
TWO 1
COS 0
TWO 45
TWO 1
COS 0
TWO 35
TWO 1
COS 0
TWO 11
TWO 1
COS 0
TWO 93
TWO 1
COS 0
TWO 44
TWO 1
COS 0
TWO 87
TWO 1
COS 0
TWO 93
TWO 1
COS 0
TWO 23
TWO 1
COS 0
TWO 17
TWO 1
COS 0
TWO 7
TWO 1
COS 0
TWO 31
TWO 1
COS 0
TWO 51
TWO 1
COS 0
TWO 42
TWO 1
COS 0
TWO 86
TWO 1
COS 0
TWO 70
TWO 1
COS 0
TWO 88
TWO 1
COS 0
TWO 12
TWO 1
COS 0
TWO 69
TWO 1
COS 0
TWO 92
TWO 1
COS 0
TWO 94
TWO 1
COS 0
TWO 38
TWO 1
COS 0
TWO 72
TWO 1
COS 0
TWO 75
TWO 1
COS 0
TWO 17
TWO 1
COS 0
TWO 62
TWO 1
COS 0
TWO 70
TWO 1
COS 0
TWO 59
TWO 1
COS 0
TWO 40
TWO 1
COS 0
TWO 23
TWO 1
COS 0
TWO 71
TWO 1
COS 0
TWO 33
TWO 1
COS 0
TWO 52
TWO 1
COS 0
TWO 12
TWO 1
COS 0
TWO 59
TWO 1
COS 0
TWO 13
TWO 1
COS 0
TWO 64
TWO 1
COS 0
TWO 85
TWO 1
COS 0
TWO 16
TWO 1
COS 0
TWO 66
TWO 1
COS 0
TWO 57
TWO 1
COS 0
TWO 7
TWO 1
COS 0
TWO 7
TWO 1
COS 0
TWO 8
TWO 1
COS 0
TWO 72
TWO 1
COS 0
TWO 92
TWO 1
COS 0
TWO 50
TWO 1
COS 0
TWO 85
TWO 1
COS 0
TWO 77
TWO 1
COS 0
TWO 23
TWO 1
COS 0
TWO 71
TWO 1
COS 0
TWO 48
TWO 1
COS 0
TWO 53
TWO 1
COS 0
TWO 44
TWO 1
COS 0
TWO 65
TWO 1
COS 0
TWO 90
TWO 1
COS 0
TWO 18
TWO 1
COS 0
TWO 10
TWO 1
COS 0
TWO 73
TWO 1
COS 0
TWO 88
TWO 1
COS 0
TWO 35
TWO 1
COS 0
TWO 84
TWO 1
COS 0
TWO 96
TWO 1
COS 0
TWO 31
TWO 1
COS 0
TWO 35
TWO 1
COS 0
TWO 15
TWO 1
COS 0
TWO 93
TWO 1
COS 0
TWO 13
TWO 1
COS 0
TWO 34
TWO 1
COS 0
TWO 97
TWO 1
COS 0
TWO 77
TWO 1
COS 0
TWO 12
TWO 1
COS 0
TWO 70
TWO 1
COS 0
TWO 66
TWO 1
COS 0
TWO 69
TWO 1
COS 0
TWO 72
TWO 1
COS 0
TWO 90
TWO 1
COS 0
TWO 35
TWO 1
COS 0
TWO 30
TWO 1
COS 0
TWO 86
TWO 1
COS 0
TWO 43
TWO 1
COS 0
TWO 88
TWO 1
COS 0
TWO 23
TWO 1
COS 0
TWO 43
TWO 1
COS 0
TWO 7
TWO 1
COS 0
TWO 73
TWO 1
COS 0
TWO 79
TWO 1
COS 0
TWO 69
TWO 1
COS 0
TWO 11
TWO 1
COS 0
TWO 12
TWO 1
COS 0
TWO 84
TWO 1
COS 0
TWO 65
TWO 1
COS 0
TWO 82
TWO 1
COS 0
TWO 20
TWO 1
COS 0
TWO 89
TWO 1
COS 0
TWO 35
TWO 1
COS 0
TWO 60
TWO 1
COS 0
TWO 69
TWO 1
COS 0
TWO 11
TWO 1
COS 0
TWO 28
TWO 1
COS 0
TWO 23
TWO 1
COS 0
TWO 16
TWO 1
COS 0
TWO 88
TWO 1
COS 0
TWO 81
TWO 1
COS 0
TWO 24
TWO 1
COS 0
TWO 63
TWO 1
COS 0
TWO 87
TWO 1
COS 0
TWO 27
TWO 1
COS 0
TWO 57
TWO 1
COS 0
TWO 47
TWO 1
COS 0
TWO 95
TWO 1
COS 0
TWO 91
TWO 1
COS 0
TWO 53
TWO 1
COS 0
TWO 40
TWO 1
COS 0
TWO 66
TWO 1
COS 0
TWO 20
TWO 1
COS 0
TWO 8
TWO 1
COS 0
TWO 80
TWO 1
COS 0
TWO 98
TWO 1
COS 0
TWO 99
TWO 1
COS 0
TWO 74
TWO 1
COS 0
TWO 33
TWO 1
COS 0
TWO 51
TWO 1
COS 0
TWO 71
TWO 1
COS 0
TWO 17
TWO 1
COS 0
TWO 77
TWO 1
COS 0
TWO 76
TWO 1
COS 0
TWO 39
TWO 1
COS 0
TWO 44
TWO 1
COS 0
TWO 10
TWO 1
COS 0
TWO 14
TWO 1
COS 0
TWO 12
TWO 1
COS 0
TWO 64
TWO 1
COS 0
TWO 9
TWO 1
COS 0
TWO 95
TWO 1
COS 0
TWO 38
TWO 1
COS 0
TWO 76
TWO 1
COS 0
TWO 98
TWO 1
COS 0
TWO 72
TWO 1
COS 0
TWO 90
TWO 1
COS 0
TWO 41
TWO 1
COS 0
TWO 39
TWO 1
COS 0
TWO 29
TWO 1
COS 0
TWO 68
TWO 1
COS 0
TWO 9
TWO 1
COS 0
TWO 8
TWO 1
COS 0
TWO 85
TWO 1
COS 0
TWO 7
TWO 1
COS 0
TWO 63
TWO 1
COS 0
TWO 88
TWO 1
COS 0
TWO 32
TWO 1
COS 0
TWO 55
TWO 1
COS 0
TWO 97
TWO 1
COS 0
TWO 85
TWO 1
COS 0
TWO 68
TWO 1
COS 0
TWO 50
TWO 1
COS 0
TWO 87
TWO 1
COS 0
TWO 8
TWO 1
COS 0
TWO 36
TWO 1
COS 0
TWO 47
TWO 1
COS 0
TWO 82
TWO 1
COS 0
TWO 88
TWO 1
COS 0
TWO 21
TWO 1
COS 0
TWO 86
TWO 1
COS 0
TWO 87
TWO 1
COS 0
TWO 89
TWO 1
COS 0
TWO 98
TWO 1
COS 0
TWO 14
TWO 1
COS 0
TWO 9
TWO 1
COS 0
TWO 65
TWO 1
COS 0
TWO 53
TWO 1
COS 0
TWO 19
TWO 1
COS 0
TWO 44
TWO 1
COS 0
TWO 81
TWO 1
COS 0
TWO 87
TWO 1
COS 0
TWO 58
TWO 1
COS 0
TWO 97
TWO 1
COS 0
TWO 52
TWO 1
COS 0
TWO 28
TWO 1
COS 0
TWO 29
TWO 1
COS 0
TWO 74
TWO 1
COS 0
TWO 92
TWO 1
COS 0
TWO 78
TWO 1
COS 0
TWO 47
TWO 1
COS 0
TWO 80
TWO 1
COS 0
TWO 85
TWO 1
COS 0
TWO 74
TWO 1
COS 0
TWO 80
TWO 1
COS 0
TWO 68
TWO 1
COS 0
TWO 13
TWO 1
COS 0
TWO 68
TWO 1
COS 0
TWO 38
TWO 1
COS 0
TWO 90
TWO 1
COS 0
TWO 86
TWO 1
COS 0
TWO 32
TWO 1
COS 0
TWO 27
TWO 1
COS 0
TWO 28
TWO 1
COS 0
TWO 49
TWO 1
COS 0
TWO 80
TWO 1
COS 0
TWO 52
TWO 1
COS 0
TWO 86
TWO 1
COS 0
TWO 21
TWO 1
COS 0
TWO 31
TWO 1
COS 0
TWO 45
TWO 1
COS 0
TWO 43
TWO 1
COS 0
TWO 79
TWO 1
COS 0
TWO 82
TWO 1
COS 0
TWO 6
TWO 1
COS 0
TWO 18
TWO 1
COS 0
TWO 43
TWO 1
COS 0
TWO 51
TWO 1
COS 0
TWO 24
TWO 1
COS 0
TWO 16
TWO 1
COS 0
TWO 5
TWO 1
COS 0
TWO 8
TWO 1
COS 0
TWO 36
TWO 1
COS 0
TWO 98
TWO 1
COS 0
TWO 71
TWO 1
COS 0
TWO 98
TWO 1
COS 0
TWO 48
TWO 1
COS 0
TWO 86
TWO 1
COS 0
TWO 63
TWO 1
COS 0
TWO 63
TWO 1
COS 0
TWO 17
TWO 1
COS 0
TWO 6
TWO 1
COS 0
TWO 34
TWO 1
COS 0
TWO 96
TWO 1
COS 0
TWO 27
TWO 1
COS 0
TWO 98
TWO 1
COS 0
TWO 96
TWO 1
COS 0
TWO 21
TWO 1
COS 0
TWO 55
TWO 1
COS 0
TWO 80
TWO 1
COS 0
TWO 25
TWO 1
COS 0
TWO 87
TWO 1
COS 0
TWO 79
TWO 1
COS 0
TWO 82
TWO 1
COS 0
TWO 17
TWO 1
COS 0
TWO 53
TWO 1
COS 0
TWO 67
TWO 1
COS 0
TWO 14
TWO 1
COS 0
TWO 60
TWO 1
COS 0
TWO 56
TWO 1
COS 0
TWO 55
TWO 1
COS 0
TWO 51
TWO 1
COS 0
TWO 54
TWO 1
COS 0
TWO 95
TWO 1
COS 0
TWO 96
TWO 1
COS 0
TWO 11
TWO 1
COS 0
TWO 61
TWO 1
COS 0
TWO 98
TWO 1
COS 0
TWO 49
TWO 1
COS 0
TWO 26
TWO 1
COS 0
TWO 29
TWO 1
COS 0
TWO 97
TWO 1
COS 0
TWO 44
TWO 1
COS 0
TWO 26
TWO 1
COS 0
TWO 11
TWO 1
COS 0
TWO 44
TWO 1
COS 0
TWO 24
TWO 1
COS 0
TWO 91
TWO 1
COS 0
TWO 63
TWO 1
COS 0
TWO 96
TWO 1
COS 0
TWO 85
TWO 1
COS 0
TWO 86
TWO 1
COS 0
TWO 88
TWO 1
COS 0
TWO 9
TWO 1
COS 0
TWO 83
TWO 1
COS 0
TWO 14
TWO 1
COS 0
TWO 34
TWO 1
COS 0
TWO 22
TWO 1
COS 0
TWO 78
TWO 1
COS 0
TWO 34
TWO 1
COS 0
TWO 68
TWO 1
COS 0
TWO 55
TWO 1
COS 0
TWO 24
TWO 1
COS 0
TWO 80
TWO 1
COS 0
TWO 92
TWO 1
COS 0
TWO 75
TWO 1
COS 0
TWO 34
TWO 1
COS 0
TWO 90
TWO 1
COS 0
TWO 20
TWO 1
COS 0
TWO 86
TWO 1
COS 0
TWO 34
TWO 1
COS 0
TWO 60
TWO 1
COS 0
TWO 17
TWO 1
COS 0
TWO 89
TWO 1
COS 0
TWO 69
TWO 1
COS 0
TWO 61
TWO 1
COS 0
TWO 67
TWO 1
COS 0
TWO 59
TWO 1
COS 0
TWO 76
TWO 1
COS 0
TWO 47
TWO 1
COS 0
TWO 19
TWO 1
COS 0
TWO 30
TWO 1
COS 0
TWO 69
TWO 1
COS 0
TWO 32
TWO 1
COS 0
TWO 99
TWO 1
COS 0
TWO 15
TWO 1
COS 0
TWO 42
TWO 1
COS 0
TWO 12
TWO 1
COS 0
TWO 23
TWO 1
COS 0
TWO 96
TWO 1
COS 0
TWO 8
TWO 1
COS 0
TWO 34
TWO 1
COS 0
TWO 11
TWO 1
COS 0
TWO 77
TWO 1
COS 0
TWO 49
TWO 1
COS 0
TWO 56
TWO 1
COS 0
TWO 26
TWO 1
COS 0
TWO 50
TWO 1
COS 0
TWO 32
TWO 1
COS 0
TWO 87
TWO 1
COS 0
TWO 41
TWO 1
COS 0
TWO 97
TWO 1
COS 0
TWO 92
TWO 1
COS 0
TWO 99
TWO 1
COS 0
TWO 94
TWO 1
COS 0
TWO 92
TWO 1
COS 0
TWO 66
TWO 1
COS 0
TWO 97
TWO 1
COS 0
TWO 87
TWO 1
COS 0
TWO 96
TWO 1
COS 0
TWO 52
TWO 1
COS 0
TWO 71
TWO 1
COS 0
TWO 7
TWO 1
COS 0
TWO 40
TWO 1
COS 0
TWO 19
TWO 1
COS 0
TWO 46
TWO 1
COS 0
TWO 63
TWO 1
COS 0
TWO 91
TWO 1
COS 0
TWO 97
TWO 1
COS 0
TWO 23
TWO 1
COS 0
TWO 98
TWO 1
COS 0
TWO 91
TWO 1
COS 0
TWO 41
TWO 1
COS 0
TWO 61
TWO 1
COS 0
TWO 41
TWO 1
COS 0
TWO 4
COS 0
TWO 5
TWO 6
Test Failure on expectation:
	Expectation: no (more) segments

Failure message:
	The TCPSender sent a segment, but should not have. Segment info:
	Header(flags=,seqno=972706651,ack=0,win=0) with 1 bytes

List of steps that executed successfully:
	Initialized with (retx-timeout=1000) and called fill_window()
	Expectation: segment sent with (A=0,R=0,S=1,F=0,seqno=972706641,payload_size=0,...)
	Action:      ack 972706642 winsize 4
	Expectation: no (more) segments
	Action:      write bytes: "0123456789"
	Expectation: segment sent with (A=0,R=0,S=0,F=0,"0123",...)
	Action:      ack 972706646 winsize 5
	Expectation: segment sent with (A=0,R=0,S=0,F=0,"45678",...)

The test "Window growth is exploited" failed

      Start 15: t_send_ack
15/33 Test #15: t_send_ack .......................***Failed    0.00 sec
TWO 1
COS 0
ONE 1
TWO 1
COS 0
ONE 1
COS 0
ONE 1
TWO 1
COS 0
Test Failure on expectation:
	Expectation: in state `stream started but nothing acknowledged`

Failure message:
	The TCPSender was in state `stream ongoing`, but it was expected to be in state `stream started but nothing acknowledged`

List of steps that executed successfully:
	Initialized with (retx-timeout=1000) and called fill_window()
	Expectation: in state `stream started but nothing acknowledged`
	Expectation: segment sent with (A=0,R=0,S=1,F=0,seqno=951328777,payload_size=0,...)
	Action:      ack 951328779 winsize 1000

The test "Impossible ackno (beyond next seqno) is ignored" failed

      Start 16: t_send_close
16/33 Test #16: t_send_close .....................***Failed    0.00 sec
TWO 1
COS 0
ONE 1
TWO 1
COS 0
ONE 1
COS 0
ONE 1
ONE 2
Test Failure on expectation:
	Expectation: in state `stream finished and fully acknowledged`

Failure message:
	The TCPSender was in state `stream finished (FIN sent) but not fully acknowledged`, but it was expected to be in state `stream finished and fully acknowledged`

List of steps that executed successfully:
	Initialized with (retx-timeout=1000) and called fill_window()
	Expectation: segment sent with (A=0,R=0,S=1,F=0,seqno=3063009010,payload_size=0,...)
	Action:      ack 3063009011 winsize 137
	Expectation: in state `stream ongoing`
	Action:      close
	Expectation: in state `stream finished (FIN sent) but not fully acknowledged`
	Expectation: segment sent with (F=1,seqno=3063009011,...)
	Action:      ack 3063009012 winsize 137

The test "FIN acked test" failed

      Start 17: t_send_extra
17/33 Test #17: t_send_extra .....................***Failed    0.01 sec
TWO 1
COS 0
ONE 3
ONE 6
TWO 1
COS 0
ONE 3
ONE 6
TWO 1
COS 0
ONE 3
ONE 6
COS 3
TWO 1
COS 0
ONE 3
ONE 6
TWO 1
COS 0
ONE 3
ONE 6
ONE 9
COS 6
TWO 1
TWO 2
COS 1
TWO 1453
TWO 2905
Test Failure on expectation:
	Expectation: segment sent with (A=0,R=0,S=0,F=0,seqno=1360992370,payload_size=1452,"tzpjqqildmttttxc...",...)

Failure message:
	The Sender produced a segment with `payload_size = 1`, but payload_size was expected to be `1452`

List of steps that executed successfully:
	Initialized with (retx-timeout=1000) and called fill_window()
	Action:      write bytes: "tzpjqqildmttttxc..."
	Expectation: segment sent with (A=0,R=0,S=1,F=0,seqno=1360992369,payload_size=0,...)
	Action:      ack 1360992370 winsize 52336
	Expectation: in state `stream ongoing`

The test "fill_window() correctly fills a big window" failed

      Start 18: t_strm_reassem_single
18/33 Test #18: t_strm_reassem_single ............   Passed    0.00 sec
      Start 19: t_strm_reassem_seq
19/33 Test #19: t_strm_reassem_seq ...............   Passed    0.00 sec
      Start 20: t_strm_reassem_dup
20/33 Test #20: t_strm_reassem_dup ...............   Passed    0.01 sec
      Start 21: t_strm_reassem_holes
21/33 Test #21: t_strm_reassem_holes .............   Passed    0.00 sec
      Start 22: t_strm_reassem_many
22/33 Test #22: t_strm_reassem_many ..............   Passed    0.46 sec
      Start 23: t_strm_reassem_overlapping
23/33 Test #23: t_strm_reassem_overlapping .......   Passed    0.00 sec
      Start 24: t_strm_reassem_win
24/33 Test #24: t_strm_reassem_win ...............   Passed    0.46 sec
      Start 25: t_strm_reassem_cap
25/33 Test #25: t_strm_reassem_cap ...............   Passed    0.14 sec
      Start 26: t_byte_stream_construction
26/33 Test #26: t_byte_stream_construction .......   Passed    0.00 sec
      Start 27: t_byte_stream_one_write
27/33 Test #27: t_byte_stream_one_write ..........   Passed    0.00 sec
      Start 28: t_byte_stream_two_writes
28/33 Test #28: t_byte_stream_two_writes .........   Passed    0.00 sec
      Start 29: t_byte_stream_capacity
29/33 Test #29: t_byte_stream_capacity ...........   Passed    0.61 sec
      Start 30: t_byte_stream_many_writes
30/33 Test #30: t_byte_stream_many_writes ........   Passed    0.01 sec
      Start 53: t_address_dt
31/33 Test #53: t_address_dt .....................***Failed    0.00 sec
This test requires Internet access and working DNS.
Error: getaddrinfo(www.google.com, https): Temporary failure in name resolution

      Start 54: t_parser_dt
32/33 Test #54: t_parser_dt ......................   Passed    0.00 sec
      Start 55: t_socket_dt
33/33 Test #55: t_socket_dt ......................   Passed    0.01 sec

79% tests passed, 7 tests failed out of 33

Total Test time (real) =   2.20 sec

The following tests FAILED:
	 12 - t_send_transmit (Failed)
	 13 - t_send_retx (Failed)
	 14 - t_send_window (Failed)
	 15 - t_send_ack (Failed)
	 16 - t_send_close (Failed)
	 17 - t_send_extra (Failed)
	 53 - t_address_dt (Failed)
CMakeFiles/check_lab3.dir/build.make:57: recipe for target 'CMakeFiles/check_lab3' failed
CMakeFiles/Makefile2:195: recipe for target 'CMakeFiles/check_lab3.dir/all' failed
CMakeFiles/Makefile2:202: recipe for target 'CMakeFiles/check_lab3.dir/rule' failed
Makefile:181: recipe for target 'check_lab3' failed
